#
# There is insufficient memory for the Java Runtime Environment to continue.
# Native memory allocation (mmap) failed to map 132120576 bytes for committing reserved memory.
# Possible reasons:
#   The system is out of physical RAM or swap space
#   In 32 bit mode, the process size limit was hit
# Possible solutions:
#   Reduce memory load on the system
#   Increase physical memory or swap space
#   Check if swap backing store is full
#   Use 64 bit Java on a 64 bit OS
#   Decrease Java heap size (-Xmx/-Xms)
#   Decrease number of Java threads
#   Decrease Java thread stack sizes (-Xss)
#   Set larger code cache with -XX:ReservedCodeCacheSize=
# This output file may be truncated or incomplete.
#
#  Out of Memory Error (os_linux.cpp:2627), pid=13072, tid=0x00007f31cf5f5700
#
# JRE version: Java(TM) SE Runtime Environment (8.0_121-b13) (build 1.8.0_121-b13)
# Java VM: Java HotSpot(TM) 64-Bit Server VM (25.121-b13 mixed mode linux-amd64 compressed oops)
# Failed to write core dump. Core dumps have been disabled. To enable core dumping, try "ulimit -c unlimited" before starting Java again
#

---------------  T H R E A D  ---------------

Current thread (0x00007f32041c7000):  VMThread [stack: 0x00007f31cf4f5000,0x00007f31cf5f6000] [id=13551]

Stack: [0x00007f31cf4f5000,0x00007f31cf5f6000],  sp=0x00007f31cf5f42e0,  free space=1020k
Native frames: (J=compiled Java code, j=interpreted, Vv=VM code, C=native code)
V  [libjvm.so+0xac703a]  VMError::report_and_die()+0x2ba
V  [libjvm.so+0x4fc7eb]  report_vm_out_of_memory(char const*, int, unsigned long, VMErrorType, char const*)+0x8b
V  [libjvm.so+0x923c43]  os::Linux::commit_memory_impl(char*, unsigned long, bool)+0x103
V  [libjvm.so+0x924199]  os::pd_commit_memory(char*, unsigned long, unsigned long, bool)+0x29
V  [libjvm.so+0x91e4aa]  os::commit_memory(char*, unsigned long, unsigned long, bool)+0x2a
V  [libjvm.so+0x992f03]  PSVirtualSpace::expand_by(unsigned long)+0x53
V  [libjvm.so+0x994308]  PSYoungGen::resize_generation(unsigned long, unsigned long)+0xf8
V  [libjvm.so+0x993462]  PSYoungGen::resize(unsigned long, unsigned long)+0x22
V  [libjvm.so+0x99073b]  PSScavenge::invoke_no_policy()+0xf3b
V  [libjvm.so+0x990ec1]  PSScavenge::invoke()+0x41
V  [libjvm.so+0x947c10]  ParallelScavengeHeap::failed_mem_allocate(unsigned long)+0x70
V  [libjvm.so+0xac8a57]  VM_ParallelGCFailedAllocation::doit()+0x97
V  [libjvm.so+0xad0535]  VM_Operation::evaluate()+0x55
V  [libjvm.so+0xace90a]  VMThread::evaluate_operation(VM_Operation*)+0xba
V  [libjvm.so+0xacec8e]  VMThread::loop()+0x1ce
V  [libjvm.so+0xacf100]  VMThread::run()+0x70
V  [libjvm.so+0x926268]  java_start(Thread*)+0x108

VM_Operation (0x00007f31cdb8c360): ParallelGCFailedAllocation, mode: safepoint, requested by thread 0x00007f320424f000


---------------  P R O C E S S  ---------------

Java Threads: ( => current thread )
  0x00007f3204265000 JavaThread "pool-14-thread-9" [_thread_blocked, id=23723, stack(0x00007f31cd80a000,0x00007f31cd90b000)]
  0x00007f3204263000 JavaThread "pool-14-thread-8" [_thread_blocked, id=23670, stack(0x00007f31cd507000,0x00007f31cd608000)]
  0x00007f3204250800 JavaThread "pool-14-thread-7" [_thread_blocked, id=23652, stack(0x00007f31cd709000,0x00007f31cd80a000)]
  0x00007f3204258000 JavaThread "pool-14-thread-6" [_thread_blocked, id=23626, stack(0x00007f31ce194000,0x00007f31ce295000)]
  0x00007f3204256000 JavaThread "pool-14-thread-5" [_thread_blocked, id=23598, stack(0x00007f31cd406000,0x00007f31cd507000)]
  0x00007f320424c000 JavaThread "pool-14-thread-4" [_thread_blocked, id=23572, stack(0x00007f31cd608000,0x00007f31cd709000)]
  0x00007f320424f000 JavaThread "pool-14-thread-3" [_thread_blocked, id=23553, stack(0x00007f31cda8d000,0x00007f31cdb8e000)]
  0x00007f3204261800 JavaThread "pool-14-thread-2" [_thread_blocked, id=23538, stack(0x00007f31cde91000,0x00007f31cdf92000)]
  0x00007f3204254000 JavaThread "pool-14-thread-1" [_thread_blocked, id=23516, stack(0x00007f31ce295000,0x00007f31ce396000)]
  0x00007f3204211800 JavaThread "Service Thread" daemon [_thread_blocked, id=14295, stack(0x00007f31ce497000,0x00007f31ce598000)]
  0x00007f320420e800 JavaThread "C1 CompilerThread3" daemon [_thread_blocked, id=14266, stack(0x00007f31ce598000,0x00007f31ce699000)]
  0x00007f320420c800 JavaThread "C2 CompilerThread2" daemon [_thread_blocked, id=14220, stack(0x00007f31ce699000,0x00007f31ce79a000)]
  0x00007f320420a800 JavaThread "C2 CompilerThread1" daemon [_thread_blocked, id=14124, stack(0x00007f31ce79a000,0x00007f31ce89b000)]
  0x00007f3204208000 JavaThread "C2 CompilerThread0" daemon [_thread_blocked, id=14073, stack(0x00007f31ce89b000,0x00007f31ce99c000)]
  0x00007f3204206800 JavaThread "Signal Dispatcher" daemon [_thread_blocked, id=13951, stack(0x00007f31ce99c000,0x00007f31cea9d000)]
  0x00007f32041d3000 JavaThread "Finalizer" daemon [_thread_blocked, id=13651, stack(0x00007f31cf2f3000,0x00007f31cf3f4000)]
  0x00007f32041ce800 JavaThread "Reference Handler" daemon [_thread_blocked, id=13566, stack(0x00007f31cf3f4000,0x00007f31cf4f5000)]
  0x00007f3204009800 JavaThread "main" [_thread_blocked, id=13113, stack(0x00007f320d72b000,0x00007f320d82c000)]

Other Threads:
=>0x00007f32041c7000 VMThread [stack: 0x00007f31cf4f5000,0x00007f31cf5f6000] [id=13551]
  0x00007f3204214000 WatcherThread [stack: 0x00007f31ce396000,0x00007f31ce497000] [id=14308]

VM state:at safepoint (normal execution)

VM Mutex/Monitor currently owned by a thread:  ([mutex/lock_event])
[0x00007f3204005e40] Threads_lock - owner thread: 0x00007f32041c7000
[0x00007f3204006340] Heap_lock - owner thread: 0x00007f320424f000

Heap:
 PSYoungGen      total 139264K, used 736K [0x000000076d500000, 0x0000000776700000, 0x00000007c0000000)
  eden space 129024K, 0% used [0x000000076d500000,0x000000076d500000,0x0000000775300000)
  from space 10240K, 7% used [0x0000000775300000,0x00000007753b8020,0x0000000775d00000)
  to   space 10240K, 0% used [0x0000000775d00000,0x0000000775d00000,0x0000000776700000)
 ParOldGen       total 171008K, used 8K [0x00000006c7e00000, 0x00000006d2500000, 0x000000076d500000)
  object space 171008K, 0% used [0x00000006c7e00000,0x00000006c7e02000,0x00000006d2500000)
 Metaspace       used 3272K, capacity 4664K, committed 4864K, reserved 1056768K
  class space    used 340K, capacity 424K, committed 512K, reserved 1048576K

Card table byte_map: [0x00007f3209d1a000,0x00007f320a4dc000] byte_map_base: 0x00007f32066db000

Marking Bits: (ParMarkBitMap*) 0x00007f320cbfec80
 Begin Bits: [0x00007f31ed3f0000, 0x00007f31f11f8000)
 End Bits:   [0x00007f31f11f8000, 0x00007f31f5000000)

Polling page: 0x00007f320d848000

CodeCache: size=245760Kb used=1898Kb max_used=1898Kb free=243861Kb
 bounds [0x00007f31f5000000, 0x00007f31f5270000, 0x00007f3204000000]
 total_blobs=571 nmethods=310 adapters=175
 compilation: enabled

Compilation events (10 events):
Event: 11,165 Thread 0x00007f320420e800  315       3       java.nio.charset.Charset::isSupported (13 bytes)
Event: 11,165 Thread 0x00007f320420e800 nmethod 315 0x00007f31f51c3610 code [0x00007f31f51c3780, 0x00007f31f51c3948]
Event: 11,322 Thread 0x00007f320420e800  316       3       java.util.concurrent.atomic.AtomicInteger::compareAndSet (13 bytes)
Event: 11,322 Thread 0x00007f320420e800 nmethod 316 0x00007f31f51c32d0 code [0x00007f31f51c3420, 0x00007f31f51c3590]
Event: 11,322 Thread 0x00007f320420e800  317       3       java.util.concurrent.locks.AbstractQueuedSynchronizer::compareAndSetWaitStatus (13 bytes)
Event: 11,323 Thread 0x00007f320420e800 nmethod 317 0x00007f31f51c2fd0 code [0x00007f31f51c3120, 0x00007f31f51c3270]
Event: 11,399 Thread 0x00007f320420e800  319       3       java.util.HashMap::putVal (300 bytes)
Event: 11,401 Thread 0x00007f320420e800 nmethod 319 0x00007f31f51db910 code [0x00007f31f51dbb80, 0x00007f31f51dce38]
Event: 11,401 Thread 0x00007f320420e800  318       3       java.util.HashMap::put (13 bytes)
Event: 11,401 Thread 0x00007f320420e800 nmethod 318 0x00007f31f51c2950 code [0x00007f31f51c2ae0, 0x00007f31f51c2e98]

GC Heap History (5 events):
Event: 4,730 GC heap before
{Heap before GC invocations=1 (full 0):
 PSYoungGen      total 74752K, used 64512K [0x000000076d500000, 0x0000000772800000, 0x00000007c0000000)
  eden space 64512K, 100% used [0x000000076d500000,0x0000000771400000,0x0000000771400000)
  from space 10240K, 0% used [0x0000000771e00000,0x0000000771e00000,0x0000000772800000)
  to   space 10240K, 0% used [0x0000000771400000,0x0000000771400000,0x0000000771e00000)
 ParOldGen       total 171008K, used 0K [0x00000006c7e00000, 0x00000006d2500000, 0x000000076d500000)
  object space 171008K, 0% used [0x00000006c7e00000,0x00000006c7e00000,0x00000006d2500000)
 Metaspace       used 3206K, capacity 4664K, committed 4864K, reserved 1056768K
  class space    used 340K, capacity 424K, committed 512K, reserved 1048576K
Event: 4,787 GC heap after
Heap after GC invocations=1 (full 0):
 PSYoungGen      total 74752K, used 786K [0x000000076d500000, 0x0000000776700000, 0x00000007c0000000)
  eden space 64512K, 0% used [0x000000076d500000,0x000000076d500000,0x0000000771400000)
  from space 10240K, 7% used [0x0000000771400000,0x00000007714c4918,0x0000000771e00000)
  to   space 10240K, 0% used [0x0000000775d00000,0x0000000775d00000,0x0000000776700000)
 ParOldGen       total 171008K, used 0K [0x00000006c7e00000, 0x00000006d2500000, 0x000000076d500000)
  object space 171008K, 0% used [0x00000006c7e00000,0x00000006c7e00000,0x00000006d2500000)
 Metaspace       used 3206K, capacity 4664K, committed 4864K, reserved 1056768K
  class space    used 340K, capacity 424K, committed 512K, reserved 1048576K
}
Event: 7,373 GC heap before
{Heap before GC invocations=2 (full 0):
 PSYoungGen      total 74752K, used 65298K [0x000000076d500000, 0x0000000776700000, 0x00000007c0000000)
  eden space 64512K, 100% used [0x000000076d500000,0x0000000771400000,0x0000000771400000)
  from space 10240K, 7% used [0x0000000771400000,0x00000007714c4918,0x0000000771e00000)
  to   space 10240K, 0% used [0x0000000775d00000,0x0000000775d00000,0x0000000776700000)
 ParOldGen       total 171008K, used 0K [0x00000006c7e00000, 0x00000006d2500000, 0x000000076d500000)
  object space 171008K, 0% used [0x00000006c7e00000,0x00000006c7e00000,0x00000006d2500000)
 Metaspace       used 3226K, capacity 4664K, committed 4864K, reserved 1056768K
  class space    used 340K, capacity 424K, committed 512K, reserved 1048576K
Event: 7,407 GC heap after
Heap after GC invocations=2 (full 0):
 PSYoungGen      total 139264K, used 640K [0x000000076d500000, 0x0000000776700000, 0x00000007c0000000)
  eden space 129024K, 0% used [0x000000076d500000,0x000000076d500000,0x0000000775300000)
  from space 10240K, 6% used [0x0000000775d00000,0x0000000775da0020,0x0000000776700000)
  to   space 10240K, 0% used [0x0000000775300000,0x0000000775300000,0x0000000775d00000)
 ParOldGen       total 171008K, used 8K [0x00000006c7e00000, 0x00000006d2500000, 0x000000076d500000)
  object space 171008K, 0% used [0x00000006c7e00000,0x00000006c7e02000,0x00000006d2500000)
 Metaspace       used 3226K, capacity 4664K, committed 4864K, reserved 1056768K
  class space    used 340K, capacity 424K, committed 512K, reserved 1048576K
}
Event: 11,787 GC heap before
{Heap before GC invocations=3 (full 0):
 PSYoungGen      total 139264K, used 129664K [0x000000076d500000, 0x0000000776700000, 0x00000007c0000000)
  eden space 129024K, 100% used [0x000000076d500000,0x0000000775300000,0x0000000775300000)
  from space 10240K, 6% used [0x0000000775d00000,0x0000000775da0020,0x0000000776700000)
  to   space 10240K, 0% used [0x0000000775300000,0x0000000775300000,0x0000000775d00000)
 ParOldGen       total 171008K, used 8K [0x00000006c7e00000, 0x00000006d2500000, 0x000000076d500000)
  object space 171008K, 0% used [0x00000006c7e00000,0x00000006c7e02000,0x00000006d2500000)
 Metaspace       used 3272K, capacity 4664K, committed 4864K, reserved 1056768K
  class space    used 340K, capacity 424K, committed 512K, reserved 1048576K

Deoptimization events (10 events):
Event: 4,476 Thread 0x00007f3204252800 Uncommon trap: reason=array_check action=maybe_recompile pc=0x00007f31f51725f8 method=java.util.AbstractCollection.toArray([Ljava/lang/Object;)[Ljava/lang/Object; @ 119
Event: 4,479 Thread 0x00007f3204258000 Uncommon trap: reason=array_check action=maybe_recompile pc=0x00007f31f51725f8 method=java.util.AbstractCollection.toArray([Ljava/lang/Object;)[Ljava/lang/Object; @ 119
Event: 5,589 Thread 0x00007f3204252800 Uncommon trap: reason=unstable_if action=reinterpret pc=0x00007f31f518d100 method=java.io.BufferedReader.readLine(Z)Ljava/lang/String; @ 55
Event: 5,589 Thread 0x00007f320424c000 Uncommon trap: reason=unstable_if action=reinterpret pc=0x00007f31f518baf4 method=java.io.BufferedReader.readLine(Z)Ljava/lang/String; @ 55
Event: 5,590 Thread 0x00007f320424f000 Uncommon trap: reason=unstable_if action=reinterpret pc=0x00007f31f518d100 method=java.io.BufferedReader.readLine(Z)Ljava/lang/String; @ 55
Event: 5,591 Thread 0x00007f3204256000 Uncommon trap: reason=unstable_if action=reinterpret pc=0x00007f31f518d100 method=java.io.BufferedReader.readLine(Z)Ljava/lang/String; @ 55
Event: 5,592 Thread 0x00007f3204254000 Uncommon trap: reason=unstable_if action=reinterpret pc=0x00007f31f518d100 method=java.io.BufferedReader.readLine(Z)Ljava/lang/String; @ 55
Event: 5,592 Thread 0x00007f3204258000 Uncommon trap: reason=unstable_if action=reinterpret pc=0x00007f31f518d100 method=java.io.BufferedReader.readLine(Z)Ljava/lang/String; @ 55
Event: 5,653 Thread 0x00007f320425e000 Uncommon trap: reason=unstable_if action=reinterpret pc=0x00007f31f518d100 method=java.io.BufferedReader.readLine(Z)Ljava/lang/String; @ 55
Event: 5,653 Thread 0x00007f320425c000 Uncommon trap: reason=unstable_if action=reinterpret pc=0x00007f31f518d100 method=java.io.BufferedReader.readLine(Z)Ljava/lang/String; @ 55

Internal exceptions (2 events):
Event: 0,203 Thread 0x00007f3204009800 Exception <a 'java/lang/NoSuchMethodError': Method sun.misc.Unsafe.defineClass(Ljava/lang/String;[BII)Ljava/lang/Class; name or signature does not match> (0x000000076d507ca8) thrown at [/HUDSON3/workspace/8-2-build-linux-amd64/jdk8u121/8372/hotspot/src/sh
Event: 0,203 Thread 0x00007f3204009800 Exception <a 'java/lang/NoSuchMethodError': Method sun.misc.Unsafe.prefetchRead(Ljava/lang/Object;J)V name or signature does not match> (0x000000076d507f90) thrown at [/HUDSON3/workspace/8-2-build-linux-amd64/jdk8u121/8372/hotspot/src/share/vm/prims/jni.c

Events (10 events):
Event: 11,445 Thread 0x00007f3204261800 Thread added: 0x00007f3204261800
Event: 11,469 Thread 0x00007f320424f000 Thread added: 0x00007f320424f000
Event: 11,521 Thread 0x00007f320424c000 Thread added: 0x00007f320424c000
Event: 11,601 Thread 0x00007f3204256000 Thread added: 0x00007f3204256000
Event: 11,627 Thread 0x00007f3204258000 Thread added: 0x00007f3204258000
Event: 11,648 Thread 0x00007f3204250800 Thread added: 0x00007f3204250800
Event: 11,729 Thread 0x00007f3204263000 Thread added: 0x00007f3204263000
Event: 11,729 Thread 0x00007f3204265000 Thread exited: 0x00007f3204265000
Event: 11,736 Executing VM operation: ParallelGCFailedAllocation
Event: 11,749 Thread 0x00007f3204265000 Thread added: 0x00007f3204265000


Dynamic libraries:
00400000-00401000 r-xp 00000000 08:01 13378836                           /usr/lib/jvm/java-8-oracle/jre/bin/java
00600000-00601000 rw-p 00000000 08:01 13378836                           /usr/lib/jvm/java-8-oracle/jre/bin/java
0172d000-0174e000 rw-p 00000000 00:00 0                                  [heap]
6c7e00000-6d2500000 rw-p 00000000 00:00 0 
6d2500000-76d500000 ---p 00000000 00:00 0 
76d500000-776700000 rw-p 00000000 00:00 0 
77e500000-7c0000000 ---p 00000000 00:00 0 
7c0000000-7c0080000 rw-p 00000000 00:00 0 
7c0080000-800000000 ---p 00000000 00:00 0 
7f3164000000-7f3164021000 rw-p 00000000 00:00 0 
7f3164021000-7f3168000000 ---p 00000000 00:00 0 
7f3168000000-7f3168021000 rw-p 00000000 00:00 0 
7f3168021000-7f316c000000 ---p 00000000 00:00 0 
7f316c000000-7f316c021000 rw-p 00000000 00:00 0 
7f316c021000-7f3170000000 ---p 00000000 00:00 0 
7f3170000000-7f3170021000 rw-p 00000000 00:00 0 
7f3170021000-7f3174000000 ---p 00000000 00:00 0 
7f3174000000-7f3174021000 rw-p 00000000 00:00 0 
7f3174021000-7f3178000000 ---p 00000000 00:00 0 
7f3178000000-7f3178021000 rw-p 00000000 00:00 0 
7f3178021000-7f317c000000 ---p 00000000 00:00 0 
7f317c000000-7f317c021000 rw-p 00000000 00:00 0 
7f317c021000-7f3180000000 ---p 00000000 00:00 0 
7f3180000000-7f3180021000 rw-p 00000000 00:00 0 
7f3180021000-7f3184000000 ---p 00000000 00:00 0 
7f3184000000-7f3184021000 rw-p 00000000 00:00 0 
7f3184021000-7f3188000000 ---p 00000000 00:00 0 
7f3188000000-7f3188021000 rw-p 00000000 00:00 0 
7f3188021000-7f318c000000 ---p 00000000 00:00 0 
7f318c000000-7f318c021000 rw-p 00000000 00:00 0 
7f318c021000-7f3190000000 ---p 00000000 00:00 0 
7f3190000000-7f3190021000 rw-p 00000000 00:00 0 
7f3190021000-7f3194000000 ---p 00000000 00:00 0 
7f3194000000-7f3194021000 rw-p 00000000 00:00 0 
7f3194021000-7f3198000000 ---p 00000000 00:00 0 
7f3198000000-7f3198021000 rw-p 00000000 00:00 0 
7f3198021000-7f319c000000 ---p 00000000 00:00 0 
7f319c000000-7f319c021000 rw-p 00000000 00:00 0 
7f319c021000-7f31a0000000 ---p 00000000 00:00 0 
7f31a0000000-7f31a0021000 rw-p 00000000 00:00 0 
7f31a0021000-7f31a4000000 ---p 00000000 00:00 0 
7f31a4000000-7f31a42a4000 rw-p 00000000 00:00 0 
7f31a42a4000-7f31a8000000 ---p 00000000 00:00 0 
7f31a8000000-7f31a8021000 rw-p 00000000 00:00 0 
7f31a8021000-7f31ac000000 ---p 00000000 00:00 0 
7f31ac000000-7f31ac2fa000 rw-p 00000000 00:00 0 
7f31ac2fa000-7f31b0000000 ---p 00000000 00:00 0 
7f31b0000000-7f31b0443000 rw-p 00000000 00:00 0 
7f31b0443000-7f31b4000000 ---p 00000000 00:00 0 
7f31b4000000-7f31b4021000 rw-p 00000000 00:00 0 
7f31b4021000-7f31b8000000 ---p 00000000 00:00 0 
7f31b8000000-7f31b847e000 rw-p 00000000 00:00 0 
7f31b847e000-7f31bc000000 ---p 00000000 00:00 0 
7f31bc000000-7f31bc021000 rw-p 00000000 00:00 0 
7f31bc021000-7f31c0000000 ---p 00000000 00:00 0 
7f31c0000000-7f31c0021000 rw-p 00000000 00:00 0 
7f31c0021000-7f31c4000000 ---p 00000000 00:00 0 
7f31c4000000-7f31c4029000 rw-p 00000000 00:00 0 
7f31c4029000-7f31c8000000 ---p 00000000 00:00 0 
7f31c8000000-7f31c8021000 rw-p 00000000 00:00 0 
7f31c8021000-7f31cc000000 ---p 00000000 00:00 0 
7f31cd17f000-7f31cd406000 rw-p 00000000 00:00 0 
7f31cd406000-7f31cd409000 ---p 00000000 00:00 0 
7f31cd409000-7f31cd507000 rw-p 00000000 00:00 0 
7f31cd507000-7f31cd50a000 ---p 00000000 00:00 0 
7f31cd50a000-7f31cd608000 rw-p 00000000 00:00 0 
7f31cd608000-7f31cd60b000 ---p 00000000 00:00 0 
7f31cd60b000-7f31cd709000 rw-p 00000000 00:00 0 
7f31cd709000-7f31cd70c000 ---p 00000000 00:00 0 
7f31cd70c000-7f31cd80a000 rw-p 00000000 00:00 0 
7f31cd80a000-7f31cd80d000 ---p 00000000 00:00 0 
7f31cd80d000-7f31cd90b000 rw-p 00000000 00:00 0 
7f31cd98c000-7f31cd98f000 ---p 00000000 00:00 0 
7f31cd98f000-7f31cda8d000 rw-p 00000000 00:00 0 
7f31cda8d000-7f31cda90000 ---p 00000000 00:00 0 
7f31cda90000-7f31cdb8e000 rw-p 00000000 00:00 0 
7f31cdb8e000-7f31cdb91000 ---p 00000000 00:00 0 
7f31cdb91000-7f31cdc8f000 rw-p 00000000 00:00 0 
7f31cdc8f000-7f31cdc92000 ---p 00000000 00:00 0 
7f31cdc92000-7f31cdd90000 rw-p 00000000 00:00 0 
7f31cdd90000-7f31cdd93000 ---p 00000000 00:00 0 
7f31cdd93000-7f31cde91000 rw-p 00000000 00:00 0 
7f31cde91000-7f31cde94000 ---p 00000000 00:00 0 
7f31cde94000-7f31cdf92000 rw-p 00000000 00:00 0 
7f31cdf92000-7f31cdf95000 ---p 00000000 00:00 0 
7f31cdf95000-7f31ce093000 rw-p 00000000 00:00 0 
7f31ce093000-7f31ce096000 ---p 00000000 00:00 0 
7f31ce096000-7f31ce194000 rw-p 00000000 00:00 0 
7f31ce194000-7f31ce197000 ---p 00000000 00:00 0 
7f31ce197000-7f31ce295000 rw-p 00000000 00:00 0 
7f31ce295000-7f31ce298000 ---p 00000000 00:00 0 
7f31ce298000-7f31ce396000 rw-p 00000000 00:00 0 
7f31ce396000-7f31ce397000 ---p 00000000 00:00 0 
7f31ce397000-7f31ce497000 rw-p 00000000 00:00 0 
7f31ce497000-7f31ce49a000 ---p 00000000 00:00 0 
7f31ce49a000-7f31ce598000 rw-p 00000000 00:00 0 
7f31ce598000-7f31ce59b000 ---p 00000000 00:00 0 
7f31ce59b000-7f31ce699000 rw-p 00000000 00:00 0 
7f31ce699000-7f31ce69c000 ---p 00000000 00:00 0 
7f31ce69c000-7f31ce79a000 rw-p 00000000 00:00 0 
7f31ce79a000-7f31ce79d000 ---p 00000000 00:00 0 
7f31ce79d000-7f31ce89b000 rw-p 00000000 00:00 0 
7f31ce89b000-7f31ce89e000 ---p 00000000 00:00 0 
7f31ce89e000-7f31ce99c000 rw-p 00000000 00:00 0 
7f31ce99c000-7f31ce99f000 ---p 00000000 00:00 0 
7f31ce99f000-7f31cea9d000 rw-p 00000000 00:00 0 
7f31cea9d000-7f31cf2f3000 r--p 00000000 08:01 13376312                   /usr/lib/locale/locale-archive
7f31cf2f3000-7f31cf2f6000 ---p 00000000 00:00 0 
7f31cf2f6000-7f31cf3f4000 rw-p 00000000 00:00 0 
7f31cf3f4000-7f31cf3f7000 ---p 00000000 00:00 0 
7f31cf3f7000-7f31cf4f5000 rw-p 00000000 00:00 0 
7f31cf4f5000-7f31cf4f6000 ---p 00000000 00:00 0 
7f31cf4f6000-7f31d0000000 rw-p 00000000 00:00 0 
7f31d0000000-7f31d0021000 rw-p 00000000 00:00 0 
7f31d0021000-7f31d4000000 ---p 00000000 00:00 0 
7f31d4000000-7f31d4021000 rw-p 00000000 00:00 0 
7f31d4021000-7f31d8000000 ---p 00000000 00:00 0 
7f31d8000000-7f31d8021000 rw-p 00000000 00:00 0 
7f31d8021000-7f31dc000000 ---p 00000000 00:00 0 
7f31dc000000-7f31dc021000 rw-p 00000000 00:00 0 
7f31dc021000-7f31e0000000 ---p 00000000 00:00 0 
7f31e0000000-7f31e0021000 rw-p 00000000 00:00 0 
7f31e0021000-7f31e4000000 ---p 00000000 00:00 0 
7f31e4000000-7f31e4021000 rw-p 00000000 00:00 0 
7f31e4021000-7f31e8000000 ---p 00000000 00:00 0 
7f31e8000000-7f31e8021000 rw-p 00000000 00:00 0 
7f31e8021000-7f31ec000000 ---p 00000000 00:00 0 
7f31ec041000-7f31ed1a1000 rw-p 00000000 00:00 0 
7f31ed1a1000-7f31ed37a000 r--s 03d3e000 08:01 13378846                   /usr/lib/jvm/java-8-oracle/jre/lib/rt.jar
7f31ed37a000-7f31f5000000 rw-p 00000000 00:00 0 
7f31f5000000-7f31f5270000 rwxp 00000000 00:00 0 
7f31f5270000-7f3204000000 ---p 00000000 00:00 0 
7f3204000000-7f3204269000 rw-p 00000000 00:00 0 
7f3204269000-7f3208000000 ---p 00000000 00:00 0 
7f3208025000-7f3208465000 rw-p 00000000 00:00 0 
7f3208465000-7f3208825000 ---p 00000000 00:00 0 
7f3208825000-7f3208fe6000 rw-p 00000000 00:00 0 
7f3208fe6000-7f3208fe7000 ---p 00000000 00:00 0 
7f3208fe7000-7f32090e7000 rw-p 00000000 00:00 0 
7f32090e7000-7f32090e8000 ---p 00000000 00:00 0 
7f32090e8000-7f32091e8000 rw-p 00000000 00:00 0 
7f32091e8000-7f32091e9000 ---p 00000000 00:00 0 
7f32091e9000-7f32092e9000 rw-p 00000000 00:00 0 
7f32092e9000-7f32092ea000 ---p 00000000 00:00 0 
7f32092ea000-7f32093ea000 rw-p 00000000 00:00 0 
7f32093ea000-7f32093eb000 ---p 00000000 00:00 0 
7f32093eb000-7f32094eb000 rw-p 00000000 00:00 0 
7f32094eb000-7f32094ec000 ---p 00000000 00:00 0 
7f32094ec000-7f32095ec000 rw-p 00000000 00:00 0 
7f32095ec000-7f32095ed000 ---p 00000000 00:00 0 
7f32095ed000-7f32096ed000 rw-p 00000000 00:00 0 
7f32096ed000-7f32096ee000 ---p 00000000 00:00 0 
7f32096ee000-7f3209842000 rw-p 00000000 00:00 0 
7f3209842000-7f3209d1a000 ---p 00000000 00:00 0 
7f3209d1a000-7f3209d6e000 rw-p 00000000 00:00 0 
7f3209d6e000-7f320a245000 ---p 00000000 00:00 0 
7f320a245000-7f320a28f000 rw-p 00000000 00:00 0 
7f320a28f000-7f320a4db000 ---p 00000000 00:00 0 
7f320a4db000-7f320a4e6000 rw-p 00000000 00:00 0 
7f320a4e6000-7f320a89c000 ---p 00000000 00:00 0 
7f320a89c000-7f320a8b6000 r-xp 00000000 08:01 13380245                   /usr/lib/jvm/java-8-oracle/jre/lib/amd64/libzip.so
7f320a8b6000-7f320aab6000 ---p 0001a000 08:01 13380245                   /usr/lib/jvm/java-8-oracle/jre/lib/amd64/libzip.so
7f320aab6000-7f320aab7000 rw-p 0001a000 08:01 13380245                   /usr/lib/jvm/java-8-oracle/jre/lib/amd64/libzip.so
7f320aab7000-7f320aac1000 r-xp 00000000 08:01 2888166                    /lib/x86_64-linux-gnu/libnss_files-2.19.so
7f320aac1000-7f320acc0000 ---p 0000a000 08:01 2888166                    /lib/x86_64-linux-gnu/libnss_files-2.19.so
7f320acc0000-7f320acc1000 r--p 00009000 08:01 2888166                    /lib/x86_64-linux-gnu/libnss_files-2.19.so
7f320acc1000-7f320acc2000 rw-p 0000a000 08:01 2888166                    /lib/x86_64-linux-gnu/libnss_files-2.19.so
7f320acc2000-7f320accd000 r-xp 00000000 08:01 2888176                    /lib/x86_64-linux-gnu/libnss_nis-2.19.so
7f320accd000-7f320aecc000 ---p 0000b000 08:01 2888176                    /lib/x86_64-linux-gnu/libnss_nis-2.19.so
7f320aecc000-7f320aecd000 r--p 0000a000 08:01 2888176                    /lib/x86_64-linux-gnu/libnss_nis-2.19.so
7f320aecd000-7f320aece000 rw-p 0000b000 08:01 2888176                    /lib/x86_64-linux-gnu/libnss_nis-2.19.so
7f320aece000-7f320aee5000 r-xp 00000000 08:01 2888160                    /lib/x86_64-linux-gnu/libnsl-2.19.so
7f320aee5000-7f320b0e4000 ---p 00017000 08:01 2888160                    /lib/x86_64-linux-gnu/libnsl-2.19.so
7f320b0e4000-7f320b0e5000 r--p 00016000 08:01 2888160                    /lib/x86_64-linux-gnu/libnsl-2.19.so
7f320b0e5000-7f320b0e6000 rw-p 00017000 08:01 2888160                    /lib/x86_64-linux-gnu/libnsl-2.19.so
7f320b0e6000-7f320b0e8000 rw-p 00000000 00:00 0 
7f320b0e8000-7f320b0f1000 r-xp 00000000 08:01 2888162                    /lib/x86_64-linux-gnu/libnss_compat-2.19.so
7f320b0f1000-7f320b2f0000 ---p 00009000 08:01 2888162                    /lib/x86_64-linux-gnu/libnss_compat-2.19.so
7f320b2f0000-7f320b2f1000 r--p 00008000 08:01 2888162                    /lib/x86_64-linux-gnu/libnss_compat-2.19.so
7f320b2f1000-7f320b2f2000 rw-p 00009000 08:01 2888162                    /lib/x86_64-linux-gnu/libnss_compat-2.19.so
7f320b2f2000-7f320b31d000 r-xp 00000000 08:01 13380270                   /usr/lib/jvm/java-8-oracle/jre/lib/amd64/libjava.so
7f320b31d000-7f320b51c000 ---p 0002b000 08:01 13380270                   /usr/lib/jvm/java-8-oracle/jre/lib/amd64/libjava.so
7f320b51c000-7f320b51e000 rw-p 0002a000 08:01 13380270                   /usr/lib/jvm/java-8-oracle/jre/lib/amd64/libjava.so
7f320b51e000-7f320b52b000 r-xp 00000000 08:01 13380289                   /usr/lib/jvm/java-8-oracle/jre/lib/amd64/libverify.so
7f320b52b000-7f320b72a000 ---p 0000d000 08:01 13380289                   /usr/lib/jvm/java-8-oracle/jre/lib/amd64/libverify.so
7f320b72a000-7f320b72c000 rw-p 0000c000 08:01 13380289                   /usr/lib/jvm/java-8-oracle/jre/lib/amd64/libverify.so
7f320b72c000-7f320b733000 r-xp 00000000 08:01 2888219                    /lib/x86_64-linux-gnu/librt-2.19.so
7f320b733000-7f320b932000 ---p 00007000 08:01 2888219                    /lib/x86_64-linux-gnu/librt-2.19.so
7f320b932000-7f320b933000 r--p 00006000 08:01 2888219                    /lib/x86_64-linux-gnu/librt-2.19.so
7f320b933000-7f320b934000 rw-p 00007000 08:01 2888219                    /lib/x86_64-linux-gnu/librt-2.19.so
7f320b934000-7f320ba39000 r-xp 00000000 08:01 2888141                    /lib/x86_64-linux-gnu/libm-2.19.so
7f320ba39000-7f320bc38000 ---p 00105000 08:01 2888141                    /lib/x86_64-linux-gnu/libm-2.19.so
7f320bc38000-7f320bc39000 r--p 00104000 08:01 2888141                    /lib/x86_64-linux-gnu/libm-2.19.so
7f320bc39000-7f320bc3a000 rw-p 00105000 08:01 2888141                    /lib/x86_64-linux-gnu/libm-2.19.so
7f320bc3a000-7f320c908000 r-xp 00000000 08:01 13380286                   /usr/lib/jvm/java-8-oracle/jre/lib/amd64/server/libjvm.so
7f320c908000-7f320cb08000 ---p 00cce000 08:01 13380286                   /usr/lib/jvm/java-8-oracle/jre/lib/amd64/server/libjvm.so
7f320cb08000-7f320cbe1000 rw-p 00cce000 08:01 13380286                   /usr/lib/jvm/java-8-oracle/jre/lib/amd64/server/libjvm.so
7f320cbe1000-7f320cc2c000 rw-p 00000000 00:00 0 
7f320cc2c000-7f320cde6000 r-xp 00000000 08:01 2888091                    /lib/x86_64-linux-gnu/libc-2.19.so
7f320cde6000-7f320cfe6000 ---p 001ba000 08:01 2888091                    /lib/x86_64-linux-gnu/libc-2.19.so
7f320cfe6000-7f320cfea000 r--p 001ba000 08:01 2888091                    /lib/x86_64-linux-gnu/libc-2.19.so
7f320cfea000-7f320cfec000 rw-p 001be000 08:01 2888091                    /lib/x86_64-linux-gnu/libc-2.19.so
7f320cfec000-7f320cff1000 rw-p 00000000 00:00 0 
7f320cff1000-7f320cff4000 r-xp 00000000 08:01 2888108                    /lib/x86_64-linux-gnu/libdl-2.19.so
7f320cff4000-7f320d1f3000 ---p 00003000 08:01 2888108                    /lib/x86_64-linux-gnu/libdl-2.19.so
7f320d1f3000-7f320d1f4000 r--p 00002000 08:01 2888108                    /lib/x86_64-linux-gnu/libdl-2.19.so
7f320d1f4000-7f320d1f5000 rw-p 00003000 08:01 2888108                    /lib/x86_64-linux-gnu/libdl-2.19.so
7f320d1f5000-7f320d20a000 r-xp 00000000 08:01 13380253                   /usr/lib/jvm/java-8-oracle/jre/lib/amd64/jli/libjli.so
7f320d20a000-7f320d40a000 ---p 00015000 08:01 13380253                   /usr/lib/jvm/java-8-oracle/jre/lib/amd64/jli/libjli.so
7f320d40a000-7f320d40b000 rw-p 00015000 08:01 13380253                   /usr/lib/jvm/java-8-oracle/jre/lib/amd64/jli/libjli.so
7f320d40b000-7f320d424000 r-xp 00000000 08:01 2888211                    /lib/x86_64-linux-gnu/libpthread-2.19.so
7f320d424000-7f320d623000 ---p 00019000 08:01 2888211                    /lib/x86_64-linux-gnu/libpthread-2.19.so
7f320d623000-7f320d624000 r--p 00018000 08:01 2888211                    /lib/x86_64-linux-gnu/libpthread-2.19.so
7f320d624000-7f320d625000 rw-p 00019000 08:01 2888211                    /lib/x86_64-linux-gnu/libpthread-2.19.so
7f320d625000-7f320d629000 rw-p 00000000 00:00 0 
7f320d629000-7f320d64c000 r-xp 00000000 08:01 2888067                    /lib/x86_64-linux-gnu/ld-2.19.so
7f320d682000-7f320d72b000 rw-p 00000000 00:00 0 
7f320d72b000-7f320d72e000 ---p 00000000 00:00 0 
7f320d72e000-7f320d830000 rw-p 00000000 00:00 0 
7f320d83c000-7f320d83d000 rw-p 00000000 00:00 0 
7f320d83d000-7f320d83f000 r--s 0001b000 08:01 11286680                   /home/nabegh/Bachelor/SubjectooSim/Run.jar
7f320d83f000-7f320d847000 rw-s 00000000 08:01 12058648                   /tmp/hsperfdata_nabegh/13072
7f320d847000-7f320d848000 rw-p 00000000 00:00 0 
7f320d848000-7f320d849000 ---p 00000000 00:00 0 
7f320d849000-7f320d84b000 rw-p 00000000 00:00 0 
7f320d84b000-7f320d84c000 r--p 00022000 08:01 2888067                    /lib/x86_64-linux-gnu/ld-2.19.so
7f320d84c000-7f320d84d000 rw-p 00023000 08:01 2888067                    /lib/x86_64-linux-gnu/ld-2.19.so
7f320d84d000-7f320d84e000 rw-p 00000000 00:00 0 
7ffe46d02000-7ffe46d23000 rw-p 00000000 00:00 0                          [stack]
7ffe46d8a000-7ffe46d8c000 r--p 00000000 00:00 0                          [vvar]
7ffe46d8c000-7ffe46d8e000 r-xp 00000000 00:00 0                          [vdso]
ffffffffff600000-ffffffffff601000 r-xp 00000000 00:00 0                  [vsyscall]

VM Arguments:
java_command: /home/nabegh/Bachelor/SubjectooSim/Run.jar false 0.975 50 2017-07-11 2
java_class_path (initial): /home/nabegh/Bachelor/SubjectooSim/Run.jar
Launcher Type: SUN_STANDARD

Environment Variables:
JAVA_HOME=/usr/lib/jvm/java-8-oracle
PATH=/usr/local/sbin:/usr/local/bin:/usr/sbin:/usr/bin:/sbin:/bin:/usr/games:/usr/local/games:/usr/lib/jvm/java-8-oracle/bin:/usr/lib/jvm/java-8-oracle/db/bin:/usr/lib/jvm/java-8-oracle/jre/bin
SHELL=/bin/bash
DISPLAY=:0

Signal Handlers:
SIGSEGV: [libjvm.so+0xac78c0], sa_mask[0]=11111111011111111101111111111110, sa_flags=SA_RESTART|SA_SIGINFO
SIGBUS: [libjvm.so+0xac78c0], sa_mask[0]=11111111011111111101111111111110, sa_flags=SA_RESTART|SA_SIGINFO
SIGFPE: [libjvm.so+0x920ac0], sa_mask[0]=11111111011111111101111111111110, sa_flags=SA_RESTART|SA_SIGINFO
SIGPIPE: [libjvm.so+0x920ac0], sa_mask[0]=11111111011111111101111111111110, sa_flags=SA_RESTART|SA_SIGINFO
SIGXFSZ: [libjvm.so+0x920ac0], sa_mask[0]=11111111011111111101111111111110, sa_flags=SA_RESTART|SA_SIGINFO
SIGILL: [libjvm.so+0x920ac0], sa_mask[0]=11111111011111111101111111111110, sa_flags=SA_RESTART|SA_SIGINFO
SIGUSR1: SIG_DFL, sa_mask[0]=00000000000000000000000000000000, sa_flags=none
SIGUSR2: [libjvm.so+0x922300], sa_mask[0]=00000000000000000000000000000000, sa_flags=SA_RESTART|SA_SIGINFO
SIGHUP: [libjvm.so+0x923700], sa_mask[0]=11111111011111111101111111111110, sa_flags=SA_RESTART|SA_SIGINFO
SIGINT: [libjvm.so+0x923700], sa_mask[0]=11111111011111111101111111111110, sa_flags=SA_RESTART|SA_SIGINFO
SIGTERM: [libjvm.so+0x923700], sa_mask[0]=11111111011111111101111111111110, sa_flags=SA_RESTART|SA_SIGINFO
SIGQUIT: [libjvm.so+0x923700], sa_mask[0]=11111111011111111101111111111110, sa_flags=SA_RESTART|SA_SIGINFO


---------------  S Y S T E M  ---------------

OS:DISTRIB_ID=Ubuntu
DISTRIB_RELEASE=14.04
DISTRIB_CODENAME=trusty
DISTRIB_DESCRIPTION="Ubuntu 14.04.5 LTS"

uname:Linux 4.4.0-53-generic #74~14.04.1-Ubuntu SMP Fri Dec 2 03:43:31 UTC 2016 x86_64
libc:glibc 2.19 NPTL 2.19 
rlimit: STACK 8192k, CORE 0k, NPROC 63408, NOFILE 4096, AS infinity
load average:164,85 97,47 50,96

/proc/meminfo:
MemTotal:       16257156 kB
MemFree:          137080 kB
MemAvailable:      16664 kB
Buffers:             688 kB
Cached:           422200 kB
SwapCached:        61412 kB
Active:         13655104 kB
Inactive:        1760704 kB
Active(anon):   13636320 kB
Inactive(anon):  1724332 kB
Active(file):      18784 kB
Inactive(file):    36372 kB
Unevictable:          64 kB
Mlocked:              64 kB
SwapTotal:      16601084 kB
SwapFree:            180 kB
Dirty:                 0 kB
Writeback:             0 kB
AnonPages:      14933940 kB
Mapped:            52456 kB
Shmem:            365552 kB
Slab:             167260 kB
SReclaimable:      40516 kB
SUnreclaim:       126744 kB
KernelStack:      155456 kB
PageTables:       269052 kB
NFS_Unstable:          0 kB
Bounce:                0 kB
WritebackTmp:          0 kB
CommitLimit:    24729660 kB
Committed_AS:   156167512 kB
VmallocTotal:   34359738367 kB
VmallocUsed:           0 kB
VmallocChunk:          0 kB
HardwareCorrupted:     0 kB
AnonHugePages:   9172992 kB
CmaTotal:              0 kB
CmaFree:               0 kB
HugePages_Total:       0
HugePages_Free:        0
HugePages_Rsvd:        0
HugePages_Surp:        0
Hugepagesize:       2048 kB
DirectMap4k:      428940 kB
DirectMap2M:    16173056 kB
DirectMap1G:           0 kB


CPU:total 8 (4 cores per cpu, 2 threads per core) family 6 model 94 stepping 3, cmov, cx8, fxsr, mmx, sse, sse2, sse3, ssse3, sse4.1, sse4.2, popcnt, avx, avx2, aes, clmul, erms, rtm, 3dnowpref, lzcnt, ht, tsc, tscinvbit, bmi1, bmi2, adx

/proc/cpuinfo:
processor	: 0
vendor_id	: GenuineIntel
cpu family	: 6
model		: 94
model name	: Intel(R) Core(TM) i7-6700T CPU @ 2.80GHz
stepping	: 3
microcode	: 0xa6
cpu MHz		: 2667.218
cache size	: 8192 KB
physical id	: 0
siblings	: 8
core id		: 0
cpu cores	: 4
apicid		: 0
initial apicid	: 0
fpu		: yes
fpu_exception	: yes
cpuid level	: 22
wp		: yes
flags		: fpu vme de pse tsc msr pae mce cx8 apic sep mtrr pge mca cmov pat pse36 clflush dts acpi mmx fxsr sse sse2 ss ht tm pbe syscall nx pdpe1gb rdtscp lm constant_tsc art arch_perfmon pebs bts rep_good nopl xtopology nonstop_tsc aperfmperf eagerfpu pni pclmulqdq dtes64 monitor ds_cpl vmx smx est tm2 ssse3 sdbg fma cx16 xtpr pdcm pcid sse4_1 sse4_2 x2apic movbe popcnt tsc_deadline_timer aes xsave avx f16c rdrand lahf_lm abm 3dnowprefetch epb intel_pt tpr_shadow vnmi flexpriority ept vpid fsgsbase tsc_adjust bmi1 hle avx2 smep bmi2 erms invpcid rtm mpx rdseed adx smap clflushopt xsaveopt xsavec xgetbv1 dtherm ida arat pln pts hwp hwp_notify hwp_act_window hwp_epp
bugs		:
bogomips	: 5616.36
clflush size	: 64
cache_alignment	: 64
address sizes	: 39 bits physical, 48 bits virtual
power management:

processor	: 1
vendor_id	: GenuineIntel
cpu family	: 6
model		: 94
model name	: Intel(R) Core(TM) i7-6700T CPU @ 2.80GHz
stepping	: 3
microcode	: 0xa6
cpu MHz		: 2640.203
cache size	: 8192 KB
physical id	: 0
siblings	: 8
core id		: 1
cpu cores	: 4
apicid		: 2
initial apicid	: 2
fpu		: yes
fpu_exception	: yes
cpuid level	: 22
wp		: yes
flags		: fpu vme de pse tsc msr pae mce cx8 apic sep mtrr pge mca cmov pat pse36 clflush dts acpi mmx fxsr sse sse2 ss ht tm pbe syscall nx pdpe1gb rdtscp lm constant_tsc art arch_perfmon pebs bts rep_good nopl xtopology nonstop_tsc aperfmperf eagerfpu pni pclmulqdq dtes64 monitor ds_cpl vmx smx est tm2 ssse3 sdbg fma cx16 xtpr pdcm pcid sse4_1 sse4_2 x2apic movbe popcnt tsc_deadline_timer aes xsave avx f16c rdrand lahf_lm abm 3dnowprefetch epb intel_pt tpr_shadow vnmi flexpriority ept vpid fsgsbase tsc_adjust bmi1 hle avx2 smep bmi2 erms invpcid rtm mpx rdseed adx smap clflushopt xsaveopt xsavec xgetbv1 dtherm ida arat pln pts hwp hwp_notify hwp_act_window hwp_epp
bugs		:
bogomips	: 5616.36
clflush size	: 64
cache_alignment	: 64
address sizes	: 39 bits physical, 48 bits virtual
power management:

processor	: 2
vendor_id	: GenuineIntel
cpu family	: 6
model		: 94
model name	: Intel(R) Core(TM) i7-6700T CPU @ 2.80GHz
stepping	: 3
microcode	: 0xa6
cpu MHz		: 2640.203
cache size	: 8192 KB
physical id	: 0
siblings	: 8
core id		: 2
cpu cores	: 4
apicid		: 4
initial apicid	: 4
fpu		: yes
fpu_exception	: yes
cpuid level	: 22
wp		: yes
flags		: fpu vme de pse tsc msr pae mce cx8 apic sep mtrr pge mca cmov pat pse36 clflush dts acpi mmx fxsr sse sse2 ss ht tm pbe syscall nx pdpe1gb rdtscp lm constant_tsc art arch_perfmon pebs bts rep_good nopl xtopology nonstop_tsc aperfmperf eagerfpu pni pclmulqdq dtes64 monitor ds_cpl vmx smx est tm2 ssse3 sdbg fma cx16 xtpr pdcm pcid sse4_1 sse4_2 x2apic movbe popcnt tsc_deadline_timer aes xsave avx f16c rdrand lahf_lm abm 3dnowprefetch epb intel_pt tpr_shadow vnmi flexpriority ept vpid fsgsbase tsc_adjust bmi1 hle avx2 smep bmi2 erms invpcid rtm mpx rdseed adx smap clflushopt xsaveopt xsavec xgetbv1 dtherm ida arat pln pts hwp hwp_notify hwp_act_window hwp_epp
bugs		:
bogomips	: 5616.36
clflush size	: 64
cache_alignment	: 64
address sizes	: 39 bits physical, 48 bits virtual
power management:

processor	: 3
vendor_id	: GenuineIntel
cpu family	: 6
model		: 94
model name	: Intel(R) Core(TM) i7-6700T CPU @ 2.80GHz
stepping	: 3
microcode	: 0xa6
cpu MHz		: 2640.203
cache size	: 8192 KB
physical id	: 0
siblings	: 8
core id		: 3
cpu cores	: 4
apicid		: 6
initial apicid	: 6
fpu		: yes
fpu_exception	: yes
cpuid level	: 22
wp		: yes
flags		: fpu vme de pse tsc msr pae mce cx8 apic sep mtrr pge mca cmov pat pse36 clflush dts acpi mmx fxsr sse sse2 ss ht tm pbe syscall nx pdpe1gb rdtscp lm constant_tsc art arch_perfmon pebs bts rep_good nopl xtopology nonstop_tsc aperfmperf eagerfpu pni pclmulqdq dtes64 monitor ds_cpl vmx smx est tm2 ssse3 sdbg fma cx16 xtpr pdcm pcid sse4_1 sse4_2 x2apic movbe popcnt tsc_deadline_timer aes xsave avx f16c rdrand lahf_lm abm 3dnowprefetch epb intel_pt tpr_shadow vnmi flexpriority ept vpid fsgsbase tsc_adjust bmi1 hle avx2 smep bmi2 erms invpcid rtm mpx rdseed adx smap clflushopt xsaveopt xsavec xgetbv1 dtherm ida arat pln pts hwp hwp_notify hwp_act_window hwp_epp
bugs		:
bogomips	: 5616.36
clflush size	: 64
cache_alignment	: 64
address sizes	: 39 bits physical, 48 bits virtual
power management:

processor	: 4
vendor_id	: GenuineIntel
cpu family	: 6
model		: 94
model name	: Intel(R) Core(TM) i7-6700T CPU @ 2.80GHz
stepping	: 3
microcode	: 0xa6
cpu MHz		: 2659.562
cache size	: 8192 KB
physical id	: 0
siblings	: 8
core id		: 0
cpu cores	: 4
apicid		: 1
initial apicid	: 1
fpu		: yes
fpu_exception	: yes
cpuid level	: 22
wp		: yes
flags		: fpu vme de pse tsc msr pae mce cx8 apic sep mtrr pge mca cmov pat pse36 clflush dts acpi mmx fxsr sse sse2 ss ht tm pbe syscall nx pdpe1gb rdtscp lm constant_tsc art arch_perfmon pebs bts rep_good nopl xtopology nonstop_tsc aperfmperf eagerfpu pni pclmulqdq dtes64 monitor ds_cpl vmx smx est tm2 ssse3 sdbg fma cx16 xtpr pdcm pcid sse4_1 sse4_2 x2apic movbe popcnt tsc_deadline_timer aes xsave avx f16c rdrand lahf_lm abm 3dnowprefetch epb intel_pt tpr_shadow vnmi flexpriority ept vpid fsgsbase tsc_adjust bmi1 hle avx2 smep bmi2 erms invpcid rtm mpx rdseed adx smap clflushopt xsaveopt xsavec xgetbv1 dtherm ida arat pln pts hwp hwp_notify hwp_act_window hwp_epp
bugs		:
bogomips	: 5616.36
clflush size	: 64
cache_alignment	: 64
address sizes	: 39 bits physical, 48 bits virtual
power management:

processor	: 5
vendor_id	: GenuineIntel
cpu family	: 6
model		: 94
model name	: Intel(R) Core(TM) i7-6700T CPU @ 2.80GHz
stepping	: 3
microcode	: 0xa6
cpu MHz		: 2640.203
cache size	: 8192 KB
physical id	: 0
siblings	: 8
core id		: 1
cpu cores	: 4
apicid		: 3
initial apicid	: 3
fpu		: yes
fpu_exception	: yes
cpuid level	: 22
wp		: yes
flags		: fpu vme de pse tsc msr pae mce cx8 apic sep mtrr pge mca cmov pat pse36 clflush dts acpi mmx fxsr sse sse2 ss ht tm pbe syscall nx pdpe1gb rdtscp lm constant_tsc art arch_perfmon pebs bts rep_good nopl xtopology nonstop_tsc aperfmperf eagerfpu pni pclmulqdq dtes64 monitor ds_cpl vmx smx est tm2 ssse3 sdbg fma cx16 xtpr pdcm pcid sse4_1 sse4_2 x2apic movbe popcnt tsc_deadline_timer aes xsave avx f16c rdrand lahf_lm abm 3dnowprefetch epb intel_pt tpr_shadow vnmi flexpriority ept vpid fsgsbase tsc_adjust bmi1 hle avx2 smep bmi2 erms invpcid rtm mpx rdseed adx smap clflushopt xsaveopt xsavec xgetbv1 dtherm ida arat pln pts hwp hwp_notify hwp_act_window hwp_epp
bugs		:
bogomips	: 5616.36
clflush size	: 64
cache_alignment	: 64
address sizes	: 39 bits physical, 48 bits virtual
power management:

processor	: 6
vendor_id	: GenuineIntel
cpu family	: 6
model		: 94
model name	: Intel(R) Core(TM) i7-6700T CPU @ 2.80GHz
stepping	: 3
microcode	: 0xa6
cpu MHz		: 2640.203
cache size	: 8192 KB
physical id	: 0
siblings	: 8
core id		: 2
cpu cores	: 4
apicid		: 5
initial apicid	: 5
fpu		: yes
fpu_exception	: yes
cpuid level	: 22
wp		: yes
flags		: fpu vme de pse tsc msr pae mce cx8 apic sep mtrr pge mca cmov pat pse36 clflush dts acpi mmx fxsr sse sse2 ss ht tm pbe syscall nx pdpe1gb rdtscp lm constant_tsc art arch_perfmon pebs bts rep_good nopl xtopology nonstop_tsc aperfmperf eagerfpu pni pclmulqdq dtes64 monitor ds_cpl vmx smx est tm2 ssse3 sdbg fma cx16 xtpr pdcm pcid sse4_1 sse4_2 x2apic movbe popcnt tsc_deadline_timer aes xsave avx f16c rdrand lahf_lm abm 3dnowprefetch epb intel_pt tpr_shadow vnmi flexpriority ept vpid fsgsbase tsc_adjust bmi1 hle avx2 smep bmi2 erms invpcid rtm mpx rdseed adx smap clflushopt xsaveopt xsavec xgetbv1 dtherm ida arat pln pts hwp hwp_notify hwp_act_window hwp_epp
bugs		:
bogomips	: 5616.36
clflush size	: 64
cache_alignment	: 64
address sizes	: 39 bits physical, 48 bits virtual
power management:

processor	: 7
vendor_id	: GenuineIntel
cpu family	: 6
model		: 94
model name	: Intel(R) Core(TM) i7-6700T CPU @ 2.80GHz
stepping	: 3
microcode	: 0xa6
cpu MHz		: 2640.203
cache size	: 8192 KB
physical id	: 0
siblings	: 8
core id		: 3
cpu cores	: 4
apicid		: 7
initial apicid	: 7
fpu		: yes
fpu_exception	: yes
cpuid level	: 22
wp		: yes
flags		: fpu vme de pse tsc msr pae mce cx8 apic sep mtrr pge mca cmov pat pse36 clflush dts acpi mmx fxsr sse sse2 ss ht tm pbe syscall nx pdpe1gb rdtscp lm constant_tsc art arch_perfmon pebs bts rep_good nopl xtopology nonstop_tsc aperfmperf eagerfpu pni pclmulqdq dtes64 monitor ds_cpl vmx smx est tm2 ssse3 sdbg fma cx16 xtpr pdcm pcid sse4_1 sse4_2 x2apic movbe popcnt tsc_deadline_timer aes xsave avx f16c rdrand lahf_lm abm 3dnowprefetch epb intel_pt tpr_shadow vnmi flexpriority ept vpid fsgsbase tsc_adjust bmi1 hle avx2 smep bmi2 erms invpcid rtm mpx rdseed adx smap clflushopt xsaveopt xsavec xgetbv1 dtherm ida arat pln pts hwp hwp_notify hwp_act_window hwp_epp
bugs		:
bogomips	: 5616.36
clflush size	: 64
cache_alignment	: 64
address sizes	: 39 bits physical, 48 bits virtual
power management:



Memory: 4k page, physical 16257156k(136708k free), swap 16601084k(180k free)

vm_info: Java HotSpot(TM) 64-Bit Server VM (25.121-b13) for linux-amd64 JRE (1.8.0_121-b13), built on Dec 12 2016 16:36:53 by "java_re" with gcc 4.3.0 20080428 (Red Hat 4.3.0-8)

time: Fri Jul  7 16:38:24 2017
elapsed time: 20 seconds (0d 0h 0m 20s)

