#
# There is insufficient memory for the Java Runtime Environment to continue.
# Native memory allocation (mmap) failed to map 66060288 bytes for committing reserved memory.
# Possible reasons:
#   The system is out of physical RAM or swap space
#   In 32 bit mode, the process size limit was hit
# Possible solutions:
#   Reduce memory load on the system
#   Increase physical memory or swap space
#   Check if swap backing store is full
#   Use 64 bit Java on a 64 bit OS
#   Decrease Java heap size (-Xmx/-Xms)
#   Decrease number of Java threads
#   Decrease Java thread stack sizes (-Xss)
#   Set larger code cache with -XX:ReservedCodeCacheSize=
# This output file may be truncated or incomplete.
#
#  Out of Memory Error (os_linux.cpp:2627), pid=1324, tid=0x00007fa6d2fef700
#
# JRE version: Java(TM) SE Runtime Environment (8.0_121-b13) (build 1.8.0_121-b13)
# Java VM: Java HotSpot(TM) 64-Bit Server VM (25.121-b13 mixed mode linux-amd64 compressed oops)
# Failed to write core dump. Core dumps have been disabled. To enable core dumping, try "ulimit -c unlimited" before starting Java again
#

---------------  T H R E A D  ---------------

Current thread (0x00007fa7041c7000):  VMThread [stack: 0x00007fa6d2eef000,0x00007fa6d2ff0000] [id=2106]

Stack: [0x00007fa6d2eef000,0x00007fa6d2ff0000],  sp=0x00007fa6d2fee0e0,  free space=1020k
Native frames: (J=compiled Java code, j=interpreted, Vv=VM code, C=native code)
V  [libjvm.so+0xac703a]  VMError::report_and_die()+0x2ba
V  [libjvm.so+0x4fc7eb]  report_vm_out_of_memory(char const*, int, unsigned long, VMErrorType, char const*)+0x8b
V  [libjvm.so+0x923c43]  os::Linux::commit_memory_impl(char*, unsigned long, bool)+0x103
V  [libjvm.so+0x924199]  os::pd_commit_memory(char*, unsigned long, unsigned long, bool)+0x29
V  [libjvm.so+0x91e4aa]  os::commit_memory(char*, unsigned long, unsigned long, bool)+0x2a
V  [libjvm.so+0x992f03]  PSVirtualSpace::expand_by(unsigned long)+0x53
V  [libjvm.so+0x994308]  PSYoungGen::resize_generation(unsigned long, unsigned long)+0xf8
V  [libjvm.so+0x993462]  PSYoungGen::resize(unsigned long, unsigned long)+0x22
V  [libjvm.so+0x99073b]  PSScavenge::invoke_no_policy()+0xf3b
V  [libjvm.so+0x990ec1]  PSScavenge::invoke()+0x41
V  [libjvm.so+0x947c10]  ParallelScavengeHeap::failed_mem_allocate(unsigned long)+0x70
V  [libjvm.so+0xac8a57]  VM_ParallelGCFailedAllocation::doit()+0x97
V  [libjvm.so+0xad0535]  VM_Operation::evaluate()+0x55
V  [libjvm.so+0xace90a]  VMThread::evaluate_operation(VM_Operation*)+0xba
V  [libjvm.so+0xacec8e]  VMThread::loop()+0x1ce
V  [libjvm.so+0xacf100]  VMThread::run()+0x70
V  [libjvm.so+0x926268]  java_start(Thread*)+0x108

VM_Operation (0x00007fa6d1889150): ParallelGCFailedAllocation, mode: safepoint, requested by thread 0x00007fa704258800


---------------  P R O C E S S  ---------------

Java Threads: ( => current thread )
  0x00007fa704252000 JavaThread "pool-11-thread-9" [_thread_blocked, id=5662, stack(0x00007fa6d1b8e000,0x00007fa6d1c8f000)]
  0x00007fa70424d800 JavaThread "pool-11-thread-8" [_thread_blocked, id=5659, stack(0x00007fa6d198c000,0x00007fa6d1a8d000)]
  0x00007fa704258800 JavaThread "pool-11-thread-7" [_thread_blocked, id=5604, stack(0x00007fa6d178a000,0x00007fa6d188b000)]
  0x00007fa70425a000 JavaThread "pool-11-thread-6" [_thread_blocked, id=5599, stack(0x00007fa6d1487000,0x00007fa6d1588000)]
  0x00007fa704250000 JavaThread "pool-11-thread-5" [_thread_blocked, id=5440, stack(0x00007fa6d1588000,0x00007fa6d1689000)]
  0x00007fa704257000 JavaThread "pool-11-thread-4" [_thread_blocked, id=5361, stack(0x00007fa6d1c8f000,0x00007fa6d1d90000)]
  0x00007fa70424e800 JavaThread "pool-11-thread-3" [_thread_blocked, id=5330, stack(0x00007fa6d188b000,0x00007fa6d198c000)]
  0x00007fa70425c000 JavaThread "pool-11-thread-2" [_thread_blocked, id=5321, stack(0x00007fa6d1a8d000,0x00007fa6d1b8e000)]
  0x00007fa704255000 JavaThread "pool-11-thread-1" [_thread_blocked, id=5318, stack(0x00007fa6d1689000,0x00007fa6d178a000)]
  0x00007fa704211800 JavaThread "Service Thread" daemon [_thread_blocked, id=2549, stack(0x00007fa6d1e91000,0x00007fa6d1f92000)]
  0x00007fa70420e800 JavaThread "C1 CompilerThread3" daemon [_thread_blocked, id=2539, stack(0x00007fa6d1f92000,0x00007fa6d2093000)]
  0x00007fa70420c800 JavaThread "C2 CompilerThread2" daemon [_thread_blocked, id=2503, stack(0x00007fa6d2093000,0x00007fa6d2194000)]
  0x00007fa70420a800 JavaThread "C2 CompilerThread1" daemon [_thread_blocked, id=2493, stack(0x00007fa6d2194000,0x00007fa6d2295000)]
  0x00007fa704208000 JavaThread "C2 CompilerThread0" daemon [_thread_blocked, id=2489, stack(0x00007fa6d2295000,0x00007fa6d2396000)]
  0x00007fa704206800 JavaThread "Signal Dispatcher" daemon [_thread_blocked, id=2481, stack(0x00007fa6d2396000,0x00007fa6d2497000)]
  0x00007fa7041d3000 JavaThread "Finalizer" daemon [_thread_blocked, id=2243, stack(0x00007fa6d2ced000,0x00007fa6d2dee000)]
  0x00007fa7041ce800 JavaThread "Reference Handler" daemon [_thread_blocked, id=2189, stack(0x00007fa6d2dee000,0x00007fa6d2eef000)]
  0x00007fa704009800 JavaThread "main" [_thread_blocked, id=1357, stack(0x00007fa70d2e8000,0x00007fa70d3e9000)]

Other Threads:
=>0x00007fa7041c7000 VMThread [stack: 0x00007fa6d2eef000,0x00007fa6d2ff0000] [id=2106]
  0x00007fa704214000 WatcherThread [stack: 0x00007fa6d1d90000,0x00007fa6d1e91000] [id=2561]

VM state:at safepoint (normal execution)

VM Mutex/Monitor currently owned by a thread:  ([mutex/lock_event])
[0x00007fa704005e40] Threads_lock - owner thread: 0x00007fa7041c7000
[0x00007fa704006340] Heap_lock - owner thread: 0x00007fa704258800

Heap:
 PSYoungGen      total 74752K, used 720K [0x000000076d500000, 0x0000000772800000, 0x00000007c0000000)
  eden space 64512K, 0% used [0x000000076d500000,0x000000076d500000,0x0000000771400000)
  from space 10240K, 7% used [0x0000000771400000,0x00000007714b4010,0x0000000771e00000)
  to   space 10240K, 0% used [0x0000000771e00000,0x0000000771e00000,0x0000000772800000)
 ParOldGen       total 171008K, used 16K [0x00000006c7e00000, 0x00000006d2500000, 0x000000076d500000)
  object space 171008K, 0% used [0x00000006c7e00000,0x00000006c7e04000,0x00000006d2500000)
 Metaspace       used 3240K, capacity 4664K, committed 4864K, reserved 1056768K
  class space    used 340K, capacity 424K, committed 512K, reserved 1048576K

Card table byte_map: [0x00007fa7098d7000,0x00007fa70a099000] byte_map_base: 0x00007fa706298000

Marking Bits: (ParMarkBitMap*) 0x00007fa70c7bbc80
 Begin Bits: [0x00007fa6e03f0000, 0x00007fa6e41f8000)
 End Bits:   [0x00007fa6e41f8000, 0x00007fa6e8000000)

Polling page: 0x00007fa70d405000

CodeCache: size=245760Kb used=1755Kb max_used=1762Kb free=244004Kb
 bounds [0x00007fa6f5000000, 0x00007fa6f5270000, 0x00007fa704000000]
 total_blobs=515 nmethods=254 adapters=175
 compilation: enabled

Compilation events (10 events):
Event: 35,883 Thread 0x00007fa70420e800  300       3       java.util.concurrent.ThreadPoolExecutor$Worker::tryAcquire (20 bytes)
Event: 35,883 Thread 0x00007fa70420e800 nmethod 300 0x00007fa6f51a6fd0 code [0x00007fa6f51a7140, 0x00007fa6f51a74f0]
Event: 35,884 Thread 0x00007fa70420c800  301       4       java.lang.Integer::valueOf (32 bytes)
Event: 35,885 Thread 0x00007fa70420c800 nmethod 301 0x00007fa6f510a750 code [0x00007fa6f510a8a0, 0x00007fa6f510a978]
Event: 35,889 Thread 0x00007fa70420e800  302       1       java.lang.System::getSecurityManager (4 bytes)
Event: 35,889 Thread 0x00007fa70420e800 nmethod 302 0x00007fa6f511ba90 code [0x00007fa6f511bbe0, 0x00007fa6f511bcd0]
Event: 35,927 Thread 0x00007fa70420e800  303       3       java.util.concurrent.ThreadPoolExecutor::runStateAtLeast (11 bytes)
Event: 35,927 Thread 0x00007fa70420e800 nmethod 303 0x00007fa6f512ad90 code [0x00007fa6f512af00, 0x00007fa6f512b090]
Event: 35,935 Thread 0x00007fa70420e800  304       3       java.nio.charset.Charset::atBugLevel (44 bytes)
Event: 35,936 Thread 0x00007fa70420e800 nmethod 304 0x00007fa6f511d0d0 code [0x00007fa6f511d280, 0x00007fa6f511d818]

GC Heap History (5 events):
Event: 22,447 GC heap before
{Heap before GC invocations=1 (full 0):
 PSYoungGen      total 74752K, used 64512K [0x000000076d500000, 0x0000000772800000, 0x00000007c0000000)
  eden space 64512K, 100% used [0x000000076d500000,0x0000000771400000,0x0000000771400000)
  from space 10240K, 0% used [0x0000000771e00000,0x0000000771e00000,0x0000000772800000)
  to   space 10240K, 0% used [0x0000000771400000,0x0000000771400000,0x0000000771e00000)
 ParOldGen       total 171008K, used 0K [0x00000006c7e00000, 0x00000006d2500000, 0x000000076d500000)
  object space 171008K, 0% used [0x00000006c7e00000,0x00000006c7e00000,0x00000006d2500000)
 Metaspace       used 3195K, capacity 4664K, committed 4864K, reserved 1056768K
  class space    used 340K, capacity 424K, committed 512K, reserved 1048576K
Event: 22,481 GC heap after
Heap after GC invocations=1 (full 0):
 PSYoungGen      total 74752K, used 930K [0x000000076d500000, 0x0000000772800000, 0x00000007c0000000)
  eden space 64512K, 0% used [0x000000076d500000,0x000000076d500000,0x0000000771400000)
  from space 10240K, 9% used [0x0000000771400000,0x00000007714e8928,0x0000000771e00000)
  to   space 10240K, 0% used [0x0000000771e00000,0x0000000771e00000,0x0000000772800000)
 ParOldGen       total 171008K, used 8K [0x00000006c7e00000, 0x00000006d2500000, 0x000000076d500000)
  object space 171008K, 0% used [0x00000006c7e00000,0x00000006c7e02000,0x00000006d2500000)
 Metaspace       used 3195K, capacity 4664K, committed 4864K, reserved 1056768K
  class space    used 340K, capacity 424K, committed 512K, reserved 1048576K
}
Event: 35,676 GC heap before
{Heap before GC invocations=2 (full 0):
 PSYoungGen      total 74752K, used 65442K [0x000000076d500000, 0x0000000772800000, 0x00000007c0000000)
  eden space 64512K, 100% used [0x000000076d500000,0x0000000771400000,0x0000000771400000)
  from space 10240K, 9% used [0x0000000771400000,0x00000007714e8928,0x0000000771e00000)
  to   space 10240K, 0% used [0x0000000771e00000,0x0000000771e00000,0x0000000772800000)
 ParOldGen       total 171008K, used 8K [0x00000006c7e00000, 0x00000006d2500000, 0x000000076d500000)
  object space 171008K, 0% used [0x00000006c7e00000,0x00000006c7e02000,0x00000006d2500000)
 Metaspace       used 3222K, capacity 4664K, committed 4864K, reserved 1056768K
  class space    used 340K, capacity 424K, committed 512K, reserved 1048576K
Event: 35,686 GC heap after
Heap after GC invocations=2 (full 0):
 PSYoungGen      total 74752K, used 784K [0x000000076d500000, 0x0000000772800000, 0x00000007c0000000)
  eden space 64512K, 0% used [0x000000076d500000,0x000000076d500000,0x0000000771400000)
  from space 10240K, 7% used [0x0000000771e00000,0x0000000771ec4030,0x0000000772800000)
  to   space 10240K, 0% used [0x0000000771400000,0x0000000771400000,0x0000000771e00000)
 ParOldGen       total 171008K, used 8K [0x00000006c7e00000, 0x00000006d2500000, 0x000000076d500000)
  object space 171008K, 0% used [0x00000006c7e00000,0x00000006c7e02000,0x00000006d2500000)
 Metaspace       used 3222K, capacity 4664K, committed 4864K, reserved 1056768K
  class space    used 340K, capacity 424K, committed 512K, reserved 1048576K
}
Event: 36,049 GC heap before
{Heap before GC invocations=3 (full 0):
 PSYoungGen      total 74752K, used 65296K [0x000000076d500000, 0x0000000772800000, 0x00000007c0000000)
  eden space 64512K, 100% used [0x000000076d500000,0x0000000771400000,0x0000000771400000)
  from space 10240K, 7% used [0x0000000771e00000,0x0000000771ec4030,0x0000000772800000)
  to   space 10240K, 0% used [0x0000000771400000,0x0000000771400000,0x0000000771e00000)
 ParOldGen       total 171008K, used 8K [0x00000006c7e00000, 0x00000006d2500000, 0x000000076d500000)
  object space 171008K, 0% used [0x00000006c7e00000,0x00000006c7e02000,0x00000006d2500000)
 Metaspace       used 3240K, capacity 4664K, committed 4864K, reserved 1056768K
  class space    used 340K, capacity 424K, committed 512K, reserved 1048576K

Deoptimization events (8 events):
Event: 1,130 Thread 0x00007fa704009800 Uncommon trap: reason=unstable_if action=reinterpret pc=0x00007fa6f5123b68 method=java.lang.String.compareTo(Ljava/lang/String;)I @ 38
Event: 1,222 Thread 0x00007fa704009800 Uncommon trap: reason=unstable_if action=reinterpret pc=0x00007fa6f51211d4 method=java.lang.String.lastIndexOf(II)I @ 23
Event: 8,356 Thread 0x00007fa704252000 Uncommon trap: reason=unstable_if action=reinterpret pc=0x00007fa6f5153728 method=sun.misc.FloatingDecimal$ASCIIToBinaryBuffer.doubleValue()D @ 149
Event: 20,554 Thread 0x00007fa70425c000 Uncommon trap: reason=predicate action=maybe_recompile pc=0x00007fa6f518ab3c method=java.util.AbstractCollection.toArray([Ljava/lang/Object;)[Ljava/lang/Object; @ 49
Event: 20,554 Thread 0x00007fa70425c000 Uncommon trap: reason=array_check action=maybe_recompile pc=0x00007fa6f5169538 method=java.util.AbstractCollection.toArray([Ljava/lang/Object;)[Ljava/lang/Object; @ 119
Event: 20,555 Thread 0x00007fa70425c000 Uncommon trap: reason=array_check action=maybe_recompile pc=0x00007fa6f5169538 method=java.util.AbstractCollection.toArray([Ljava/lang/Object;)[Ljava/lang/Object; @ 119
Event: 20,556 Thread 0x00007fa70425c000 Uncommon trap: reason=array_check action=maybe_recompile pc=0x00007fa6f5169538 method=java.util.AbstractCollection.toArray([Ljava/lang/Object;)[Ljava/lang/Object; @ 119
Event: 20,557 Thread 0x00007fa70425c000 Uncommon trap: reason=array_check action=maybe_recompile pc=0x00007fa6f5169538 method=java.util.AbstractCollection.toArray([Ljava/lang/Object;)[Ljava/lang/Object; @ 119

Internal exceptions (2 events):
Event: 0,169 Thread 0x00007fa704009800 Exception <a 'java/lang/NoSuchMethodError': Method sun.misc.Unsafe.defineClass(Ljava/lang/String;[BII)Ljava/lang/Class; name or signature does not match> (0x000000076d507ca8) thrown at [/HUDSON3/workspace/8-2-build-linux-amd64/jdk8u121/8372/hotspot/src/sh
Event: 0,169 Thread 0x00007fa704009800 Exception <a 'java/lang/NoSuchMethodError': Method sun.misc.Unsafe.prefetchRead(Ljava/lang/Object;J)V name or signature does not match> (0x000000076d507f90) thrown at [/HUDSON3/workspace/8-2-build-linux-amd64/jdk8u121/8372/hotspot/src/share/vm/prims/jni.c

Events (10 events):
Event: 35,922 Thread 0x00007fa70425c000 Thread added: 0x00007fa70425c000
Event: 35,925 Thread 0x00007fa70424e800 Thread added: 0x00007fa70424e800
Event: 35,949 Thread 0x00007fa704257000 Thread added: 0x00007fa704257000
Event: 36,001 Thread 0x00007fa704250000 Thread added: 0x00007fa704250000
Event: 36,010 Thread 0x00007fa70425a000 Thread added: 0x00007fa70425a000
Event: 36,022 Thread 0x00007fa704258800 Thread added: 0x00007fa704258800
Event: 36,028 Executing VM operation: ParallelGCFailedAllocation
Event: 36,033 Thread 0x00007fa70424d800 Thread added: 0x00007fa70424d800
Event: 36,044 Thread 0x00007fa704252000 Thread added: 0x00007fa704252000
Event: 36,044 Thread 0x00007fa70425d000 Thread exited: 0x00007fa70425d000


Dynamic libraries:
00400000-00401000 r-xp 00000000 08:01 13378836                           /usr/lib/jvm/java-8-oracle/jre/bin/java
00600000-00601000 rw-p 00000000 08:01 13378836                           /usr/lib/jvm/java-8-oracle/jre/bin/java
01c62000-01c83000 rw-p 00000000 00:00 0                                  [heap]
6c7e00000-6d2500000 rw-p 00000000 00:00 0 
6d2500000-76d500000 ---p 00000000 00:00 0 
76d500000-772800000 rw-p 00000000 00:00 0 
776700000-7c0000000 ---p 00000000 00:00 0 
7c0000000-7c0080000 rw-p 00000000 00:00 0 
7c0080000-800000000 ---p 00000000 00:00 0 
7fa67c000000-7fa67c021000 rw-p 00000000 00:00 0 
7fa67c021000-7fa680000000 ---p 00000000 00:00 0 
7fa680000000-7fa680021000 rw-p 00000000 00:00 0 
7fa680021000-7fa684000000 ---p 00000000 00:00 0 
7fa684000000-7fa684021000 rw-p 00000000 00:00 0 
7fa684021000-7fa688000000 ---p 00000000 00:00 0 
7fa688000000-7fa688021000 rw-p 00000000 00:00 0 
7fa688021000-7fa68c000000 ---p 00000000 00:00 0 
7fa68c000000-7fa68c021000 rw-p 00000000 00:00 0 
7fa68c021000-7fa690000000 ---p 00000000 00:00 0 
7fa690000000-7fa690021000 rw-p 00000000 00:00 0 
7fa690021000-7fa694000000 ---p 00000000 00:00 0 
7fa694000000-7fa694021000 rw-p 00000000 00:00 0 
7fa694021000-7fa698000000 ---p 00000000 00:00 0 
7fa698000000-7fa698021000 rw-p 00000000 00:00 0 
7fa698021000-7fa69c000000 ---p 00000000 00:00 0 
7fa69c000000-7fa69c021000 rw-p 00000000 00:00 0 
7fa69c021000-7fa6a0000000 ---p 00000000 00:00 0 
7fa6a0000000-7fa6a0021000 rw-p 00000000 00:00 0 
7fa6a0021000-7fa6a4000000 ---p 00000000 00:00 0 
7fa6a4000000-7fa6a4200000 rw-p 00000000 00:00 0 
7fa6a4200000-7fa6a8000000 ---p 00000000 00:00 0 
7fa6a8000000-7fa6a8021000 rw-p 00000000 00:00 0 
7fa6a8021000-7fa6ac000000 ---p 00000000 00:00 0 
7fa6ac000000-7fa6ac3a5000 rw-p 00000000 00:00 0 
7fa6ac3a5000-7fa6b0000000 ---p 00000000 00:00 0 
7fa6b0000000-7fa6b0240000 rw-p 00000000 00:00 0 
7fa6b0240000-7fa6b4000000 ---p 00000000 00:00 0 
7fa6b4000000-7fa6b4021000 rw-p 00000000 00:00 0 
7fa6b4021000-7fa6b8000000 ---p 00000000 00:00 0 
7fa6b8000000-7fa6b83a5000 rw-p 00000000 00:00 0 
7fa6b83a5000-7fa6bc000000 ---p 00000000 00:00 0 
7fa6bc000000-7fa6bc021000 rw-p 00000000 00:00 0 
7fa6bc021000-7fa6c0000000 ---p 00000000 00:00 0 
7fa6c0000000-7fa6c0021000 rw-p 00000000 00:00 0 
7fa6c0021000-7fa6c4000000 ---p 00000000 00:00 0 
7fa6c4000000-7fa6c4021000 rw-p 00000000 00:00 0 
7fa6c4021000-7fa6c8000000 ---p 00000000 00:00 0 
7fa6c8000000-7fa6c8021000 rw-p 00000000 00:00 0 
7fa6c8021000-7fa6cc000000 ---p 00000000 00:00 0 
7fa6cc000000-7fa6cc021000 rw-p 00000000 00:00 0 
7fa6cc021000-7fa6d0000000 ---p 00000000 00:00 0 
7fa6d11ef000-7fa6d1386000 rw-p 00000000 00:00 0 
7fa6d1386000-7fa6d1389000 ---p 00000000 00:00 0 
7fa6d1389000-7fa6d1487000 rw-p 00000000 00:00 0 
7fa6d1487000-7fa6d148a000 ---p 00000000 00:00 0 
7fa6d148a000-7fa6d1588000 rw-p 00000000 00:00 0 
7fa6d1588000-7fa6d158b000 ---p 00000000 00:00 0 
7fa6d158b000-7fa6d1689000 rw-p 00000000 00:00 0 
7fa6d1689000-7fa6d168c000 ---p 00000000 00:00 0 
7fa6d168c000-7fa6d178a000 rw-p 00000000 00:00 0 
7fa6d178a000-7fa6d178d000 ---p 00000000 00:00 0 
7fa6d178d000-7fa6d188b000 rw-p 00000000 00:00 0 
7fa6d188b000-7fa6d188e000 ---p 00000000 00:00 0 
7fa6d188e000-7fa6d198c000 rw-p 00000000 00:00 0 
7fa6d198c000-7fa6d198f000 ---p 00000000 00:00 0 
7fa6d198f000-7fa6d1a8d000 rw-p 00000000 00:00 0 
7fa6d1a8d000-7fa6d1a90000 ---p 00000000 00:00 0 
7fa6d1a90000-7fa6d1b8e000 rw-p 00000000 00:00 0 
7fa6d1b8e000-7fa6d1b91000 ---p 00000000 00:00 0 
7fa6d1b91000-7fa6d1c8f000 rw-p 00000000 00:00 0 
7fa6d1c8f000-7fa6d1c92000 ---p 00000000 00:00 0 
7fa6d1c92000-7fa6d1d90000 rw-p 00000000 00:00 0 
7fa6d1d90000-7fa6d1d91000 ---p 00000000 00:00 0 
7fa6d1d91000-7fa6d1e91000 rw-p 00000000 00:00 0 
7fa6d1e91000-7fa6d1e94000 ---p 00000000 00:00 0 
7fa6d1e94000-7fa6d1f92000 rw-p 00000000 00:00 0 
7fa6d1f92000-7fa6d1f95000 ---p 00000000 00:00 0 
7fa6d1f95000-7fa6d2093000 rw-p 00000000 00:00 0 
7fa6d2093000-7fa6d2096000 ---p 00000000 00:00 0 
7fa6d2096000-7fa6d2194000 rw-p 00000000 00:00 0 
7fa6d2194000-7fa6d2197000 ---p 00000000 00:00 0 
7fa6d2197000-7fa6d2295000 rw-p 00000000 00:00 0 
7fa6d2295000-7fa6d2298000 ---p 00000000 00:00 0 
7fa6d2298000-7fa6d2396000 rw-p 00000000 00:00 0 
7fa6d2396000-7fa6d2399000 ---p 00000000 00:00 0 
7fa6d2399000-7fa6d2497000 rw-p 00000000 00:00 0 
7fa6d2497000-7fa6d2ced000 r--p 00000000 08:01 13376312                   /usr/lib/locale/locale-archive
7fa6d2ced000-7fa6d2cf0000 ---p 00000000 00:00 0 
7fa6d2cf0000-7fa6d2dee000 rw-p 00000000 00:00 0 
7fa6d2dee000-7fa6d2df1000 ---p 00000000 00:00 0 
7fa6d2df1000-7fa6d2eef000 rw-p 00000000 00:00 0 
7fa6d2eef000-7fa6d2ef0000 ---p 00000000 00:00 0 
7fa6d2ef0000-7fa6d4000000 rw-p 00000000 00:00 0 
7fa6d4000000-7fa6d4021000 rw-p 00000000 00:00 0 
7fa6d4021000-7fa6d8000000 ---p 00000000 00:00 0 
7fa6d8000000-7fa6d8021000 rw-p 00000000 00:00 0 
7fa6d8021000-7fa6dc000000 ---p 00000000 00:00 0 
7fa6dc000000-7fa6dc021000 rw-p 00000000 00:00 0 
7fa6dc021000-7fa6e0000000 ---p 00000000 00:00 0 
7fa6e00ed000-7fa6e8000000 rw-p 00000000 00:00 0 
7fa6e8000000-7fa6e8021000 rw-p 00000000 00:00 0 
7fa6e8021000-7fa6ec000000 ---p 00000000 00:00 0 
7fa6ec000000-7fa6ec021000 rw-p 00000000 00:00 0 
7fa6ec021000-7fa6f0000000 ---p 00000000 00:00 0 
7fa6f0000000-7fa6f0021000 rw-p 00000000 00:00 0 
7fa6f0021000-7fa6f4000000 ---p 00000000 00:00 0 
7fa6f4009000-7fa6f4c40000 rw-p 00000000 00:00 0 
7fa6f4c40000-7fa6f5000000 ---p 00000000 00:00 0 
7fa6f5000000-7fa6f5270000 rwxp 00000000 00:00 0 
7fa6f5270000-7fa704000000 ---p 00000000 00:00 0 
7fa704000000-7fa70425f000 rw-p 00000000 00:00 0 
7fa70425f000-7fa708000000 ---p 00000000 00:00 0 
7fa708043000-7fa708193000 rw-p 00000000 00:00 0 
7fa708193000-7fa70836c000 r--s 03d3e000 08:01 13378846                   /usr/lib/jvm/java-8-oracle/jre/lib/rt.jar
7fa70836c000-7fa708ba3000 rw-p 00000000 00:00 0 
7fa708ba3000-7fa708ba4000 ---p 00000000 00:00 0 
7fa708ba4000-7fa708ca4000 rw-p 00000000 00:00 0 
7fa708ca4000-7fa708ca5000 ---p 00000000 00:00 0 
7fa708ca5000-7fa708da5000 rw-p 00000000 00:00 0 
7fa708da5000-7fa708da6000 ---p 00000000 00:00 0 
7fa708da6000-7fa708ea6000 rw-p 00000000 00:00 0 
7fa708ea6000-7fa708ea7000 ---p 00000000 00:00 0 
7fa708ea7000-7fa708fa7000 rw-p 00000000 00:00 0 
7fa708fa7000-7fa708fa8000 ---p 00000000 00:00 0 
7fa708fa8000-7fa7090a8000 rw-p 00000000 00:00 0 
7fa7090a8000-7fa7090a9000 ---p 00000000 00:00 0 
7fa7090a9000-7fa7091a9000 rw-p 00000000 00:00 0 
7fa7091a9000-7fa7091aa000 ---p 00000000 00:00 0 
7fa7091aa000-7fa7092aa000 rw-p 00000000 00:00 0 
7fa7092aa000-7fa7092ab000 ---p 00000000 00:00 0 
7fa7092ab000-7fa7093ff000 rw-p 00000000 00:00 0 
7fa7093ff000-7fa7098d7000 ---p 00000000 00:00 0 
7fa7098d7000-7fa70992b000 rw-p 00000000 00:00 0 
7fa70992b000-7fa709e02000 ---p 00000000 00:00 0 
7fa709e02000-7fa709e2c000 rw-p 00000000 00:00 0 
7fa709e2c000-7fa70a098000 ---p 00000000 00:00 0 
7fa70a098000-7fa70a0a3000 rw-p 00000000 00:00 0 
7fa70a0a3000-7fa70a459000 ---p 00000000 00:00 0 
7fa70a459000-7fa70a473000 r-xp 00000000 08:01 13380245                   /usr/lib/jvm/java-8-oracle/jre/lib/amd64/libzip.so
7fa70a473000-7fa70a673000 ---p 0001a000 08:01 13380245                   /usr/lib/jvm/java-8-oracle/jre/lib/amd64/libzip.so
7fa70a673000-7fa70a674000 rw-p 0001a000 08:01 13380245                   /usr/lib/jvm/java-8-oracle/jre/lib/amd64/libzip.so
7fa70a674000-7fa70a67e000 r-xp 00000000 08:01 2888166                    /lib/x86_64-linux-gnu/libnss_files-2.19.so
7fa70a67e000-7fa70a87d000 ---p 0000a000 08:01 2888166                    /lib/x86_64-linux-gnu/libnss_files-2.19.so
7fa70a87d000-7fa70a87e000 r--p 00009000 08:01 2888166                    /lib/x86_64-linux-gnu/libnss_files-2.19.so
7fa70a87e000-7fa70a87f000 rw-p 0000a000 08:01 2888166                    /lib/x86_64-linux-gnu/libnss_files-2.19.so
7fa70a87f000-7fa70a88a000 r-xp 00000000 08:01 2888176                    /lib/x86_64-linux-gnu/libnss_nis-2.19.so
7fa70a88a000-7fa70aa89000 ---p 0000b000 08:01 2888176                    /lib/x86_64-linux-gnu/libnss_nis-2.19.so
7fa70aa89000-7fa70aa8a000 r--p 0000a000 08:01 2888176                    /lib/x86_64-linux-gnu/libnss_nis-2.19.so
7fa70aa8a000-7fa70aa8b000 rw-p 0000b000 08:01 2888176                    /lib/x86_64-linux-gnu/libnss_nis-2.19.so
7fa70aa8b000-7fa70aaa2000 r-xp 00000000 08:01 2888160                    /lib/x86_64-linux-gnu/libnsl-2.19.so
7fa70aaa2000-7fa70aca1000 ---p 00017000 08:01 2888160                    /lib/x86_64-linux-gnu/libnsl-2.19.so
7fa70aca1000-7fa70aca2000 r--p 00016000 08:01 2888160                    /lib/x86_64-linux-gnu/libnsl-2.19.so
7fa70aca2000-7fa70aca3000 rw-p 00017000 08:01 2888160                    /lib/x86_64-linux-gnu/libnsl-2.19.so
7fa70aca3000-7fa70aca5000 rw-p 00000000 00:00 0 
7fa70aca5000-7fa70acae000 r-xp 00000000 08:01 2888162                    /lib/x86_64-linux-gnu/libnss_compat-2.19.so
7fa70acae000-7fa70aead000 ---p 00009000 08:01 2888162                    /lib/x86_64-linux-gnu/libnss_compat-2.19.so
7fa70aead000-7fa70aeae000 r--p 00008000 08:01 2888162                    /lib/x86_64-linux-gnu/libnss_compat-2.19.so
7fa70aeae000-7fa70aeaf000 rw-p 00009000 08:01 2888162                    /lib/x86_64-linux-gnu/libnss_compat-2.19.so
7fa70aeaf000-7fa70aeda000 r-xp 00000000 08:01 13380270                   /usr/lib/jvm/java-8-oracle/jre/lib/amd64/libjava.so
7fa70aeda000-7fa70b0d9000 ---p 0002b000 08:01 13380270                   /usr/lib/jvm/java-8-oracle/jre/lib/amd64/libjava.so
7fa70b0d9000-7fa70b0db000 rw-p 0002a000 08:01 13380270                   /usr/lib/jvm/java-8-oracle/jre/lib/amd64/libjava.so
7fa70b0db000-7fa70b0e8000 r-xp 00000000 08:01 13380289                   /usr/lib/jvm/java-8-oracle/jre/lib/amd64/libverify.so
7fa70b0e8000-7fa70b2e7000 ---p 0000d000 08:01 13380289                   /usr/lib/jvm/java-8-oracle/jre/lib/amd64/libverify.so
7fa70b2e7000-7fa70b2e9000 rw-p 0000c000 08:01 13380289                   /usr/lib/jvm/java-8-oracle/jre/lib/amd64/libverify.so
7fa70b2e9000-7fa70b2f0000 r-xp 00000000 08:01 2888219                    /lib/x86_64-linux-gnu/librt-2.19.so
7fa70b2f0000-7fa70b4ef000 ---p 00007000 08:01 2888219                    /lib/x86_64-linux-gnu/librt-2.19.so
7fa70b4ef000-7fa70b4f0000 r--p 00006000 08:01 2888219                    /lib/x86_64-linux-gnu/librt-2.19.so
7fa70b4f0000-7fa70b4f1000 rw-p 00007000 08:01 2888219                    /lib/x86_64-linux-gnu/librt-2.19.so
7fa70b4f1000-7fa70b5f6000 r-xp 00000000 08:01 2888141                    /lib/x86_64-linux-gnu/libm-2.19.so
7fa70b5f6000-7fa70b7f5000 ---p 00105000 08:01 2888141                    /lib/x86_64-linux-gnu/libm-2.19.so
7fa70b7f5000-7fa70b7f6000 r--p 00104000 08:01 2888141                    /lib/x86_64-linux-gnu/libm-2.19.so
7fa70b7f6000-7fa70b7f7000 rw-p 00105000 08:01 2888141                    /lib/x86_64-linux-gnu/libm-2.19.so
7fa70b7f7000-7fa70c4c5000 r-xp 00000000 08:01 13380286                   /usr/lib/jvm/java-8-oracle/jre/lib/amd64/server/libjvm.so
7fa70c4c5000-7fa70c6c5000 ---p 00cce000 08:01 13380286                   /usr/lib/jvm/java-8-oracle/jre/lib/amd64/server/libjvm.so
7fa70c6c5000-7fa70c79e000 rw-p 00cce000 08:01 13380286                   /usr/lib/jvm/java-8-oracle/jre/lib/amd64/server/libjvm.so
7fa70c79e000-7fa70c7e9000 rw-p 00000000 00:00 0 
7fa70c7e9000-7fa70c9a3000 r-xp 00000000 08:01 2888091                    /lib/x86_64-linux-gnu/libc-2.19.so
7fa70c9a3000-7fa70cba3000 ---p 001ba000 08:01 2888091                    /lib/x86_64-linux-gnu/libc-2.19.so
7fa70cba3000-7fa70cba7000 r--p 001ba000 08:01 2888091                    /lib/x86_64-linux-gnu/libc-2.19.so
7fa70cba7000-7fa70cba9000 rw-p 001be000 08:01 2888091                    /lib/x86_64-linux-gnu/libc-2.19.so
7fa70cba9000-7fa70cbae000 rw-p 00000000 00:00 0 
7fa70cbae000-7fa70cbb1000 r-xp 00000000 08:01 2888108                    /lib/x86_64-linux-gnu/libdl-2.19.so
7fa70cbb1000-7fa70cdb0000 ---p 00003000 08:01 2888108                    /lib/x86_64-linux-gnu/libdl-2.19.so
7fa70cdb0000-7fa70cdb1000 r--p 00002000 08:01 2888108                    /lib/x86_64-linux-gnu/libdl-2.19.so
7fa70cdb1000-7fa70cdb2000 rw-p 00003000 08:01 2888108                    /lib/x86_64-linux-gnu/libdl-2.19.so
7fa70cdb2000-7fa70cdc7000 r-xp 00000000 08:01 13380253                   /usr/lib/jvm/java-8-oracle/jre/lib/amd64/jli/libjli.so
7fa70cdc7000-7fa70cfc7000 ---p 00015000 08:01 13380253                   /usr/lib/jvm/java-8-oracle/jre/lib/amd64/jli/libjli.so
7fa70cfc7000-7fa70cfc8000 rw-p 00015000 08:01 13380253                   /usr/lib/jvm/java-8-oracle/jre/lib/amd64/jli/libjli.so
7fa70cfc8000-7fa70cfe1000 r-xp 00000000 08:01 2888211                    /lib/x86_64-linux-gnu/libpthread-2.19.so
7fa70cfe1000-7fa70d1e0000 ---p 00019000 08:01 2888211                    /lib/x86_64-linux-gnu/libpthread-2.19.so
7fa70d1e0000-7fa70d1e1000 r--p 00018000 08:01 2888211                    /lib/x86_64-linux-gnu/libpthread-2.19.so
7fa70d1e1000-7fa70d1e2000 rw-p 00019000 08:01 2888211                    /lib/x86_64-linux-gnu/libpthread-2.19.so
7fa70d1e2000-7fa70d1e6000 rw-p 00000000 00:00 0 
7fa70d1e6000-7fa70d209000 r-xp 00000000 08:01 2888067                    /lib/x86_64-linux-gnu/ld-2.19.so
7fa70d23f000-7fa70d2e8000 rw-p 00000000 00:00 0 
7fa70d2e8000-7fa70d2eb000 ---p 00000000 00:00 0 
7fa70d2eb000-7fa70d3ed000 rw-p 00000000 00:00 0 
7fa70d3f9000-7fa70d3fa000 rw-p 00000000 00:00 0 
7fa70d3fa000-7fa70d3fc000 r--s 0001b000 08:01 11286680                   /home/nabegh/Bachelor/SubjectooSim/Run.jar
7fa70d3fc000-7fa70d404000 rw-s 00000000 08:01 12061588                   /tmp/hsperfdata_nabegh/1324
7fa70d404000-7fa70d405000 rw-p 00000000 00:00 0 
7fa70d405000-7fa70d406000 ---p 00000000 00:00 0 
7fa70d406000-7fa70d408000 rw-p 00000000 00:00 0 
7fa70d408000-7fa70d409000 r--p 00022000 08:01 2888067                    /lib/x86_64-linux-gnu/ld-2.19.so
7fa70d409000-7fa70d40a000 rw-p 00023000 08:01 2888067                    /lib/x86_64-linux-gnu/ld-2.19.so
7fa70d40a000-7fa70d40b000 rw-p 00000000 00:00 0 
7ffc66e0b000-7ffc66e2c000 rw-p 00000000 00:00 0                          [stack]
7ffc66fdf000-7ffc66fe1000 r--p 00000000 00:00 0                          [vvar]
7ffc66fe1000-7ffc66fe3000 r-xp 00000000 00:00 0                          [vdso]
ffffffffff600000-ffffffffff601000 r-xp 00000000 00:00 0                  [vsyscall]

VM Arguments:
java_command: /home/nabegh/Bachelor/SubjectooSim/Run.jar true 0.975 -1 2017-07-11 1
java_class_path (initial): /home/nabegh/Bachelor/SubjectooSim/Run.jar
Launcher Type: SUN_STANDARD

Environment Variables:
JAVA_HOME=/usr/lib/jvm/java-8-oracle
PATH=/usr/local/sbin:/usr/local/bin:/usr/sbin:/usr/bin:/sbin:/bin:/usr/games:/usr/local/games:/usr/lib/jvm/java-8-oracle/bin:/usr/lib/jvm/java-8-oracle/db/bin:/usr/lib/jvm/java-8-oracle/jre/bin
SHELL=/bin/bash
DISPLAY=:0

Signal Handlers:
SIGSEGV: [libjvm.so+0xac78c0], sa_mask[0]=11111111011111111101111111111110, sa_flags=SA_RESTART|SA_SIGINFO
SIGBUS: [libjvm.so+0xac78c0], sa_mask[0]=11111111011111111101111111111110, sa_flags=SA_RESTART|SA_SIGINFO
SIGFPE: [libjvm.so+0x920ac0], sa_mask[0]=11111111011111111101111111111110, sa_flags=SA_RESTART|SA_SIGINFO
SIGPIPE: [libjvm.so+0x920ac0], sa_mask[0]=11111111011111111101111111111110, sa_flags=SA_RESTART|SA_SIGINFO
SIGXFSZ: [libjvm.so+0x920ac0], sa_mask[0]=11111111011111111101111111111110, sa_flags=SA_RESTART|SA_SIGINFO
SIGILL: [libjvm.so+0x920ac0], sa_mask[0]=11111111011111111101111111111110, sa_flags=SA_RESTART|SA_SIGINFO
SIGUSR1: SIG_DFL, sa_mask[0]=00000000000000000000000000000000, sa_flags=none
SIGUSR2: [libjvm.so+0x922300], sa_mask[0]=00000000000000000000000000000000, sa_flags=SA_RESTART|SA_SIGINFO
SIGHUP: [libjvm.so+0x923700], sa_mask[0]=11111111011111111101111111111110, sa_flags=SA_RESTART|SA_SIGINFO
SIGINT: [libjvm.so+0x923700], sa_mask[0]=11111111011111111101111111111110, sa_flags=SA_RESTART|SA_SIGINFO
SIGTERM: [libjvm.so+0x923700], sa_mask[0]=11111111011111111101111111111110, sa_flags=SA_RESTART|SA_SIGINFO
SIGQUIT: [libjvm.so+0x923700], sa_mask[0]=11111111011111111101111111111110, sa_flags=SA_RESTART|SA_SIGINFO


---------------  S Y S T E M  ---------------

OS:DISTRIB_ID=Ubuntu
DISTRIB_RELEASE=14.04
DISTRIB_CODENAME=trusty
DISTRIB_DESCRIPTION="Ubuntu 14.04.5 LTS"

uname:Linux 4.4.0-53-generic #74~14.04.1-Ubuntu SMP Fri Dec 2 03:43:31 UTC 2016 x86_64
libc:glibc 2.19 NPTL 2.19 
rlimit: STACK 8192k, CORE 0k, NPROC 63408, NOFILE 4096, AS infinity
load average:182,32 93,33 48,16

/proc/meminfo:
MemTotal:       16257156 kB
MemFree:          829680 kB
MemAvailable:     704552 kB
Buffers:             756 kB
Cached:           446848 kB
SwapCached:        23924 kB
Active:         13052968 kB
Inactive:        1665196 kB
Active(anon):   13029916 kB
Inactive(anon):  1646484 kB
Active(file):      23052 kB
Inactive(file):    18712 kB
Unevictable:          64 kB
Mlocked:              64 kB
SwapTotal:      16601084 kB
SwapFree:         229088 kB
Dirty:               376 kB
Writeback:          1780 kB
AnonPages:      14250856 kB
Mapped:            25688 kB
Shmem:            403892 kB
Slab:             172660 kB
SReclaimable:      44488 kB
SUnreclaim:       128172 kB
KernelStack:      155088 kB
PageTables:       265708 kB
NFS_Unstable:          0 kB
Bounce:                0 kB
WritebackTmp:          0 kB
CommitLimit:    24729660 kB
Committed_AS:   154261792 kB
VmallocTotal:   34359738367 kB
VmallocUsed:           0 kB
VmallocChunk:          0 kB
HardwareCorrupted:     0 kB
AnonHugePages:   9080832 kB
CmaTotal:              0 kB
CmaFree:               0 kB
HugePages_Total:       0
HugePages_Free:        0
HugePages_Rsvd:        0
HugePages_Surp:        0
Hugepagesize:       2048 kB
DirectMap4k:      422796 kB
DirectMap2M:    16179200 kB
DirectMap1G:           0 kB


CPU:total 8 (4 cores per cpu, 2 threads per core) family 6 model 94 stepping 3, cmov, cx8, fxsr, mmx, sse, sse2, sse3, ssse3, sse4.1, sse4.2, popcnt, avx, avx2, aes, clmul, erms, rtm, 3dnowpref, lzcnt, ht, tsc, tscinvbit, bmi1, bmi2, adx

/proc/cpuinfo:
processor	: 0
vendor_id	: GenuineIntel
cpu family	: 6
model		: 94
model name	: Intel(R) Core(TM) i7-6700T CPU @ 2.80GHz
stepping	: 3
microcode	: 0xa6
cpu MHz		: 3399.921
cache size	: 8192 KB
physical id	: 0
siblings	: 8
core id		: 0
cpu cores	: 4
apicid		: 0
initial apicid	: 0
fpu		: yes
fpu_exception	: yes
cpuid level	: 22
wp		: yes
flags		: fpu vme de pse tsc msr pae mce cx8 apic sep mtrr pge mca cmov pat pse36 clflush dts acpi mmx fxsr sse sse2 ss ht tm pbe syscall nx pdpe1gb rdtscp lm constant_tsc art arch_perfmon pebs bts rep_good nopl xtopology nonstop_tsc aperfmperf eagerfpu pni pclmulqdq dtes64 monitor ds_cpl vmx smx est tm2 ssse3 sdbg fma cx16 xtpr pdcm pcid sse4_1 sse4_2 x2apic movbe popcnt tsc_deadline_timer aes xsave avx f16c rdrand lahf_lm abm 3dnowprefetch epb intel_pt tpr_shadow vnmi flexpriority ept vpid fsgsbase tsc_adjust bmi1 hle avx2 smep bmi2 erms invpcid rtm mpx rdseed adx smap clflushopt xsaveopt xsavec xgetbv1 dtherm ida arat pln pts hwp hwp_notify hwp_act_window hwp_epp
bugs		:
bogomips	: 5616.36
clflush size	: 64
cache_alignment	: 64
address sizes	: 39 bits physical, 48 bits virtual
power management:

processor	: 1
vendor_id	: GenuineIntel
cpu family	: 6
model		: 94
model name	: Intel(R) Core(TM) i7-6700T CPU @ 2.80GHz
stepping	: 3
microcode	: 0xa6
cpu MHz		: 3399.921
cache size	: 8192 KB
physical id	: 0
siblings	: 8
core id		: 1
cpu cores	: 4
apicid		: 2
initial apicid	: 2
fpu		: yes
fpu_exception	: yes
cpuid level	: 22
wp		: yes
flags		: fpu vme de pse tsc msr pae mce cx8 apic sep mtrr pge mca cmov pat pse36 clflush dts acpi mmx fxsr sse sse2 ss ht tm pbe syscall nx pdpe1gb rdtscp lm constant_tsc art arch_perfmon pebs bts rep_good nopl xtopology nonstop_tsc aperfmperf eagerfpu pni pclmulqdq dtes64 monitor ds_cpl vmx smx est tm2 ssse3 sdbg fma cx16 xtpr pdcm pcid sse4_1 sse4_2 x2apic movbe popcnt tsc_deadline_timer aes xsave avx f16c rdrand lahf_lm abm 3dnowprefetch epb intel_pt tpr_shadow vnmi flexpriority ept vpid fsgsbase tsc_adjust bmi1 hle avx2 smep bmi2 erms invpcid rtm mpx rdseed adx smap clflushopt xsaveopt xsavec xgetbv1 dtherm ida arat pln pts hwp hwp_notify hwp_act_window hwp_epp
bugs		:
bogomips	: 5616.36
clflush size	: 64
cache_alignment	: 64
address sizes	: 39 bits physical, 48 bits virtual
power management:

processor	: 2
vendor_id	: GenuineIntel
cpu family	: 6
model		: 94
model name	: Intel(R) Core(TM) i7-6700T CPU @ 2.80GHz
stepping	: 3
microcode	: 0xa6
cpu MHz		: 3399.921
cache size	: 8192 KB
physical id	: 0
siblings	: 8
core id		: 2
cpu cores	: 4
apicid		: 4
initial apicid	: 4
fpu		: yes
fpu_exception	: yes
cpuid level	: 22
wp		: yes
flags		: fpu vme de pse tsc msr pae mce cx8 apic sep mtrr pge mca cmov pat pse36 clflush dts acpi mmx fxsr sse sse2 ss ht tm pbe syscall nx pdpe1gb rdtscp lm constant_tsc art arch_perfmon pebs bts rep_good nopl xtopology nonstop_tsc aperfmperf eagerfpu pni pclmulqdq dtes64 monitor ds_cpl vmx smx est tm2 ssse3 sdbg fma cx16 xtpr pdcm pcid sse4_1 sse4_2 x2apic movbe popcnt tsc_deadline_timer aes xsave avx f16c rdrand lahf_lm abm 3dnowprefetch epb intel_pt tpr_shadow vnmi flexpriority ept vpid fsgsbase tsc_adjust bmi1 hle avx2 smep bmi2 erms invpcid rtm mpx rdseed adx smap clflushopt xsaveopt xsavec xgetbv1 dtherm ida arat pln pts hwp hwp_notify hwp_act_window hwp_epp
bugs		:
bogomips	: 5616.36
clflush size	: 64
cache_alignment	: 64
address sizes	: 39 bits physical, 48 bits virtual
power management:

processor	: 3
vendor_id	: GenuineIntel
cpu family	: 6
model		: 94
model name	: Intel(R) Core(TM) i7-6700T CPU @ 2.80GHz
stepping	: 3
microcode	: 0xa6
cpu MHz		: 3399.921
cache size	: 8192 KB
physical id	: 0
siblings	: 8
core id		: 3
cpu cores	: 4
apicid		: 6
initial apicid	: 6
fpu		: yes
fpu_exception	: yes
cpuid level	: 22
wp		: yes
flags		: fpu vme de pse tsc msr pae mce cx8 apic sep mtrr pge mca cmov pat pse36 clflush dts acpi mmx fxsr sse sse2 ss ht tm pbe syscall nx pdpe1gb rdtscp lm constant_tsc art arch_perfmon pebs bts rep_good nopl xtopology nonstop_tsc aperfmperf eagerfpu pni pclmulqdq dtes64 monitor ds_cpl vmx smx est tm2 ssse3 sdbg fma cx16 xtpr pdcm pcid sse4_1 sse4_2 x2apic movbe popcnt tsc_deadline_timer aes xsave avx f16c rdrand lahf_lm abm 3dnowprefetch epb intel_pt tpr_shadow vnmi flexpriority ept vpid fsgsbase tsc_adjust bmi1 hle avx2 smep bmi2 erms invpcid rtm mpx rdseed adx smap clflushopt xsaveopt xsavec xgetbv1 dtherm ida arat pln pts hwp hwp_notify hwp_act_window hwp_epp
bugs		:
bogomips	: 5616.36
clflush size	: 64
cache_alignment	: 64
address sizes	: 39 bits physical, 48 bits virtual
power management:

processor	: 4
vendor_id	: GenuineIntel
cpu family	: 6
model		: 94
model name	: Intel(R) Core(TM) i7-6700T CPU @ 2.80GHz
stepping	: 3
microcode	: 0xa6
cpu MHz		: 3399.921
cache size	: 8192 KB
physical id	: 0
siblings	: 8
core id		: 0
cpu cores	: 4
apicid		: 1
initial apicid	: 1
fpu		: yes
fpu_exception	: yes
cpuid level	: 22
wp		: yes
flags		: fpu vme de pse tsc msr pae mce cx8 apic sep mtrr pge mca cmov pat pse36 clflush dts acpi mmx fxsr sse sse2 ss ht tm pbe syscall nx pdpe1gb rdtscp lm constant_tsc art arch_perfmon pebs bts rep_good nopl xtopology nonstop_tsc aperfmperf eagerfpu pni pclmulqdq dtes64 monitor ds_cpl vmx smx est tm2 ssse3 sdbg fma cx16 xtpr pdcm pcid sse4_1 sse4_2 x2apic movbe popcnt tsc_deadline_timer aes xsave avx f16c rdrand lahf_lm abm 3dnowprefetch epb intel_pt tpr_shadow vnmi flexpriority ept vpid fsgsbase tsc_adjust bmi1 hle avx2 smep bmi2 erms invpcid rtm mpx rdseed adx smap clflushopt xsaveopt xsavec xgetbv1 dtherm ida arat pln pts hwp hwp_notify hwp_act_window hwp_epp
bugs		:
bogomips	: 5616.36
clflush size	: 64
cache_alignment	: 64
address sizes	: 39 bits physical, 48 bits virtual
power management:

processor	: 5
vendor_id	: GenuineIntel
cpu family	: 6
model		: 94
model name	: Intel(R) Core(TM) i7-6700T CPU @ 2.80GHz
stepping	: 3
microcode	: 0xa6
cpu MHz		: 3399.921
cache size	: 8192 KB
physical id	: 0
siblings	: 8
core id		: 1
cpu cores	: 4
apicid		: 3
initial apicid	: 3
fpu		: yes
fpu_exception	: yes
cpuid level	: 22
wp		: yes
flags		: fpu vme de pse tsc msr pae mce cx8 apic sep mtrr pge mca cmov pat pse36 clflush dts acpi mmx fxsr sse sse2 ss ht tm pbe syscall nx pdpe1gb rdtscp lm constant_tsc art arch_perfmon pebs bts rep_good nopl xtopology nonstop_tsc aperfmperf eagerfpu pni pclmulqdq dtes64 monitor ds_cpl vmx smx est tm2 ssse3 sdbg fma cx16 xtpr pdcm pcid sse4_1 sse4_2 x2apic movbe popcnt tsc_deadline_timer aes xsave avx f16c rdrand lahf_lm abm 3dnowprefetch epb intel_pt tpr_shadow vnmi flexpriority ept vpid fsgsbase tsc_adjust bmi1 hle avx2 smep bmi2 erms invpcid rtm mpx rdseed adx smap clflushopt xsaveopt xsavec xgetbv1 dtherm ida arat pln pts hwp hwp_notify hwp_act_window hwp_epp
bugs		:
bogomips	: 5616.36
clflush size	: 64
cache_alignment	: 64
address sizes	: 39 bits physical, 48 bits virtual
power management:

processor	: 6
vendor_id	: GenuineIntel
cpu family	: 6
model		: 94
model name	: Intel(R) Core(TM) i7-6700T CPU @ 2.80GHz
stepping	: 3
microcode	: 0xa6
cpu MHz		: 3399.921
cache size	: 8192 KB
physical id	: 0
siblings	: 8
core id		: 2
cpu cores	: 4
apicid		: 5
initial apicid	: 5
fpu		: yes
fpu_exception	: yes
cpuid level	: 22
wp		: yes
flags		: fpu vme de pse tsc msr pae mce cx8 apic sep mtrr pge mca cmov pat pse36 clflush dts acpi mmx fxsr sse sse2 ss ht tm pbe syscall nx pdpe1gb rdtscp lm constant_tsc art arch_perfmon pebs bts rep_good nopl xtopology nonstop_tsc aperfmperf eagerfpu pni pclmulqdq dtes64 monitor ds_cpl vmx smx est tm2 ssse3 sdbg fma cx16 xtpr pdcm pcid sse4_1 sse4_2 x2apic movbe popcnt tsc_deadline_timer aes xsave avx f16c rdrand lahf_lm abm 3dnowprefetch epb intel_pt tpr_shadow vnmi flexpriority ept vpid fsgsbase tsc_adjust bmi1 hle avx2 smep bmi2 erms invpcid rtm mpx rdseed adx smap clflushopt xsaveopt xsavec xgetbv1 dtherm ida arat pln pts hwp hwp_notify hwp_act_window hwp_epp
bugs		:
bogomips	: 5616.36
clflush size	: 64
cache_alignment	: 64
address sizes	: 39 bits physical, 48 bits virtual
power management:

processor	: 7
vendor_id	: GenuineIntel
cpu family	: 6
model		: 94
model name	: Intel(R) Core(TM) i7-6700T CPU @ 2.80GHz
stepping	: 3
microcode	: 0xa6
cpu MHz		: 3399.921
cache size	: 8192 KB
physical id	: 0
siblings	: 8
core id		: 3
cpu cores	: 4
apicid		: 7
initial apicid	: 7
fpu		: yes
fpu_exception	: yes
cpuid level	: 22
wp		: yes
flags		: fpu vme de pse tsc msr pae mce cx8 apic sep mtrr pge mca cmov pat pse36 clflush dts acpi mmx fxsr sse sse2 ss ht tm pbe syscall nx pdpe1gb rdtscp lm constant_tsc art arch_perfmon pebs bts rep_good nopl xtopology nonstop_tsc aperfmperf eagerfpu pni pclmulqdq dtes64 monitor ds_cpl vmx smx est tm2 ssse3 sdbg fma cx16 xtpr pdcm pcid sse4_1 sse4_2 x2apic movbe popcnt tsc_deadline_timer aes xsave avx f16c rdrand lahf_lm abm 3dnowprefetch epb intel_pt tpr_shadow vnmi flexpriority ept vpid fsgsbase tsc_adjust bmi1 hle avx2 smep bmi2 erms invpcid rtm mpx rdseed adx smap clflushopt xsaveopt xsavec xgetbv1 dtherm ida arat pln pts hwp hwp_notify hwp_act_window hwp_epp
bugs		:
bogomips	: 5616.36
clflush size	: 64
cache_alignment	: 64
address sizes	: 39 bits physical, 48 bits virtual
power management:



Memory: 4k page, physical 16257156k(829328k free), swap 16601084k(229340k free)

vm_info: Java HotSpot(TM) 64-Bit Server VM (25.121-b13) for linux-amd64 JRE (1.8.0_121-b13), built on Dec 12 2016 16:36:53 by "java_re" with gcc 4.3.0 20080428 (Red Hat 4.3.0-8)

time: Fri Jul  7 16:37:57 2017
elapsed time: 44 seconds (0d 0h 0m 44s)

