#
# There is insufficient memory for the Java Runtime Environment to continue.
# Native memory allocation (mmap) failed to map 113246208 bytes for committing reserved memory.
# Possible reasons:
#   The system is out of physical RAM or swap space
#   In 32 bit mode, the process size limit was hit
# Possible solutions:
#   Reduce memory load on the system
#   Increase physical memory or swap space
#   Check if swap backing store is full
#   Use 64 bit Java on a 64 bit OS
#   Decrease Java heap size (-Xmx/-Xms)
#   Decrease number of Java threads
#   Decrease Java thread stack sizes (-Xss)
#   Set larger code cache with -XX:ReservedCodeCacheSize=
# This output file may be truncated or incomplete.
#
#  Out of Memory Error (os_linux.cpp:2627), pid=13074, tid=0x00007fc60478d700
#
# JRE version: Java(TM) SE Runtime Environment (8.0_121-b13) (build 1.8.0_121-b13)
# Java VM: Java HotSpot(TM) 64-Bit Server VM (25.121-b13 mixed mode linux-amd64 compressed oops)
# Failed to write core dump. Core dumps have been disabled. To enable core dumping, try "ulimit -c unlimited" before starting Java again
#

---------------  T H R E A D  ---------------

Current thread (0x00007fc6201c7000):  VMThread [stack: 0x00007fc60468d000,0x00007fc60478e000] [id=13678]

Stack: [0x00007fc60468d000,0x00007fc60478e000],  sp=0x00007fc60478c1e0,  free space=1020k
Native frames: (J=compiled Java code, j=interpreted, Vv=VM code, C=native code)
V  [libjvm.so+0xac703a]  VMError::report_and_die()+0x2ba
V  [libjvm.so+0x4fc7eb]  report_vm_out_of_memory(char const*, int, unsigned long, VMErrorType, char const*)+0x8b
V  [libjvm.so+0x923c43]  os::Linux::commit_memory_impl(char*, unsigned long, bool)+0x103
V  [libjvm.so+0x924199]  os::pd_commit_memory(char*, unsigned long, unsigned long, bool)+0x29
V  [libjvm.so+0x91e4aa]  os::commit_memory(char*, unsigned long, unsigned long, bool)+0x2a
V  [libjvm.so+0x992f03]  PSVirtualSpace::expand_by(unsigned long)+0x53
V  [libjvm.so+0x994308]  PSYoungGen::resize_generation(unsigned long, unsigned long)+0xf8
V  [libjvm.so+0x993462]  PSYoungGen::resize(unsigned long, unsigned long)+0x22
V  [libjvm.so+0x99073b]  PSScavenge::invoke_no_policy()+0xf3b
V  [libjvm.so+0x990ec1]  PSScavenge::invoke()+0x41
V  [libjvm.so+0x947c10]  ParallelScavengeHeap::failed_mem_allocate(unsigned long)+0x70
V  [libjvm.so+0xac8a57]  VM_ParallelGCFailedAllocation::doit()+0x97
V  [libjvm.so+0xad0535]  VM_Operation::evaluate()+0x55
V  [libjvm.so+0xace90a]  VMThread::evaluate_operation(VM_Operation*)+0xba
V  [libjvm.so+0xacec8e]  VMThread::loop()+0x1ce
V  [libjvm.so+0xacf100]  VMThread::run()+0x70
V  [libjvm.so+0x926268]  java_start(Thread*)+0x108

VM_Operation (0x00007fc5dec9d1d0): ParallelGCFailedAllocation, mode: safepoint, requested by thread 0x00007fc620253000


---------------  P R O C E S S  ---------------

Java Threads: ( => current thread )
  0x00007fc620242800 JavaThread "pool-18-thread-7" [_thread_blocked, id=23958, stack(0x00007fc5df2a5000,0x00007fc5df3a6000)]
  0x00007fc620250000 JavaThread "pool-18-thread-6" [_thread_blocked, id=23957, stack(0x00007fc5deda0000,0x00007fc5deea1000)]
  0x00007fc620253000 JavaThread "pool-18-thread-5" [_thread_blocked, id=23956, stack(0x00007fc5deb9e000,0x00007fc5dec9f000)]
  0x00007fc620256800 JavaThread "pool-18-thread-4" [_thread_blocked, id=23955, stack(0x00007fc5dea3a000,0x00007fc5deb3b000)]
  0x00007fc620246000 JavaThread "pool-18-thread-3" [_thread_blocked, id=23954, stack(0x00007fc5defa2000,0x00007fc5df0a3000)]
  0x00007fc620255000 JavaThread "pool-18-thread-2" [_thread_blocked, id=23953, stack(0x00007fc5de838000,0x00007fc5de939000)]
  0x00007fc62024e000 JavaThread "pool-18-thread-1" [_thread_blocked, id=23952, stack(0x00007fc5deea1000,0x00007fc5defa2000)]
  0x00007fc620211000 JavaThread "Service Thread" daemon [_thread_blocked, id=14150, stack(0x00007fc5df5a8000,0x00007fc5df6a9000)]
  0x00007fc62020e000 JavaThread "C1 CompilerThread3" daemon [_thread_blocked, id=14138, stack(0x00007fc5df6a9000,0x00007fc5df7aa000)]
  0x00007fc62020c800 JavaThread "C2 CompilerThread2" daemon [_thread_blocked, id=14116, stack(0x00007fc604087000,0x00007fc604188000)]
  0x00007fc62020a800 JavaThread "C2 CompilerThread1" daemon [_thread_blocked, id=14084, stack(0x00007fc604188000,0x00007fc604289000)]
  0x00007fc620208000 JavaThread "C2 CompilerThread0" daemon [_thread_blocked, id=14055, stack(0x00007fc604289000,0x00007fc60438a000)]
  0x00007fc620206800 JavaThread "Signal Dispatcher" daemon [_thread_blocked, id=14033, stack(0x00007fc60438a000,0x00007fc60448b000)]
  0x00007fc6201d3000 JavaThread "Finalizer" daemon [_thread_blocked, id=13858, stack(0x00007fc60448b000,0x00007fc60458c000)]
  0x00007fc6201ce800 JavaThread "Reference Handler" daemon [_thread_blocked, id=13811, stack(0x00007fc60458c000,0x00007fc60468d000)]
  0x00007fc620009800 JavaThread "main" [_thread_blocked, id=13116, stack(0x00007fc626867000,0x00007fc626968000)]

Other Threads:
=>0x00007fc6201c7000 VMThread [stack: 0x00007fc60468d000,0x00007fc60478e000] [id=13678]
  0x00007fc620214000 WatcherThread [stack: 0x00007fc5df4a7000,0x00007fc5df5a8000] [id=14185]

VM state:at safepoint (normal execution)

VM Mutex/Monitor currently owned by a thread:  ([mutex/lock_event])
[0x00007fc620005e40] Threads_lock - owner thread: 0x00007fc6201c7000
[0x00007fc620006340] Heap_lock - owner thread: 0x00007fc620253000

Heap:
 PSYoungGen      total 130048K, used 624K [0x000000076d500000, 0x0000000776700000, 0x00000007c0000000)
  eden space 119808K, 0% used [0x000000076d500000,0x000000076d500000,0x0000000774a00000)
  from space 10240K, 6% used [0x0000000775d00000,0x0000000775d9c030,0x0000000776700000)
  to   space 10240K, 0% used [0x0000000774a00000,0x0000000774a00000,0x0000000775400000)
 ParOldGen       total 171008K, used 16K [0x00000006c7e00000, 0x00000006d2500000, 0x000000076d500000)
  object space 171008K, 0% used [0x00000006c7e00000,0x00000006c7e04000,0x00000006d2500000)
 Metaspace       used 3288K, capacity 4664K, committed 4864K, reserved 1056768K
  class space    used 340K, capacity 424K, committed 512K, reserved 1048576K

Card table byte_map: [0x00007fc60fe4c000,0x00007fc61060e000] byte_map_base: 0x00007fc60c80d000

Marking Bits: (ParMarkBitMap*) 0x00007fc625d3ac80
 Begin Bits: [0x00007fc607508000, 0x00007fc60b310000)
 End Bits:   [0x00007fc60b310000, 0x00007fc60f118000)

Polling page: 0x00007fc626984000

CodeCache: size=245760Kb used=1880Kb max_used=1893Kb free=243879Kb
 bounds [0x00007fc6109ce000, 0x00007fc610c3e000, 0x00007fc61f9ce000]
 total_blobs=571 nmethods=310 adapters=175
 compilation: enabled

Compilation events (10 events):
Event: 11,591 Thread 0x00007fc62020e000 nmethod 363 0x00007fc610b80590 code [0x00007fc610b806e0, 0x00007fc610b80830]
Event: 11,593 Thread 0x00007fc62020a800  364 % !   4       main.FileHandler::run @ 100 (206 bytes)
Event: 11,729 Thread 0x00007fc62020e000  365       3       java.util.concurrent.locks.AbstractQueuedSynchronizer::acquire (27 bytes)
Event: 11,729 Thread 0x00007fc62020e000 nmethod 365 0x00007fc610b7fdd0 code [0x00007fc610b7ff80, 0x00007fc610b80438]
Event: 14,778 Thread 0x00007fc62020a800 nmethod 364% 0x00007fc610ba8610 code [0x00007fc610ba8900, 0x00007fc610ba9be8]
Event: 17,278 Thread 0x00007fc62020e000  366       3       java.lang.ref.SoftReference::<init> (13 bytes)
Event: 17,286 Thread 0x00007fc62020e000 nmethod 366 0x00007fc610b7f790 code [0x00007fc610b7f900, 0x00007fc610b7fbf0]
Event: 17,290 Thread 0x00007fc62020c800  367   !   4       main.FileHandler::run (206 bytes)
Event: 17,295 Thread 0x00007fc62020e000  369       3       java.util.HashMap$Node::<init> (26 bytes)
Event: 17,295 Thread 0x00007fc62020e000 nmethod 369 0x00007fc610ba7e50 code [0x00007fc610ba7fc0, 0x00007fc610ba81b0]

GC Heap History (7 events):
Event: 4,173 GC heap before
{Heap before GC invocations=1 (full 0):
 PSYoungGen      total 74752K, used 64512K [0x000000076d500000, 0x0000000772800000, 0x00000007c0000000)
  eden space 64512K, 100% used [0x000000076d500000,0x0000000771400000,0x0000000771400000)
  from space 10240K, 0% used [0x0000000771e00000,0x0000000771e00000,0x0000000772800000)
  to   space 10240K, 0% used [0x0000000771400000,0x0000000771400000,0x0000000771e00000)
 ParOldGen       total 171008K, used 0K [0x00000006c7e00000, 0x00000006d2500000, 0x000000076d500000)
  object space 171008K, 0% used [0x00000006c7e00000,0x00000006c7e00000,0x00000006d2500000)
 Metaspace       used 3207K, capacity 4664K, committed 4864K, reserved 1056768K
  class space    used 340K, capacity 424K, committed 512K, reserved 1048576K
Event: 4,239 GC heap after
Heap after GC invocations=1 (full 0):
 PSYoungGen      total 74752K, used 626K [0x000000076d500000, 0x0000000776700000, 0x00000007c0000000)
  eden space 64512K, 0% used [0x000000076d500000,0x000000076d500000,0x0000000771400000)
  from space 10240K, 6% used [0x0000000771400000,0x000000077149c8f8,0x0000000771e00000)
  to   space 10240K, 0% used [0x0000000775d00000,0x0000000775d00000,0x0000000776700000)
 ParOldGen       total 171008K, used 8K [0x00000006c7e00000, 0x00000006d2500000, 0x000000076d500000)
  object space 171008K, 0% used [0x00000006c7e00000,0x00000006c7e02000,0x00000006d2500000)
 Metaspace       used 3207K, capacity 4664K, committed 4864K, reserved 1056768K
  class space    used 340K, capacity 424K, committed 512K, reserved 1048576K
}
Event: 6,935 GC heap before
{Heap before GC invocations=2 (full 0):
 PSYoungGen      total 74752K, used 65138K [0x000000076d500000, 0x0000000776700000, 0x00000007c0000000)
  eden space 64512K, 100% used [0x000000076d500000,0x0000000771400000,0x0000000771400000)
  from space 10240K, 6% used [0x0000000771400000,0x000000077149c8f8,0x0000000771e00000)
  to   space 10240K, 0% used [0x0000000775d00000,0x0000000775d00000,0x0000000776700000)
 ParOldGen       total 171008K, used 8K [0x00000006c7e00000, 0x00000006d2500000, 0x000000076d500000)
  object space 171008K, 0% used [0x00000006c7e00000,0x00000006c7e02000,0x00000006d2500000)
 Metaspace       used 3226K, capacity 4664K, committed 4864K, reserved 1056768K
  class space    used 340K, capacity 424K, committed 512K, reserved 1048576K
Event: 6,946 GC heap after
Heap after GC invocations=2 (full 0):
 PSYoungGen      total 65536K, used 592K [0x000000076d500000, 0x0000000775e00000, 0x00000007c0000000)
  eden space 64512K, 0% used [0x000000076d500000,0x000000076d500000,0x0000000771400000)
  from space 1024K, 57% used [0x0000000775d00000,0x0000000775d94010,0x0000000775e00000)
  to   space 10240K, 0% used [0x0000000774a00000,0x0000000774a00000,0x0000000775400000)
 ParOldGen       total 171008K, used 8K [0x00000006c7e00000, 0x00000006d2500000, 0x000000076d500000)
  object space 171008K, 0% used [0x00000006c7e00000,0x00000006c7e02000,0x00000006d2500000)
 Metaspace       used 3226K, capacity 4664K, committed 4864K, reserved 1056768K
  class space    used 340K, capacity 424K, committed 512K, reserved 1048576K
}
Event: 8,185 GC heap before
{Heap before GC invocations=3 (full 0):
 PSYoungGen      total 65536K, used 65104K [0x000000076d500000, 0x0000000775e00000, 0x00000007c0000000)
  eden space 64512K, 100% used [0x000000076d500000,0x0000000771400000,0x0000000771400000)
  from space 1024K, 57% used [0x0000000775d00000,0x0000000775d94010,0x0000000775e00000)
  to   space 10240K, 0% used [0x0000000774a00000,0x0000000774a00000,0x0000000775400000)
 ParOldGen       total 171008K, used 8K [0x00000006c7e00000, 0x00000006d2500000, 0x000000076d500000)
  object space 171008K, 0% used [0x00000006c7e00000,0x00000006c7e02000,0x00000006d2500000)
 Metaspace       used 3243K, capacity 4664K, committed 4864K, reserved 1056768K
  class space    used 340K, capacity 424K, committed 512K, reserved 1048576K
Event: 8,368 GC heap after
Heap after GC invocations=3 (full 0):
 PSYoungGen      total 130048K, used 752K [0x000000076d500000, 0x0000000776700000, 0x00000007c0000000)
  eden space 119808K, 0% used [0x000000076d500000,0x000000076d500000,0x0000000774a00000)
  from space 10240K, 7% used [0x0000000774a00000,0x0000000774abc010,0x0000000775400000)
  to   space 10240K, 0% used [0x0000000775d00000,0x0000000775d00000,0x0000000776700000)
 ParOldGen       total 171008K, used 8K [0x00000006c7e00000, 0x00000006d2500000, 0x000000076d500000)
  object space 171008K, 0% used [0x00000006c7e00000,0x00000006c7e02000,0x00000006d2500000)
 Metaspace       used 3243K, capacity 4664K, committed 4864K, reserved 1056768K
  class space    used 340K, capacity 424K, committed 512K, reserved 1048576K
}
Event: 17,307 GC heap before
{Heap before GC invocations=4 (full 0):
 PSYoungGen      total 130048K, used 120560K [0x000000076d500000, 0x0000000776700000, 0x00000007c0000000)
  eden space 119808K, 100% used [0x000000076d500000,0x0000000774a00000,0x0000000774a00000)
  from space 10240K, 7% used [0x0000000774a00000,0x0000000774abc010,0x0000000775400000)
  to   space 10240K, 0% used [0x0000000775d00000,0x0000000775d00000,0x0000000776700000)
 ParOldGen       total 171008K, used 8K [0x00000006c7e00000, 0x00000006d2500000, 0x000000076d500000)
  object space 171008K, 0% used [0x00000006c7e00000,0x00000006c7e02000,0x00000006d2500000)
 Metaspace       used 3288K, capacity 4664K, committed 4864K, reserved 1056768K
  class space    used 340K, capacity 424K, committed 512K, reserved 1048576K

Deoptimization events (8 events):
Event: 0,944 Thread 0x00007fc620009800 Uncommon trap: reason=unstable_if action=reinterpret pc=0x00007fc610af1de8 method=java.lang.String.compareTo(Ljava/lang/String;)I @ 38
Event: 0,949 Thread 0x00007fc620009800 Uncommon trap: reason=unstable_if action=reinterpret pc=0x00007fc610af3794 method=java.lang.String.lastIndexOf(II)I @ 23
Event: 2,347 Thread 0x00007fc62024e000 Uncommon trap: reason=unstable_if action=reinterpret pc=0x00007fc610b2d728 method=sun.misc.FloatingDecimal$ASCIIToBinaryBuffer.doubleValue()D @ 149
Event: 2,555 Thread 0x00007fc620255000 Uncommon trap: reason=predicate action=maybe_recompile pc=0x00007fc610b37f7c method=java.util.AbstractCollection.toArray([Ljava/lang/Object;)[Ljava/lang/Object; @ 49
Event: 3,206 Thread 0x00007fc620258800 Uncommon trap: reason=array_check action=maybe_recompile pc=0x00007fc610b48084 method=java.util.AbstractCollection.toArray([Ljava/lang/Object;)[Ljava/lang/Object; @ 119
Event: 3,207 Thread 0x00007fc620258800 Uncommon trap: reason=array_check action=maybe_recompile pc=0x00007fc610b48084 method=java.util.AbstractCollection.toArray([Ljava/lang/Object;)[Ljava/lang/Object; @ 119
Event: 3,208 Thread 0x00007fc620258800 Uncommon trap: reason=array_check action=maybe_recompile pc=0x00007fc610b48084 method=java.util.AbstractCollection.toArray([Ljava/lang/Object;)[Ljava/lang/Object; @ 119
Event: 3,209 Thread 0x00007fc620258800 Uncommon trap: reason=array_check action=maybe_recompile pc=0x00007fc610b48084 method=java.util.AbstractCollection.toArray([Ljava/lang/Object;)[Ljava/lang/Object; @ 119

Internal exceptions (2 events):
Event: 0,390 Thread 0x00007fc620009800 Exception <a 'java/lang/NoSuchMethodError': Method sun.misc.Unsafe.defineClass(Ljava/lang/String;[BII)Ljava/lang/Class; name or signature does not match> (0x000000076d507ca8) thrown at [/HUDSON3/workspace/8-2-build-linux-amd64/jdk8u121/8372/hotspot/src/sh
Event: 0,390 Thread 0x00007fc620009800 Exception <a 'java/lang/NoSuchMethodError': Method sun.misc.Unsafe.prefetchRead(Ljava/lang/Object;J)V name or signature does not match> (0x000000076d507f90) thrown at [/HUDSON3/workspace/8-2-build-linux-amd64/jdk8u121/8372/hotspot/src/share/vm/prims/jni.c

Events (10 events):
Event: 17,285 Thread 0x00007fc62024e000 Thread added: 0x00007fc62024e000
Event: 17,289 Thread 0x00007fc620255000 Thread added: 0x00007fc620255000
Event: 17,290 Thread 0x00007fc620255000 DEOPT PACKING pc=0x00007fc610b8d65f sp=0x00007fc5de937390
Event: 17,290 Thread 0x00007fc620255000 DEOPT UNPACKING pc=0x00007fc610a15633 sp=0x00007fc5de9371e8 mode 0
Event: 17,292 Thread 0x00007fc620246000 Thread added: 0x00007fc620246000
Event: 17,294 Thread 0x00007fc620256800 Thread added: 0x00007fc620256800
Event: 17,297 Thread 0x00007fc620253000 Thread added: 0x00007fc620253000
Event: 17,299 Thread 0x00007fc620250000 Thread added: 0x00007fc620250000
Event: 17,301 Executing VM operation: ParallelGCFailedAllocation
Event: 17,306 Thread 0x00007fc620242800 Thread added: 0x00007fc620242800


Dynamic libraries:
00400000-00401000 r-xp 00000000 08:01 13378836                           /usr/lib/jvm/java-8-oracle/jre/bin/java
00600000-00601000 rw-p 00000000 08:01 13378836                           /usr/lib/jvm/java-8-oracle/jre/bin/java
00eb3000-00ed4000 rw-p 00000000 00:00 0                                  [heap]
6c7e00000-6d2500000 rw-p 00000000 00:00 0 
6d2500000-76d500000 ---p 00000000 00:00 0 
76d500000-776700000 rw-p 00000000 00:00 0 
77d300000-7c0000000 ---p 00000000 00:00 0 
7c0000000-7c0080000 rw-p 00000000 00:00 0 
7c0080000-800000000 ---p 00000000 00:00 0 
7fc584000000-7fc584021000 rw-p 00000000 00:00 0 
7fc584021000-7fc588000000 ---p 00000000 00:00 0 
7fc58c000000-7fc58c021000 rw-p 00000000 00:00 0 
7fc58c021000-7fc590000000 ---p 00000000 00:00 0 
7fc590000000-7fc590021000 rw-p 00000000 00:00 0 
7fc590021000-7fc594000000 ---p 00000000 00:00 0 
7fc594000000-7fc594021000 rw-p 00000000 00:00 0 
7fc594021000-7fc598000000 ---p 00000000 00:00 0 
7fc598000000-7fc598021000 rw-p 00000000 00:00 0 
7fc598021000-7fc59c000000 ---p 00000000 00:00 0 
7fc59c000000-7fc59c021000 rw-p 00000000 00:00 0 
7fc59c021000-7fc5a0000000 ---p 00000000 00:00 0 
7fc5a0000000-7fc5a0021000 rw-p 00000000 00:00 0 
7fc5a0021000-7fc5a4000000 ---p 00000000 00:00 0 
7fc5a4000000-7fc5a4021000 rw-p 00000000 00:00 0 
7fc5a4021000-7fc5a8000000 ---p 00000000 00:00 0 
7fc5a8000000-7fc5a8021000 rw-p 00000000 00:00 0 
7fc5a8021000-7fc5ac000000 ---p 00000000 00:00 0 
7fc5ac000000-7fc5ac021000 rw-p 00000000 00:00 0 
7fc5ac021000-7fc5b0000000 ---p 00000000 00:00 0 
7fc5b0000000-7fc5b0021000 rw-p 00000000 00:00 0 
7fc5b0021000-7fc5b4000000 ---p 00000000 00:00 0 
7fc5b4000000-7fc5b4021000 rw-p 00000000 00:00 0 
7fc5b4021000-7fc5b8000000 ---p 00000000 00:00 0 
7fc5b8000000-7fc5b8021000 rw-p 00000000 00:00 0 
7fc5b8021000-7fc5bc000000 ---p 00000000 00:00 0 
7fc5bc000000-7fc5bc2f4000 rw-p 00000000 00:00 0 
7fc5bc2f4000-7fc5c0000000 ---p 00000000 00:00 0 
7fc5c0000000-7fc5c0021000 rw-p 00000000 00:00 0 
7fc5c0021000-7fc5c4000000 ---p 00000000 00:00 0 
7fc5c4000000-7fc5c4392000 rw-p 00000000 00:00 0 
7fc5c4392000-7fc5c8000000 ---p 00000000 00:00 0 
7fc5c8000000-7fc5c8397000 rw-p 00000000 00:00 0 
7fc5c8397000-7fc5cc000000 ---p 00000000 00:00 0 
7fc5cc000000-7fc5cc021000 rw-p 00000000 00:00 0 
7fc5cc021000-7fc5d0000000 ---p 00000000 00:00 0 
7fc5d0000000-7fc5d031f000 rw-p 00000000 00:00 0 
7fc5d031f000-7fc5d4000000 ---p 00000000 00:00 0 
7fc5d4000000-7fc5d4021000 rw-p 00000000 00:00 0 
7fc5d4021000-7fc5d8000000 ---p 00000000 00:00 0 
7fc5d8000000-7fc5d8021000 rw-p 00000000 00:00 0 
7fc5d8021000-7fc5dc000000 ---p 00000000 00:00 0 
7fc5de4b0000-7fc5de737000 rw-p 00000000 00:00 0 
7fc5de737000-7fc5de73a000 ---p 00000000 00:00 0 
7fc5de73a000-7fc5de838000 rw-p 00000000 00:00 0 
7fc5de838000-7fc5de83b000 ---p 00000000 00:00 0 
7fc5de83b000-7fc5de939000 rw-p 00000000 00:00 0 
7fc5de939000-7fc5de93c000 ---p 00000000 00:00 0 
7fc5de93c000-7fc5dea3a000 rw-p 00000000 00:00 0 
7fc5dea3a000-7fc5dea3d000 ---p 00000000 00:00 0 
7fc5dea3d000-7fc5deb3b000 rw-p 00000000 00:00 0 
7fc5deb9e000-7fc5deba1000 ---p 00000000 00:00 0 
7fc5deba1000-7fc5dec9f000 rw-p 00000000 00:00 0 
7fc5dec9f000-7fc5deca2000 ---p 00000000 00:00 0 
7fc5deca2000-7fc5deda0000 rw-p 00000000 00:00 0 
7fc5deda0000-7fc5deda3000 ---p 00000000 00:00 0 
7fc5deda3000-7fc5deea1000 rw-p 00000000 00:00 0 
7fc5deea1000-7fc5deea4000 ---p 00000000 00:00 0 
7fc5deea4000-7fc5defa2000 rw-p 00000000 00:00 0 
7fc5defa2000-7fc5defa5000 ---p 00000000 00:00 0 
7fc5defa5000-7fc5df0a3000 rw-p 00000000 00:00 0 
7fc5df0a3000-7fc5df0a6000 ---p 00000000 00:00 0 
7fc5df0a6000-7fc5df1a4000 rw-p 00000000 00:00 0 
7fc5df1a4000-7fc5df1a7000 ---p 00000000 00:00 0 
7fc5df1a7000-7fc5df2a5000 rw-p 00000000 00:00 0 
7fc5df2a5000-7fc5df2a8000 ---p 00000000 00:00 0 
7fc5df2a8000-7fc5df3a6000 rw-p 00000000 00:00 0 
7fc5df3a6000-7fc5df3a9000 ---p 00000000 00:00 0 
7fc5df3a9000-7fc5df4a7000 rw-p 00000000 00:00 0 
7fc5df4a7000-7fc5df4a8000 ---p 00000000 00:00 0 
7fc5df4a8000-7fc5df5a8000 rw-p 00000000 00:00 0 
7fc5df5a8000-7fc5df5ab000 ---p 00000000 00:00 0 
7fc5df5ab000-7fc5df6a9000 rw-p 00000000 00:00 0 
7fc5df6a9000-7fc5df6ac000 ---p 00000000 00:00 0 
7fc5df6ac000-7fc5df7aa000 rw-p 00000000 00:00 0 
7fc5df7aa000-7fc5e0000000 r--p 00000000 08:01 13376312                   /usr/lib/locale/locale-archive
7fc5e0000000-7fc5e0021000 rw-p 00000000 00:00 0 
7fc5e0021000-7fc5e4000000 ---p 00000000 00:00 0 
7fc5e4000000-7fc5e4021000 rw-p 00000000 00:00 0 
7fc5e4021000-7fc5e8000000 ---p 00000000 00:00 0 
7fc5e8000000-7fc5e8021000 rw-p 00000000 00:00 0 
7fc5e8021000-7fc5ec000000 ---p 00000000 00:00 0 
7fc5ec000000-7fc5ec021000 rw-p 00000000 00:00 0 
7fc5ec021000-7fc5f0000000 ---p 00000000 00:00 0 
7fc5f0000000-7fc5f0021000 rw-p 00000000 00:00 0 
7fc5f0021000-7fc5f4000000 ---p 00000000 00:00 0 
7fc5f4000000-7fc5f4021000 rw-p 00000000 00:00 0 
7fc5f4021000-7fc5f8000000 ---p 00000000 00:00 0 
7fc5f8000000-7fc5f8021000 rw-p 00000000 00:00 0 
7fc5f8021000-7fc5fc000000 ---p 00000000 00:00 0 
7fc5fc000000-7fc5fc021000 rw-p 00000000 00:00 0 
7fc5fc021000-7fc600000000 ---p 00000000 00:00 0 
7fc600000000-7fc600021000 rw-p 00000000 00:00 0 
7fc600021000-7fc604000000 ---p 00000000 00:00 0 
7fc604087000-7fc60408a000 ---p 00000000 00:00 0 
7fc60408a000-7fc604188000 rw-p 00000000 00:00 0 
7fc604188000-7fc60418b000 ---p 00000000 00:00 0 
7fc60418b000-7fc604289000 rw-p 00000000 00:00 0 
7fc604289000-7fc60428c000 ---p 00000000 00:00 0 
7fc60428c000-7fc60438a000 rw-p 00000000 00:00 0 
7fc60438a000-7fc60438d000 ---p 00000000 00:00 0 
7fc60438d000-7fc60448b000 rw-p 00000000 00:00 0 
7fc60448b000-7fc60448e000 ---p 00000000 00:00 0 
7fc60448e000-7fc60458c000 rw-p 00000000 00:00 0 
7fc60458c000-7fc60458f000 ---p 00000000 00:00 0 
7fc60458f000-7fc60468d000 rw-p 00000000 00:00 0 
7fc60468d000-7fc60468e000 ---p 00000000 00:00 0 
7fc60468e000-7fc6062f8000 rw-p 00000000 00:00 0 
7fc6062f8000-7fc6064d1000 r--s 03d3e000 08:01 13378846                   /usr/lib/jvm/java-8-oracle/jre/lib/rt.jar
7fc6064d1000-7fc606987000 rw-p 00000000 00:00 0 
7fc606987000-7fc606d47000 ---p 00000000 00:00 0 
7fc606d47000-7fc60f118000 rw-p 00000000 00:00 0 
7fc60f118000-7fc60f119000 ---p 00000000 00:00 0 
7fc60f119000-7fc60f219000 rw-p 00000000 00:00 0 
7fc60f219000-7fc60f21a000 ---p 00000000 00:00 0 
7fc60f21a000-7fc60f31a000 rw-p 00000000 00:00 0 
7fc60f31a000-7fc60f31b000 ---p 00000000 00:00 0 
7fc60f31b000-7fc60f41b000 rw-p 00000000 00:00 0 
7fc60f41b000-7fc60f41c000 ---p 00000000 00:00 0 
7fc60f41c000-7fc60f51c000 rw-p 00000000 00:00 0 
7fc60f51c000-7fc60f51d000 ---p 00000000 00:00 0 
7fc60f51d000-7fc60f61d000 rw-p 00000000 00:00 0 
7fc60f61d000-7fc60f61e000 ---p 00000000 00:00 0 
7fc60f61e000-7fc60f71e000 rw-p 00000000 00:00 0 
7fc60f71e000-7fc60f71f000 ---p 00000000 00:00 0 
7fc60f71f000-7fc60f81f000 rw-p 00000000 00:00 0 
7fc60f81f000-7fc60f820000 ---p 00000000 00:00 0 
7fc60f820000-7fc60f974000 rw-p 00000000 00:00 0 
7fc60f974000-7fc60fe4c000 ---p 00000000 00:00 0 
7fc60fe4c000-7fc60fea0000 rw-p 00000000 00:00 0 
7fc60fea0000-7fc610377000 ---p 00000000 00:00 0 
7fc610377000-7fc6103c1000 rw-p 00000000 00:00 0 
7fc6103c1000-7fc61060d000 ---p 00000000 00:00 0 
7fc61060d000-7fc610618000 rw-p 00000000 00:00 0 
7fc610618000-7fc6109ce000 ---p 00000000 00:00 0 
7fc6109ce000-7fc610c3e000 rwxp 00000000 00:00 0 
7fc610c3e000-7fc61f9ce000 ---p 00000000 00:00 0 
7fc61f9ce000-7fc61f9e8000 r-xp 00000000 08:01 13380245                   /usr/lib/jvm/java-8-oracle/jre/lib/amd64/libzip.so
7fc61f9e8000-7fc61fbe8000 ---p 0001a000 08:01 13380245                   /usr/lib/jvm/java-8-oracle/jre/lib/amd64/libzip.so
7fc61fbe8000-7fc61fbe9000 rw-p 0001a000 08:01 13380245                   /usr/lib/jvm/java-8-oracle/jre/lib/amd64/libzip.so
7fc61fbe9000-7fc61fbf3000 r-xp 00000000 08:01 2888166                    /lib/x86_64-linux-gnu/libnss_files-2.19.so
7fc61fbf3000-7fc61fdf2000 ---p 0000a000 08:01 2888166                    /lib/x86_64-linux-gnu/libnss_files-2.19.so
7fc61fdf2000-7fc61fdf3000 r--p 00009000 08:01 2888166                    /lib/x86_64-linux-gnu/libnss_files-2.19.so
7fc61fdf3000-7fc61fdf4000 rw-p 0000a000 08:01 2888166                    /lib/x86_64-linux-gnu/libnss_files-2.19.so
7fc61fdf4000-7fc61fdff000 r-xp 00000000 08:01 2888176                    /lib/x86_64-linux-gnu/libnss_nis-2.19.so
7fc61fdff000-7fc61fffe000 ---p 0000b000 08:01 2888176                    /lib/x86_64-linux-gnu/libnss_nis-2.19.so
7fc61fffe000-7fc61ffff000 r--p 0000a000 08:01 2888176                    /lib/x86_64-linux-gnu/libnss_nis-2.19.so
7fc61ffff000-7fc620000000 rw-p 0000b000 08:01 2888176                    /lib/x86_64-linux-gnu/libnss_nis-2.19.so
7fc620000000-7fc62025d000 rw-p 00000000 00:00 0 
7fc62025d000-7fc624000000 ---p 00000000 00:00 0 
7fc62400a000-7fc624021000 r-xp 00000000 08:01 2888160                    /lib/x86_64-linux-gnu/libnsl-2.19.so
7fc624021000-7fc624220000 ---p 00017000 08:01 2888160                    /lib/x86_64-linux-gnu/libnsl-2.19.so
7fc624220000-7fc624221000 r--p 00016000 08:01 2888160                    /lib/x86_64-linux-gnu/libnsl-2.19.so
7fc624221000-7fc624222000 rw-p 00017000 08:01 2888160                    /lib/x86_64-linux-gnu/libnsl-2.19.so
7fc624222000-7fc624224000 rw-p 00000000 00:00 0 
7fc624224000-7fc62422d000 r-xp 00000000 08:01 2888162                    /lib/x86_64-linux-gnu/libnss_compat-2.19.so
7fc62422d000-7fc62442c000 ---p 00009000 08:01 2888162                    /lib/x86_64-linux-gnu/libnss_compat-2.19.so
7fc62442c000-7fc62442d000 r--p 00008000 08:01 2888162                    /lib/x86_64-linux-gnu/libnss_compat-2.19.so
7fc62442d000-7fc62442e000 rw-p 00009000 08:01 2888162                    /lib/x86_64-linux-gnu/libnss_compat-2.19.so
7fc62442e000-7fc624459000 r-xp 00000000 08:01 13380270                   /usr/lib/jvm/java-8-oracle/jre/lib/amd64/libjava.so
7fc624459000-7fc624658000 ---p 0002b000 08:01 13380270                   /usr/lib/jvm/java-8-oracle/jre/lib/amd64/libjava.so
7fc624658000-7fc62465a000 rw-p 0002a000 08:01 13380270                   /usr/lib/jvm/java-8-oracle/jre/lib/amd64/libjava.so
7fc62465a000-7fc624667000 r-xp 00000000 08:01 13380289                   /usr/lib/jvm/java-8-oracle/jre/lib/amd64/libverify.so
7fc624667000-7fc624866000 ---p 0000d000 08:01 13380289                   /usr/lib/jvm/java-8-oracle/jre/lib/amd64/libverify.so
7fc624866000-7fc624868000 rw-p 0000c000 08:01 13380289                   /usr/lib/jvm/java-8-oracle/jre/lib/amd64/libverify.so
7fc624868000-7fc62486f000 r-xp 00000000 08:01 2888219                    /lib/x86_64-linux-gnu/librt-2.19.so
7fc62486f000-7fc624a6e000 ---p 00007000 08:01 2888219                    /lib/x86_64-linux-gnu/librt-2.19.so
7fc624a6e000-7fc624a6f000 r--p 00006000 08:01 2888219                    /lib/x86_64-linux-gnu/librt-2.19.so
7fc624a6f000-7fc624a70000 rw-p 00007000 08:01 2888219                    /lib/x86_64-linux-gnu/librt-2.19.so
7fc624a70000-7fc624b75000 r-xp 00000000 08:01 2888141                    /lib/x86_64-linux-gnu/libm-2.19.so
7fc624b75000-7fc624d74000 ---p 00105000 08:01 2888141                    /lib/x86_64-linux-gnu/libm-2.19.so
7fc624d74000-7fc624d75000 r--p 00104000 08:01 2888141                    /lib/x86_64-linux-gnu/libm-2.19.so
7fc624d75000-7fc624d76000 rw-p 00105000 08:01 2888141                    /lib/x86_64-linux-gnu/libm-2.19.so
7fc624d76000-7fc625a44000 r-xp 00000000 08:01 13380286                   /usr/lib/jvm/java-8-oracle/jre/lib/amd64/server/libjvm.so
7fc625a44000-7fc625c44000 ---p 00cce000 08:01 13380286                   /usr/lib/jvm/java-8-oracle/jre/lib/amd64/server/libjvm.so
7fc625c44000-7fc625d1d000 rw-p 00cce000 08:01 13380286                   /usr/lib/jvm/java-8-oracle/jre/lib/amd64/server/libjvm.so
7fc625d1d000-7fc625d68000 rw-p 00000000 00:00 0 
7fc625d68000-7fc625f22000 r-xp 00000000 08:01 2888091                    /lib/x86_64-linux-gnu/libc-2.19.so
7fc625f22000-7fc626122000 ---p 001ba000 08:01 2888091                    /lib/x86_64-linux-gnu/libc-2.19.so
7fc626122000-7fc626126000 r--p 001ba000 08:01 2888091                    /lib/x86_64-linux-gnu/libc-2.19.so
7fc626126000-7fc626128000 rw-p 001be000 08:01 2888091                    /lib/x86_64-linux-gnu/libc-2.19.so
7fc626128000-7fc62612d000 rw-p 00000000 00:00 0 
7fc62612d000-7fc626130000 r-xp 00000000 08:01 2888108                    /lib/x86_64-linux-gnu/libdl-2.19.so
7fc626130000-7fc62632f000 ---p 00003000 08:01 2888108                    /lib/x86_64-linux-gnu/libdl-2.19.so
7fc62632f000-7fc626330000 r--p 00002000 08:01 2888108                    /lib/x86_64-linux-gnu/libdl-2.19.so
7fc626330000-7fc626331000 rw-p 00003000 08:01 2888108                    /lib/x86_64-linux-gnu/libdl-2.19.so
7fc626331000-7fc626346000 r-xp 00000000 08:01 13380253                   /usr/lib/jvm/java-8-oracle/jre/lib/amd64/jli/libjli.so
7fc626346000-7fc626546000 ---p 00015000 08:01 13380253                   /usr/lib/jvm/java-8-oracle/jre/lib/amd64/jli/libjli.so
7fc626546000-7fc626547000 rw-p 00015000 08:01 13380253                   /usr/lib/jvm/java-8-oracle/jre/lib/amd64/jli/libjli.so
7fc626547000-7fc626560000 r-xp 00000000 08:01 2888211                    /lib/x86_64-linux-gnu/libpthread-2.19.so
7fc626560000-7fc62675f000 ---p 00019000 08:01 2888211                    /lib/x86_64-linux-gnu/libpthread-2.19.so
7fc62675f000-7fc626760000 r--p 00018000 08:01 2888211                    /lib/x86_64-linux-gnu/libpthread-2.19.so
7fc626760000-7fc626761000 rw-p 00019000 08:01 2888211                    /lib/x86_64-linux-gnu/libpthread-2.19.so
7fc626761000-7fc626765000 rw-p 00000000 00:00 0 
7fc626765000-7fc626788000 r-xp 00000000 08:01 2888067                    /lib/x86_64-linux-gnu/ld-2.19.so
7fc6267be000-7fc626867000 rw-p 00000000 00:00 0 
7fc626867000-7fc62686a000 ---p 00000000 00:00 0 
7fc62686a000-7fc62696c000 rw-p 00000000 00:00 0 
7fc626978000-7fc626979000 rw-p 00000000 00:00 0 
7fc626979000-7fc62697b000 r--s 0001b000 08:01 11286680                   /home/nabegh/Bachelor/SubjectooSim/Run.jar
7fc62697b000-7fc626983000 rw-s 00000000 08:01 12061155                   /tmp/hsperfdata_nabegh/13074
7fc626983000-7fc626984000 rw-p 00000000 00:00 0 
7fc626984000-7fc626985000 ---p 00000000 00:00 0 
7fc626985000-7fc626987000 rw-p 00000000 00:00 0 
7fc626987000-7fc626988000 r--p 00022000 08:01 2888067                    /lib/x86_64-linux-gnu/ld-2.19.so
7fc626988000-7fc626989000 rw-p 00023000 08:01 2888067                    /lib/x86_64-linux-gnu/ld-2.19.so
7fc626989000-7fc62698a000 rw-p 00000000 00:00 0 
7ffcecebb000-7ffcecedc000 rw-p 00000000 00:00 0                          [stack]
7ffcecf1e000-7ffcecf20000 r--p 00000000 00:00 0                          [vvar]
7ffcecf20000-7ffcecf22000 r-xp 00000000 00:00 0                          [vdso]
ffffffffff600000-ffffffffff601000 r-xp 00000000 00:00 0                  [vsyscall]

VM Arguments:
java_command: /home/nabegh/Bachelor/SubjectooSim/Run.jar false 0.975 5 2017-07-11 3
java_class_path (initial): /home/nabegh/Bachelor/SubjectooSim/Run.jar
Launcher Type: SUN_STANDARD

Environment Variables:
JAVA_HOME=/usr/lib/jvm/java-8-oracle
PATH=/usr/local/sbin:/usr/local/bin:/usr/sbin:/usr/bin:/sbin:/bin:/usr/games:/usr/local/games:/usr/lib/jvm/java-8-oracle/bin:/usr/lib/jvm/java-8-oracle/db/bin:/usr/lib/jvm/java-8-oracle/jre/bin
SHELL=/bin/bash
DISPLAY=:0

Signal Handlers:
SIGSEGV: [libjvm.so+0xac78c0], sa_mask[0]=11111111011111111101111111111110, sa_flags=SA_RESTART|SA_SIGINFO
SIGBUS: [libjvm.so+0xac78c0], sa_mask[0]=11111111011111111101111111111110, sa_flags=SA_RESTART|SA_SIGINFO
SIGFPE: [libjvm.so+0x920ac0], sa_mask[0]=11111111011111111101111111111110, sa_flags=SA_RESTART|SA_SIGINFO
SIGPIPE: [libjvm.so+0x920ac0], sa_mask[0]=11111111011111111101111111111110, sa_flags=SA_RESTART|SA_SIGINFO
SIGXFSZ: [libjvm.so+0x920ac0], sa_mask[0]=11111111011111111101111111111110, sa_flags=SA_RESTART|SA_SIGINFO
SIGILL: [libjvm.so+0x920ac0], sa_mask[0]=11111111011111111101111111111110, sa_flags=SA_RESTART|SA_SIGINFO
SIGUSR1: SIG_DFL, sa_mask[0]=00000000000000000000000000000000, sa_flags=none
SIGUSR2: [libjvm.so+0x922300], sa_mask[0]=00000000000000000000000000000000, sa_flags=SA_RESTART|SA_SIGINFO
SIGHUP: [libjvm.so+0x923700], sa_mask[0]=11111111011111111101111111111110, sa_flags=SA_RESTART|SA_SIGINFO
SIGINT: [libjvm.so+0x923700], sa_mask[0]=11111111011111111101111111111110, sa_flags=SA_RESTART|SA_SIGINFO
SIGTERM: [libjvm.so+0x923700], sa_mask[0]=11111111011111111101111111111110, sa_flags=SA_RESTART|SA_SIGINFO
SIGQUIT: [libjvm.so+0x923700], sa_mask[0]=11111111011111111101111111111110, sa_flags=SA_RESTART|SA_SIGINFO


---------------  S Y S T E M  ---------------

OS:DISTRIB_ID=Ubuntu
DISTRIB_RELEASE=14.04
DISTRIB_CODENAME=trusty
DISTRIB_DESCRIPTION="Ubuntu 14.04.5 LTS"

uname:Linux 4.4.0-53-generic #74~14.04.1-Ubuntu SMP Fri Dec 2 03:43:31 UTC 2016 x86_64
libc:glibc 2.19 NPTL 2.19 
rlimit: STACK 8192k, CORE 0k, NPROC 63408, NOFILE 4096, AS infinity
load average:164,85 97,47 50,96

/proc/meminfo:
MemTotal:       16257156 kB
MemFree:          146256 kB
MemAvailable:      24484 kB
Buffers:             556 kB
Cached:           418956 kB
SwapCached:        61412 kB
Active:         13633824 kB
Inactive:        1772704 kB
Active(anon):   13629748 kB
Inactive(anon):  1724332 kB
Active(file):       4076 kB
Inactive(file):    48372 kB
Unevictable:          64 kB
Mlocked:              64 kB
SwapTotal:      16601084 kB
SwapFree:            148 kB
Dirty:               396 kB
Writeback:             0 kB
AnonPages:      14927628 kB
Mapped:            48356 kB
Shmem:            365552 kB
Slab:             167260 kB
SReclaimable:      40516 kB
SUnreclaim:       126744 kB
KernelStack:      155456 kB
PageTables:       269052 kB
NFS_Unstable:          0 kB
Bounce:                0 kB
WritebackTmp:          0 kB
CommitLimit:    24729660 kB
Committed_AS:   156167512 kB
VmallocTotal:   34359738367 kB
VmallocUsed:           0 kB
VmallocChunk:          0 kB
HardwareCorrupted:     0 kB
AnonHugePages:   9172992 kB
CmaTotal:              0 kB
CmaFree:               0 kB
HugePages_Total:       0
HugePages_Free:        0
HugePages_Rsvd:        0
HugePages_Surp:        0
Hugepagesize:       2048 kB
DirectMap4k:      428940 kB
DirectMap2M:    16173056 kB
DirectMap1G:           0 kB


CPU:total 8 (4 cores per cpu, 2 threads per core) family 6 model 94 stepping 3, cmov, cx8, fxsr, mmx, sse, sse2, sse3, ssse3, sse4.1, sse4.2, popcnt, avx, avx2, aes, clmul, erms, rtm, 3dnowpref, lzcnt, ht, tsc, tscinvbit, bmi1, bmi2, adx

/proc/cpuinfo:
processor	: 0
vendor_id	: GenuineIntel
cpu family	: 6
model		: 94
model name	: Intel(R) Core(TM) i7-6700T CPU @ 2.80GHz
stepping	: 3
microcode	: 0xa6
cpu MHz		: 2667.218
cache size	: 8192 KB
physical id	: 0
siblings	: 8
core id		: 0
cpu cores	: 4
apicid		: 0
initial apicid	: 0
fpu		: yes
fpu_exception	: yes
cpuid level	: 22
wp		: yes
flags		: fpu vme de pse tsc msr pae mce cx8 apic sep mtrr pge mca cmov pat pse36 clflush dts acpi mmx fxsr sse sse2 ss ht tm pbe syscall nx pdpe1gb rdtscp lm constant_tsc art arch_perfmon pebs bts rep_good nopl xtopology nonstop_tsc aperfmperf eagerfpu pni pclmulqdq dtes64 monitor ds_cpl vmx smx est tm2 ssse3 sdbg fma cx16 xtpr pdcm pcid sse4_1 sse4_2 x2apic movbe popcnt tsc_deadline_timer aes xsave avx f16c rdrand lahf_lm abm 3dnowprefetch epb intel_pt tpr_shadow vnmi flexpriority ept vpid fsgsbase tsc_adjust bmi1 hle avx2 smep bmi2 erms invpcid rtm mpx rdseed adx smap clflushopt xsaveopt xsavec xgetbv1 dtherm ida arat pln pts hwp hwp_notify hwp_act_window hwp_epp
bugs		:
bogomips	: 5616.36
clflush size	: 64
cache_alignment	: 64
address sizes	: 39 bits physical, 48 bits virtual
power management:

processor	: 1
vendor_id	: GenuineIntel
cpu family	: 6
model		: 94
model name	: Intel(R) Core(TM) i7-6700T CPU @ 2.80GHz
stepping	: 3
microcode	: 0xa6
cpu MHz		: 2699.921
cache size	: 8192 KB
physical id	: 0
siblings	: 8
core id		: 1
cpu cores	: 4
apicid		: 2
initial apicid	: 2
fpu		: yes
fpu_exception	: yes
cpuid level	: 22
wp		: yes
flags		: fpu vme de pse tsc msr pae mce cx8 apic sep mtrr pge mca cmov pat pse36 clflush dts acpi mmx fxsr sse sse2 ss ht tm pbe syscall nx pdpe1gb rdtscp lm constant_tsc art arch_perfmon pebs bts rep_good nopl xtopology nonstop_tsc aperfmperf eagerfpu pni pclmulqdq dtes64 monitor ds_cpl vmx smx est tm2 ssse3 sdbg fma cx16 xtpr pdcm pcid sse4_1 sse4_2 x2apic movbe popcnt tsc_deadline_timer aes xsave avx f16c rdrand lahf_lm abm 3dnowprefetch epb intel_pt tpr_shadow vnmi flexpriority ept vpid fsgsbase tsc_adjust bmi1 hle avx2 smep bmi2 erms invpcid rtm mpx rdseed adx smap clflushopt xsaveopt xsavec xgetbv1 dtherm ida arat pln pts hwp hwp_notify hwp_act_window hwp_epp
bugs		:
bogomips	: 5616.36
clflush size	: 64
cache_alignment	: 64
address sizes	: 39 bits physical, 48 bits virtual
power management:

processor	: 2
vendor_id	: GenuineIntel
cpu family	: 6
model		: 94
model name	: Intel(R) Core(TM) i7-6700T CPU @ 2.80GHz
stepping	: 3
microcode	: 0xa6
cpu MHz		: 2699.921
cache size	: 8192 KB
physical id	: 0
siblings	: 8
core id		: 2
cpu cores	: 4
apicid		: 4
initial apicid	: 4
fpu		: yes
fpu_exception	: yes
cpuid level	: 22
wp		: yes
flags		: fpu vme de pse tsc msr pae mce cx8 apic sep mtrr pge mca cmov pat pse36 clflush dts acpi mmx fxsr sse sse2 ss ht tm pbe syscall nx pdpe1gb rdtscp lm constant_tsc art arch_perfmon pebs bts rep_good nopl xtopology nonstop_tsc aperfmperf eagerfpu pni pclmulqdq dtes64 monitor ds_cpl vmx smx est tm2 ssse3 sdbg fma cx16 xtpr pdcm pcid sse4_1 sse4_2 x2apic movbe popcnt tsc_deadline_timer aes xsave avx f16c rdrand lahf_lm abm 3dnowprefetch epb intel_pt tpr_shadow vnmi flexpriority ept vpid fsgsbase tsc_adjust bmi1 hle avx2 smep bmi2 erms invpcid rtm mpx rdseed adx smap clflushopt xsaveopt xsavec xgetbv1 dtherm ida arat pln pts hwp hwp_notify hwp_act_window hwp_epp
bugs		:
bogomips	: 5616.36
clflush size	: 64
cache_alignment	: 64
address sizes	: 39 bits physical, 48 bits virtual
power management:

processor	: 3
vendor_id	: GenuineIntel
cpu family	: 6
model		: 94
model name	: Intel(R) Core(TM) i7-6700T CPU @ 2.80GHz
stepping	: 3
microcode	: 0xa6
cpu MHz		: 2699.921
cache size	: 8192 KB
physical id	: 0
siblings	: 8
core id		: 3
cpu cores	: 4
apicid		: 6
initial apicid	: 6
fpu		: yes
fpu_exception	: yes
cpuid level	: 22
wp		: yes
flags		: fpu vme de pse tsc msr pae mce cx8 apic sep mtrr pge mca cmov pat pse36 clflush dts acpi mmx fxsr sse sse2 ss ht tm pbe syscall nx pdpe1gb rdtscp lm constant_tsc art arch_perfmon pebs bts rep_good nopl xtopology nonstop_tsc aperfmperf eagerfpu pni pclmulqdq dtes64 monitor ds_cpl vmx smx est tm2 ssse3 sdbg fma cx16 xtpr pdcm pcid sse4_1 sse4_2 x2apic movbe popcnt tsc_deadline_timer aes xsave avx f16c rdrand lahf_lm abm 3dnowprefetch epb intel_pt tpr_shadow vnmi flexpriority ept vpid fsgsbase tsc_adjust bmi1 hle avx2 smep bmi2 erms invpcid rtm mpx rdseed adx smap clflushopt xsaveopt xsavec xgetbv1 dtherm ida arat pln pts hwp hwp_notify hwp_act_window hwp_epp
bugs		:
bogomips	: 5616.36
clflush size	: 64
cache_alignment	: 64
address sizes	: 39 bits physical, 48 bits virtual
power management:

processor	: 4
vendor_id	: GenuineIntel
cpu family	: 6
model		: 94
model name	: Intel(R) Core(TM) i7-6700T CPU @ 2.80GHz
stepping	: 3
microcode	: 0xa6
cpu MHz		: 2734.265
cache size	: 8192 KB
physical id	: 0
siblings	: 8
core id		: 0
cpu cores	: 4
apicid		: 1
initial apicid	: 1
fpu		: yes
fpu_exception	: yes
cpuid level	: 22
wp		: yes
flags		: fpu vme de pse tsc msr pae mce cx8 apic sep mtrr pge mca cmov pat pse36 clflush dts acpi mmx fxsr sse sse2 ss ht tm pbe syscall nx pdpe1gb rdtscp lm constant_tsc art arch_perfmon pebs bts rep_good nopl xtopology nonstop_tsc aperfmperf eagerfpu pni pclmulqdq dtes64 monitor ds_cpl vmx smx est tm2 ssse3 sdbg fma cx16 xtpr pdcm pcid sse4_1 sse4_2 x2apic movbe popcnt tsc_deadline_timer aes xsave avx f16c rdrand lahf_lm abm 3dnowprefetch epb intel_pt tpr_shadow vnmi flexpriority ept vpid fsgsbase tsc_adjust bmi1 hle avx2 smep bmi2 erms invpcid rtm mpx rdseed adx smap clflushopt xsaveopt xsavec xgetbv1 dtherm ida arat pln pts hwp hwp_notify hwp_act_window hwp_epp
bugs		:
bogomips	: 5616.36
clflush size	: 64
cache_alignment	: 64
address sizes	: 39 bits physical, 48 bits virtual
power management:

processor	: 5
vendor_id	: GenuineIntel
cpu family	: 6
model		: 94
model name	: Intel(R) Core(TM) i7-6700T CPU @ 2.80GHz
stepping	: 3
microcode	: 0xa6
cpu MHz		: 2699.921
cache size	: 8192 KB
physical id	: 0
siblings	: 8
core id		: 1
cpu cores	: 4
apicid		: 3
initial apicid	: 3
fpu		: yes
fpu_exception	: yes
cpuid level	: 22
wp		: yes
flags		: fpu vme de pse tsc msr pae mce cx8 apic sep mtrr pge mca cmov pat pse36 clflush dts acpi mmx fxsr sse sse2 ss ht tm pbe syscall nx pdpe1gb rdtscp lm constant_tsc art arch_perfmon pebs bts rep_good nopl xtopology nonstop_tsc aperfmperf eagerfpu pni pclmulqdq dtes64 monitor ds_cpl vmx smx est tm2 ssse3 sdbg fma cx16 xtpr pdcm pcid sse4_1 sse4_2 x2apic movbe popcnt tsc_deadline_timer aes xsave avx f16c rdrand lahf_lm abm 3dnowprefetch epb intel_pt tpr_shadow vnmi flexpriority ept vpid fsgsbase tsc_adjust bmi1 hle avx2 smep bmi2 erms invpcid rtm mpx rdseed adx smap clflushopt xsaveopt xsavec xgetbv1 dtherm ida arat pln pts hwp hwp_notify hwp_act_window hwp_epp
bugs		:
bogomips	: 5616.36
clflush size	: 64
cache_alignment	: 64
address sizes	: 39 bits physical, 48 bits virtual
power management:

processor	: 6
vendor_id	: GenuineIntel
cpu family	: 6
model		: 94
model name	: Intel(R) Core(TM) i7-6700T CPU @ 2.80GHz
stepping	: 3
microcode	: 0xa6
cpu MHz		: 2699.921
cache size	: 8192 KB
physical id	: 0
siblings	: 8
core id		: 2
cpu cores	: 4
apicid		: 5
initial apicid	: 5
fpu		: yes
fpu_exception	: yes
cpuid level	: 22
wp		: yes
flags		: fpu vme de pse tsc msr pae mce cx8 apic sep mtrr pge mca cmov pat pse36 clflush dts acpi mmx fxsr sse sse2 ss ht tm pbe syscall nx pdpe1gb rdtscp lm constant_tsc art arch_perfmon pebs bts rep_good nopl xtopology nonstop_tsc aperfmperf eagerfpu pni pclmulqdq dtes64 monitor ds_cpl vmx smx est tm2 ssse3 sdbg fma cx16 xtpr pdcm pcid sse4_1 sse4_2 x2apic movbe popcnt tsc_deadline_timer aes xsave avx f16c rdrand lahf_lm abm 3dnowprefetch epb intel_pt tpr_shadow vnmi flexpriority ept vpid fsgsbase tsc_adjust bmi1 hle avx2 smep bmi2 erms invpcid rtm mpx rdseed adx smap clflushopt xsaveopt xsavec xgetbv1 dtherm ida arat pln pts hwp hwp_notify hwp_act_window hwp_epp
bugs		:
bogomips	: 5616.36
clflush size	: 64
cache_alignment	: 64
address sizes	: 39 bits physical, 48 bits virtual
power management:

processor	: 7
vendor_id	: GenuineIntel
cpu family	: 6
model		: 94
model name	: Intel(R) Core(TM) i7-6700T CPU @ 2.80GHz
stepping	: 3
microcode	: 0xa6
cpu MHz		: 2699.921
cache size	: 8192 KB
physical id	: 0
siblings	: 8
core id		: 3
cpu cores	: 4
apicid		: 7
initial apicid	: 7
fpu		: yes
fpu_exception	: yes
cpuid level	: 22
wp		: yes
flags		: fpu vme de pse tsc msr pae mce cx8 apic sep mtrr pge mca cmov pat pse36 clflush dts acpi mmx fxsr sse sse2 ss ht tm pbe syscall nx pdpe1gb rdtscp lm constant_tsc art arch_perfmon pebs bts rep_good nopl xtopology nonstop_tsc aperfmperf eagerfpu pni pclmulqdq dtes64 monitor ds_cpl vmx smx est tm2 ssse3 sdbg fma cx16 xtpr pdcm pcid sse4_1 sse4_2 x2apic movbe popcnt tsc_deadline_timer aes xsave avx f16c rdrand lahf_lm abm 3dnowprefetch epb intel_pt tpr_shadow vnmi flexpriority ept vpid fsgsbase tsc_adjust bmi1 hle avx2 smep bmi2 erms invpcid rtm mpx rdseed adx smap clflushopt xsaveopt xsavec xgetbv1 dtherm ida arat pln pts hwp hwp_notify hwp_act_window hwp_epp
bugs		:
bogomips	: 5616.36
clflush size	: 64
cache_alignment	: 64
address sizes	: 39 bits physical, 48 bits virtual
power management:



Memory: 4k page, physical 16257156k(145528k free), swap 16601084k(148k free)

vm_info: Java HotSpot(TM) 64-Bit Server VM (25.121-b13) for linux-amd64 JRE (1.8.0_121-b13), built on Dec 12 2016 16:36:53 by "java_re" with gcc 4.3.0 20080428 (Red Hat 4.3.0-8)

time: Fri Jul  7 16:38:24 2017
elapsed time: 20 seconds (0d 0h 0m 20s)

