#
# There is insufficient memory for the Java Runtime Environment to continue.
# Native memory allocation (mmap) failed to map 132120576 bytes for committing reserved memory.
# Possible reasons:
#   The system is out of physical RAM or swap space
#   In 32 bit mode, the process size limit was hit
# Possible solutions:
#   Reduce memory load on the system
#   Increase physical memory or swap space
#   Check if swap backing store is full
#   Use 64 bit Java on a 64 bit OS
#   Decrease Java heap size (-Xmx/-Xms)
#   Decrease number of Java threads
#   Decrease Java thread stack sizes (-Xss)
#   Set larger code cache with -XX:ReservedCodeCacheSize=
# This output file may be truncated or incomplete.
#
#  Out of Memory Error (os_linux.cpp:2627), pid=8791, tid=0x00007fbb691f5700
#
# JRE version: Java(TM) SE Runtime Environment (8.0_121-b13) (build 1.8.0_121-b13)
# Java VM: Java HotSpot(TM) 64-Bit Server VM (25.121-b13 mixed mode linux-amd64 compressed oops)
# Failed to write core dump. Core dumps have been disabled. To enable core dumping, try "ulimit -c unlimited" before starting Java again
#

---------------  T H R E A D  ---------------

Current thread (0x00007fbb841c7000):  VMThread [stack: 0x00007fbb690f5000,0x00007fbb691f6000] [id=8992]

Stack: [0x00007fbb690f5000,0x00007fbb691f6000],  sp=0x00007fbb691f3f60,  free space=1019k
Native frames: (J=compiled Java code, j=interpreted, Vv=VM code, C=native code)
V  [libjvm.so+0xac703a]  VMError::report_and_die()+0x2ba
V  [libjvm.so+0x4fc7eb]  report_vm_out_of_memory(char const*, int, unsigned long, VMErrorType, char const*)+0x8b
V  [libjvm.so+0x923c43]  os::Linux::commit_memory_impl(char*, unsigned long, bool)+0x103
V  [libjvm.so+0x924199]  os::pd_commit_memory(char*, unsigned long, unsigned long, bool)+0x29
V  [libjvm.so+0x91e4aa]  os::commit_memory(char*, unsigned long, unsigned long, bool)+0x2a
V  [libjvm.so+0x992f03]  PSVirtualSpace::expand_by(unsigned long)+0x53
V  [libjvm.so+0x994308]  PSYoungGen::resize_generation(unsigned long, unsigned long)+0xf8
V  [libjvm.so+0x993462]  PSYoungGen::resize(unsigned long, unsigned long)+0x22
V  [libjvm.so+0x99073b]  PSScavenge::invoke_no_policy()+0xf3b
V  [libjvm.so+0x990ec1]  PSScavenge::invoke()+0x41
V  [libjvm.so+0x947c10]  ParallelScavengeHeap::failed_mem_allocate(unsigned long)+0x70
V  [libjvm.so+0xac8a57]  VM_ParallelGCFailedAllocation::doit()+0x97
V  [libjvm.so+0xad0535]  VM_Operation::evaluate()+0x55
V  [libjvm.so+0xace90a]  VMThread::evaluate_operation(VM_Operation*)+0xba
V  [libjvm.so+0xacec8e]  VMThread::loop()+0x1ce
V  [libjvm.so+0xacf100]  VMThread::run()+0x70
V  [libjvm.so+0x926268]  java_start(Thread*)+0x108

VM_Operation (0x00007fbb2bbfa120): ParallelGCFailedAllocation, mode: safepoint, requested by thread 0x00007fbb84245800


---------------  P R O C E S S  ---------------

Java Threads: ( => current thread )
  0x00007fbb84256800 JavaThread "pool-15-thread-9" [_thread_blocked, id=14325, stack(0x00007fbb2b8f9000,0x00007fbb2b9fa000)]
  0x00007fbb84254800 JavaThread "pool-15-thread-8" [_thread_blocked, id=14316, stack(0x00007fbb2bcfd000,0x00007fbb2bdfe000)]
  0x00007fbb84253000 JavaThread "pool-15-thread-7" [_thread_blocked, id=14311, stack(0x00007fbb2b3f4000,0x00007fbb2b4f5000)]
  0x00007fbb84258000 JavaThread "pool-15-thread-6" [_thread_blocked, id=14310, stack(0x00007fbb2b1f2000,0x00007fbb2b2f3000)]
  0x00007fbb8424e000 JavaThread "pool-15-thread-5" [_thread_blocked, id=14297, stack(0x00007fbb2b7f8000,0x00007fbb2b8f9000)]
  0x00007fbb84243800 JavaThread "pool-15-thread-4" [_thread_blocked, id=14287, stack(0x00007fbb2bdfe000,0x00007fbb2beff000)]
  0x00007fbb84245800 JavaThread "pool-15-thread-3" [_thread_blocked, id=14285, stack(0x00007fbb2bafb000,0x00007fbb2bbfc000)]
  0x00007fbb8424c800 JavaThread "pool-15-thread-2" [_thread_blocked, id=14265, stack(0x00007fbb2b2f3000,0x00007fbb2b3f4000)]
  0x00007fbb84251000 JavaThread "pool-15-thread-1" [_thread_blocked, id=14264, stack(0x00007fbb2b0f1000,0x00007fbb2b1f2000)]
  0x00007fbb84211800 JavaThread "Service Thread" daemon [_thread_blocked, id=9227, stack(0x00007fbb68097000,0x00007fbb68198000)]
  0x00007fbb8420e800 JavaThread "C1 CompilerThread3" daemon [_thread_blocked, id=9223, stack(0x00007fbb68198000,0x00007fbb68299000)]
  0x00007fbb8420c800 JavaThread "C2 CompilerThread2" daemon [_thread_blocked, id=9216, stack(0x00007fbb68299000,0x00007fbb6839a000)]
  0x00007fbb8420a800 JavaThread "C2 CompilerThread1" daemon [_thread_blocked, id=9206, stack(0x00007fbb6839a000,0x00007fbb6849b000)]
  0x00007fbb84208000 JavaThread "C2 CompilerThread0" daemon [_thread_blocked, id=9198, stack(0x00007fbb6849b000,0x00007fbb6859c000)]
  0x00007fbb84206800 JavaThread "Signal Dispatcher" daemon [_thread_blocked, id=9196, stack(0x00007fbb6859c000,0x00007fbb6869d000)]
  0x00007fbb841d3000 JavaThread "Finalizer" daemon [_thread_blocked, id=9090, stack(0x00007fbb68ef3000,0x00007fbb68ff4000)]
  0x00007fbb841ce800 JavaThread "Reference Handler" daemon [_thread_blocked, id=9084, stack(0x00007fbb68ff4000,0x00007fbb690f5000)]
  0x00007fbb84009800 JavaThread "main" [_thread_blocked, id=8825, stack(0x00007fbb8b2dd000,0x00007fbb8b3de000)]

Other Threads:
=>0x00007fbb841c7000 VMThread [stack: 0x00007fbb690f5000,0x00007fbb691f6000] [id=8992]
  0x00007fbb84214000 WatcherThread [stack: 0x00007fbb2beff000,0x00007fbb2c000000] [id=9232]

VM state:at safepoint (normal execution)

VM Mutex/Monitor currently owned by a thread:  ([mutex/lock_event])
[0x00007fbb84005e40] Threads_lock - owner thread: 0x00007fbb841c7000
[0x00007fbb84006340] Heap_lock - owner thread: 0x00007fbb84245800

Heap:
 PSYoungGen      total 139264K, used 656K [0x000000076d500000, 0x0000000776700000, 0x00000007c0000000)
  eden space 129024K, 0% used [0x000000076d500000,0x000000076d500000,0x0000000775300000)
  from space 10240K, 6% used [0x0000000775300000,0x00000007753a4010,0x0000000775d00000)
  to   space 10240K, 0% used [0x0000000775d00000,0x0000000775d00000,0x0000000776700000)
 ParOldGen       total 171008K, used 24K [0x00000006c7e00000, 0x00000006d2500000, 0x000000076d500000)
  object space 171008K, 0% used [0x00000006c7e00000,0x00000006c7e06000,0x00000006d2500000)
 Metaspace       used 3287K, capacity 4664K, committed 4864K, reserved 1056768K
  class space    used 340K, capacity 424K, committed 512K, reserved 1048576K

Card table byte_map: [0x00007fbb7483e000,0x00007fbb75000000] byte_map_base: 0x00007fbb711ff000

Marking Bits: (ParMarkBitMap*) 0x00007fbb8a7b0c80
 Begin Bits: [0x00007fbb6befa000, 0x00007fbb6fd02000)
 End Bits:   [0x00007fbb6fd02000, 0x00007fbb73b0a000)

Polling page: 0x00007fbb8b3fa000

CodeCache: size=245760Kb used=1910Kb max_used=1910Kb free=243849Kb
 bounds [0x00007fbb75000000, 0x00007fbb75270000, 0x00007fbb84000000]
 total_blobs=570 nmethods=309 adapters=175
 compilation: enabled

Compilation events (10 events):
Event: 19,014 Thread 0x00007fbb8420e800  323       3       java.lang.ref.SoftReference::<init> (13 bytes)
Event: 19,015 Thread 0x00007fbb8420e800 nmethod 323 0x00007fbb751de910 code [0x00007fbb751dea80, 0x00007fbb751ded70]
Event: 19,019 Thread 0x00007fbb8420e800  324       3       java.util.HashMap$HashIterator::hasNext (13 bytes)
Event: 19,020 Thread 0x00007fbb8420e800 nmethod 324 0x00007fbb751dee90 code [0x00007fbb751df000, 0x00007fbb751df1b0]
Event: 19,107 Thread 0x00007fbb8420e800  325       1       java.util.concurrent.ThreadPoolExecutor::getThreadFactory (5 bytes)
Event: 19,107 Thread 0x00007fbb8420e800 nmethod 325 0x00007fbb751df210 code [0x00007fbb751df360, 0x00007fbb751df470]
Event: 19,107 Thread 0x00007fbb8420e800  327       3       java.lang.ref.Reference::<init> (7 bytes)
Event: 19,107 Thread 0x00007fbb8420e800 nmethod 327 0x00007fbb751df4d0 code [0x00007fbb751df640, 0x00007fbb751df8d0]
Event: 19,107 Thread 0x00007fbb8420e800  326       1       java.lang.ThreadLocal::initialValue (2 bytes)
Event: 19,107 Thread 0x00007fbb8420e800 nmethod 326 0x00007fbb751df9d0 code [0x00007fbb751dfb20, 0x00007fbb751dfc30]

GC Heap History (5 events):
Event: 2,615 GC heap before
{Heap before GC invocations=1 (full 0):
 PSYoungGen      total 74752K, used 64512K [0x000000076d500000, 0x0000000772800000, 0x00000007c0000000)
  eden space 64512K, 100% used [0x000000076d500000,0x0000000771400000,0x0000000771400000)
  from space 10240K, 0% used [0x0000000771e00000,0x0000000771e00000,0x0000000772800000)
  to   space 10240K, 0% used [0x0000000771400000,0x0000000771400000,0x0000000771e00000)
 ParOldGen       total 171008K, used 0K [0x00000006c7e00000, 0x00000006d2500000, 0x000000076d500000)
  object space 171008K, 0% used [0x00000006c7e00000,0x00000006c7e00000,0x00000006d2500000)
 Metaspace       used 3212K, capacity 4664K, committed 4864K, reserved 1056768K
  class space    used 340K, capacity 424K, committed 512K, reserved 1048576K
Event: 3,630 GC heap after
Heap after GC invocations=1 (full 0):
 PSYoungGen      total 74752K, used 1042K [0x000000076d500000, 0x0000000776700000, 0x00000007c0000000)
  eden space 64512K, 0% used [0x000000076d500000,0x000000076d500000,0x0000000771400000)
  from space 10240K, 10% used [0x0000000771400000,0x00000007715048f8,0x0000000771e00000)
  to   space 10240K, 0% used [0x0000000775d00000,0x0000000775d00000,0x0000000776700000)
 ParOldGen       total 171008K, used 8K [0x00000006c7e00000, 0x00000006d2500000, 0x000000076d500000)
  object space 171008K, 0% used [0x00000006c7e00000,0x00000006c7e02000,0x00000006d2500000)
 Metaspace       used 3212K, capacity 4664K, committed 4864K, reserved 1056768K
  class space    used 340K, capacity 424K, committed 512K, reserved 1048576K
}
Event: 5,781 GC heap before
{Heap before GC invocations=2 (full 0):
 PSYoungGen      total 74752K, used 65554K [0x000000076d500000, 0x0000000776700000, 0x00000007c0000000)
  eden space 64512K, 100% used [0x000000076d500000,0x0000000771400000,0x0000000771400000)
  from space 10240K, 10% used [0x0000000771400000,0x00000007715048f8,0x0000000771e00000)
  to   space 10240K, 0% used [0x0000000775d00000,0x0000000775d00000,0x0000000776700000)
 ParOldGen       total 171008K, used 8K [0x00000006c7e00000, 0x00000006d2500000, 0x000000076d500000)
  object space 171008K, 0% used [0x00000006c7e00000,0x00000006c7e02000,0x00000006d2500000)
 Metaspace       used 3235K, capacity 4664K, committed 4864K, reserved 1056768K
  class space    used 340K, capacity 424K, committed 512K, reserved 1048576K
Event: 6,505 GC heap after
Heap after GC invocations=2 (full 0):
 PSYoungGen      total 139264K, used 864K [0x000000076d500000, 0x0000000776700000, 0x00000007c0000000)
  eden space 129024K, 0% used [0x000000076d500000,0x000000076d500000,0x0000000775300000)
  from space 10240K, 8% used [0x0000000775d00000,0x0000000775dd8040,0x0000000776700000)
  to   space 10240K, 0% used [0x0000000775300000,0x0000000775300000,0x0000000775d00000)
 ParOldGen       total 171008K, used 16K [0x00000006c7e00000, 0x00000006d2500000, 0x000000076d500000)
  object space 171008K, 0% used [0x00000006c7e00000,0x00000006c7e04000,0x00000006d2500000)
 Metaspace       used 3235K, capacity 4664K, committed 4864K, reserved 1056768K
  class space    used 340K, capacity 424K, committed 512K, reserved 1048576K
}
Event: 19,243 GC heap before
{Heap before GC invocations=3 (full 0):
 PSYoungGen      total 139264K, used 129888K [0x000000076d500000, 0x0000000776700000, 0x00000007c0000000)
  eden space 129024K, 100% used [0x000000076d500000,0x0000000775300000,0x0000000775300000)
  from space 10240K, 8% used [0x0000000775d00000,0x0000000775dd8040,0x0000000776700000)
  to   space 10240K, 0% used [0x0000000775300000,0x0000000775300000,0x0000000775d00000)
 ParOldGen       total 171008K, used 16K [0x00000006c7e00000, 0x00000006d2500000, 0x000000076d500000)
  object space 171008K, 0% used [0x00000006c7e00000,0x00000006c7e04000,0x00000006d2500000)
 Metaspace       used 3287K, capacity 4664K, committed 4864K, reserved 1056768K
  class space    used 340K, capacity 424K, committed 512K, reserved 1048576K

Deoptimization events (3 events):
Event: 0,292 Thread 0x00007fbb84009800 Uncommon trap: reason=unstable_if action=reinterpret pc=0x00007fbb7512a6d4 method=java.lang.String.lastIndexOf(II)I @ 23
Event: 0,622 Thread 0x00007fbb84251000 Uncommon trap: reason=unstable_if action=reinterpret pc=0x00007fbb7514e95c method=java.io.BufferedReader.readLine(Z)Ljava/lang/String; @ 55
Event: 0,955 Thread 0x00007fbb8424c800 Uncommon trap: reason=unstable_if action=reinterpret pc=0x00007fbb751654e8 method=sun.misc.FloatingDecimal$ASCIIToBinaryBuffer.doubleValue()D @ 149

Internal exceptions (2 events):
Event: 0,050 Thread 0x00007fbb84009800 Exception <a 'java/lang/NoSuchMethodError': Method sun.misc.Unsafe.defineClass(Ljava/lang/String;[BII)Ljava/lang/Class; name or signature does not match> (0x000000076d507ca8) thrown at [/HUDSON3/workspace/8-2-build-linux-amd64/jdk8u121/8372/hotspot/src/sh
Event: 0,050 Thread 0x00007fbb84009800 Exception <a 'java/lang/NoSuchMethodError': Method sun.misc.Unsafe.prefetchRead(Ljava/lang/Object;J)V name or signature does not match> (0x000000076d507f90) thrown at [/HUDSON3/workspace/8-2-build-linux-amd64/jdk8u121/8372/hotspot/src/share/vm/prims/jni.c

Events (10 events):
Event: 19,096 Thread 0x00007fbb84251000 Thread added: 0x00007fbb84251000
Event: 19,112 Thread 0x00007fbb8424c800 Thread added: 0x00007fbb8424c800
Event: 19,112 Thread 0x00007fbb84245800 Thread added: 0x00007fbb84245800
Event: 19,117 Thread 0x00007fbb84243800 Thread added: 0x00007fbb84243800
Event: 19,121 Executing VM operation: ParallelGCFailedAllocation
Event: 19,123 Thread 0x00007fbb8424e000 Thread added: 0x00007fbb8424e000
Event: 19,123 Thread 0x00007fbb84258000 Thread added: 0x00007fbb84258000
Event: 19,126 Thread 0x00007fbb84253000 Thread added: 0x00007fbb84253000
Event: 19,131 Thread 0x00007fbb84254800 Thread added: 0x00007fbb84254800
Event: 19,132 Thread 0x00007fbb84256800 Thread added: 0x00007fbb84256800


Dynamic libraries:
00400000-00401000 r-xp 00000000 08:01 13378836                           /usr/lib/jvm/java-8-oracle/jre/bin/java
00600000-00601000 rw-p 00000000 08:01 13378836                           /usr/lib/jvm/java-8-oracle/jre/bin/java
02276000-02297000 rw-p 00000000 00:00 0                                  [heap]
6c7e00000-6d2500000 rw-p 00000000 00:00 0 
6d2500000-76d500000 ---p 00000000 00:00 0 
76d500000-776700000 rw-p 00000000 00:00 0 
77e500000-7c0000000 ---p 00000000 00:00 0 
7c0000000-7c0080000 rw-p 00000000 00:00 0 
7c0080000-800000000 ---p 00000000 00:00 0 
7fbae8000000-7fbae8021000 rw-p 00000000 00:00 0 
7fbae8021000-7fbaec000000 ---p 00000000 00:00 0 
7fbaec000000-7fbaec021000 rw-p 00000000 00:00 0 
7fbaec021000-7fbaf0000000 ---p 00000000 00:00 0 
7fbaf0000000-7fbaf0021000 rw-p 00000000 00:00 0 
7fbaf0021000-7fbaf4000000 ---p 00000000 00:00 0 
7fbaf4000000-7fbaf4021000 rw-p 00000000 00:00 0 
7fbaf4021000-7fbaf8000000 ---p 00000000 00:00 0 
7fbaf8000000-7fbaf8021000 rw-p 00000000 00:00 0 
7fbaf8021000-7fbafc000000 ---p 00000000 00:00 0 
7fbafc000000-7fbafc021000 rw-p 00000000 00:00 0 
7fbafc021000-7fbb00000000 ---p 00000000 00:00 0 
7fbb00000000-7fbb00021000 rw-p 00000000 00:00 0 
7fbb00021000-7fbb04000000 ---p 00000000 00:00 0 
7fbb04000000-7fbb04021000 rw-p 00000000 00:00 0 
7fbb04021000-7fbb08000000 ---p 00000000 00:00 0 
7fbb08000000-7fbb08021000 rw-p 00000000 00:00 0 
7fbb08021000-7fbb0c000000 ---p 00000000 00:00 0 
7fbb0c000000-7fbb0c021000 rw-p 00000000 00:00 0 
7fbb0c021000-7fbb10000000 ---p 00000000 00:00 0 
7fbb10000000-7fbb10021000 rw-p 00000000 00:00 0 
7fbb10021000-7fbb14000000 ---p 00000000 00:00 0 
7fbb14000000-7fbb14021000 rw-p 00000000 00:00 0 
7fbb14021000-7fbb18000000 ---p 00000000 00:00 0 
7fbb18000000-7fbb18021000 rw-p 00000000 00:00 0 
7fbb18021000-7fbb1c000000 ---p 00000000 00:00 0 
7fbb1c000000-7fbb1c021000 rw-p 00000000 00:00 0 
7fbb1c021000-7fbb20000000 ---p 00000000 00:00 0 
7fbb20000000-7fbb20021000 rw-p 00000000 00:00 0 
7fbb20021000-7fbb24000000 ---p 00000000 00:00 0 
7fbb24000000-7fbb2433e000 rw-p 00000000 00:00 0 
7fbb2433e000-7fbb28000000 ---p 00000000 00:00 0 
7fbb2ae6a000-7fbb2b0f1000 rw-p 00000000 00:00 0 
7fbb2b0f1000-7fbb2b0f4000 ---p 00000000 00:00 0 
7fbb2b0f4000-7fbb2b1f2000 rw-p 00000000 00:00 0 
7fbb2b1f2000-7fbb2b1f5000 ---p 00000000 00:00 0 
7fbb2b1f5000-7fbb2b2f3000 rw-p 00000000 00:00 0 
7fbb2b2f3000-7fbb2b2f6000 ---p 00000000 00:00 0 
7fbb2b2f6000-7fbb2b3f4000 rw-p 00000000 00:00 0 
7fbb2b3f4000-7fbb2b3f7000 ---p 00000000 00:00 0 
7fbb2b3f7000-7fbb2b4f5000 rw-p 00000000 00:00 0 
7fbb2b4f5000-7fbb2b4f8000 ---p 00000000 00:00 0 
7fbb2b4f8000-7fbb2b5f6000 rw-p 00000000 00:00 0 
7fbb2b5f6000-7fbb2b5f9000 ---p 00000000 00:00 0 
7fbb2b5f9000-7fbb2b6f7000 rw-p 00000000 00:00 0 
7fbb2b6f7000-7fbb2b6fa000 ---p 00000000 00:00 0 
7fbb2b6fa000-7fbb2b7f8000 rw-p 00000000 00:00 0 
7fbb2b7f8000-7fbb2b7fb000 ---p 00000000 00:00 0 
7fbb2b7fb000-7fbb2b8f9000 rw-p 00000000 00:00 0 
7fbb2b8f9000-7fbb2b8fc000 ---p 00000000 00:00 0 
7fbb2b8fc000-7fbb2b9fa000 rw-p 00000000 00:00 0 
7fbb2b9fa000-7fbb2b9fd000 ---p 00000000 00:00 0 
7fbb2b9fd000-7fbb2bafb000 rw-p 00000000 00:00 0 
7fbb2bafb000-7fbb2bafe000 ---p 00000000 00:00 0 
7fbb2bafe000-7fbb2bbfc000 rw-p 00000000 00:00 0 
7fbb2bbfc000-7fbb2bbff000 ---p 00000000 00:00 0 
7fbb2bbff000-7fbb2bcfd000 rw-p 00000000 00:00 0 
7fbb2bcfd000-7fbb2bd00000 ---p 00000000 00:00 0 
7fbb2bd00000-7fbb2bdfe000 rw-p 00000000 00:00 0 
7fbb2bdfe000-7fbb2be01000 ---p 00000000 00:00 0 
7fbb2be01000-7fbb2beff000 rw-p 00000000 00:00 0 
7fbb2beff000-7fbb2bf00000 ---p 00000000 00:00 0 
7fbb2bf00000-7fbb2c000000 rw-p 00000000 00:00 0 
7fbb2c000000-7fbb2c2f9000 rw-p 00000000 00:00 0 
7fbb2c2f9000-7fbb30000000 ---p 00000000 00:00 0 
7fbb30000000-7fbb302f4000 rw-p 00000000 00:00 0 
7fbb302f4000-7fbb34000000 ---p 00000000 00:00 0 
7fbb34000000-7fbb34021000 rw-p 00000000 00:00 0 
7fbb34021000-7fbb38000000 ---p 00000000 00:00 0 
7fbb38000000-7fbb382ad000 rw-p 00000000 00:00 0 
7fbb382ad000-7fbb3c000000 ---p 00000000 00:00 0 
7fbb3c000000-7fbb3c021000 rw-p 00000000 00:00 0 
7fbb3c021000-7fbb40000000 ---p 00000000 00:00 0 
7fbb40000000-7fbb40021000 rw-p 00000000 00:00 0 
7fbb40021000-7fbb44000000 ---p 00000000 00:00 0 
7fbb44000000-7fbb44021000 rw-p 00000000 00:00 0 
7fbb44021000-7fbb48000000 ---p 00000000 00:00 0 
7fbb48000000-7fbb48021000 rw-p 00000000 00:00 0 
7fbb48021000-7fbb4c000000 ---p 00000000 00:00 0 
7fbb4c000000-7fbb4c021000 rw-p 00000000 00:00 0 
7fbb4c021000-7fbb50000000 ---p 00000000 00:00 0 
7fbb50000000-7fbb50021000 rw-p 00000000 00:00 0 
7fbb50021000-7fbb54000000 ---p 00000000 00:00 0 
7fbb54000000-7fbb54021000 rw-p 00000000 00:00 0 
7fbb54021000-7fbb58000000 ---p 00000000 00:00 0 
7fbb58000000-7fbb58021000 rw-p 00000000 00:00 0 
7fbb58021000-7fbb5c000000 ---p 00000000 00:00 0 
7fbb5c000000-7fbb5c021000 rw-p 00000000 00:00 0 
7fbb5c021000-7fbb60000000 ---p 00000000 00:00 0 
7fbb60000000-7fbb60021000 rw-p 00000000 00:00 0 
7fbb60021000-7fbb64000000 ---p 00000000 00:00 0 
7fbb64000000-7fbb64021000 rw-p 00000000 00:00 0 
7fbb64021000-7fbb68000000 ---p 00000000 00:00 0 
7fbb68097000-7fbb6809a000 ---p 00000000 00:00 0 
7fbb6809a000-7fbb68198000 rw-p 00000000 00:00 0 
7fbb68198000-7fbb6819b000 ---p 00000000 00:00 0 
7fbb6819b000-7fbb68299000 rw-p 00000000 00:00 0 
7fbb68299000-7fbb6829c000 ---p 00000000 00:00 0 
7fbb6829c000-7fbb6839a000 rw-p 00000000 00:00 0 
7fbb6839a000-7fbb6839d000 ---p 00000000 00:00 0 
7fbb6839d000-7fbb6849b000 rw-p 00000000 00:00 0 
7fbb6849b000-7fbb6849e000 ---p 00000000 00:00 0 
7fbb6849e000-7fbb6859c000 rw-p 00000000 00:00 0 
7fbb6859c000-7fbb6859f000 ---p 00000000 00:00 0 
7fbb6859f000-7fbb6869d000 rw-p 00000000 00:00 0 
7fbb6869d000-7fbb68ef3000 r--p 00000000 08:01 13376312                   /usr/lib/locale/locale-archive
7fbb68ef3000-7fbb68ef6000 ---p 00000000 00:00 0 
7fbb68ef6000-7fbb68ff4000 rw-p 00000000 00:00 0 
7fbb68ff4000-7fbb68ff7000 ---p 00000000 00:00 0 
7fbb68ff7000-7fbb690f5000 rw-p 00000000 00:00 0 
7fbb690f5000-7fbb690f6000 ---p 00000000 00:00 0 
7fbb690f6000-7fbb6ad60000 rw-p 00000000 00:00 0 
7fbb6ad60000-7fbb6af39000 r--s 03d3e000 08:01 13378846                   /usr/lib/jvm/java-8-oracle/jre/lib/rt.jar
7fbb6af39000-7fbb6b379000 rw-p 00000000 00:00 0 
7fbb6b379000-7fbb6b739000 ---p 00000000 00:00 0 
7fbb6b739000-7fbb73b0a000 rw-p 00000000 00:00 0 
7fbb73b0a000-7fbb73b0b000 ---p 00000000 00:00 0 
7fbb73b0b000-7fbb73c0b000 rw-p 00000000 00:00 0 
7fbb73c0b000-7fbb73c0c000 ---p 00000000 00:00 0 
7fbb73c0c000-7fbb73d0c000 rw-p 00000000 00:00 0 
7fbb73d0c000-7fbb73d0d000 ---p 00000000 00:00 0 
7fbb73d0d000-7fbb73e0d000 rw-p 00000000 00:00 0 
7fbb73e0d000-7fbb73e0e000 ---p 00000000 00:00 0 
7fbb73e0e000-7fbb73f0e000 rw-p 00000000 00:00 0 
7fbb73f0e000-7fbb73f0f000 ---p 00000000 00:00 0 
7fbb73f0f000-7fbb7400f000 rw-p 00000000 00:00 0 
7fbb7400f000-7fbb74010000 ---p 00000000 00:00 0 
7fbb74010000-7fbb74110000 rw-p 00000000 00:00 0 
7fbb74110000-7fbb74111000 ---p 00000000 00:00 0 
7fbb74111000-7fbb74211000 rw-p 00000000 00:00 0 
7fbb74211000-7fbb74212000 ---p 00000000 00:00 0 
7fbb74212000-7fbb74366000 rw-p 00000000 00:00 0 
7fbb74366000-7fbb7483e000 ---p 00000000 00:00 0 
7fbb7483e000-7fbb74892000 rw-p 00000000 00:00 0 
7fbb74892000-7fbb74d69000 ---p 00000000 00:00 0 
7fbb74d69000-7fbb74db3000 rw-p 00000000 00:00 0 
7fbb74db3000-7fbb74fff000 ---p 00000000 00:00 0 
7fbb74fff000-7fbb75000000 rw-p 00000000 00:00 0 
7fbb75000000-7fbb75270000 rwxp 00000000 00:00 0 
7fbb75270000-7fbb84000000 ---p 00000000 00:00 0 
7fbb84000000-7fbb8425d000 rw-p 00000000 00:00 0 
7fbb8425d000-7fbb88000000 ---p 00000000 00:00 0 
7fbb88018000-7fbb88098000 rw-p 00000000 00:00 0 
7fbb88098000-7fbb8844e000 ---p 00000000 00:00 0 
7fbb8844e000-7fbb88468000 r-xp 00000000 08:01 13380245                   /usr/lib/jvm/java-8-oracle/jre/lib/amd64/libzip.so
7fbb88468000-7fbb88668000 ---p 0001a000 08:01 13380245                   /usr/lib/jvm/java-8-oracle/jre/lib/amd64/libzip.so
7fbb88668000-7fbb88669000 rw-p 0001a000 08:01 13380245                   /usr/lib/jvm/java-8-oracle/jre/lib/amd64/libzip.so
7fbb88669000-7fbb88673000 r-xp 00000000 08:01 2888166                    /lib/x86_64-linux-gnu/libnss_files-2.19.so
7fbb88673000-7fbb88872000 ---p 0000a000 08:01 2888166                    /lib/x86_64-linux-gnu/libnss_files-2.19.so
7fbb88872000-7fbb88873000 r--p 00009000 08:01 2888166                    /lib/x86_64-linux-gnu/libnss_files-2.19.so
7fbb88873000-7fbb88874000 rw-p 0000a000 08:01 2888166                    /lib/x86_64-linux-gnu/libnss_files-2.19.so
7fbb88874000-7fbb8887f000 r-xp 00000000 08:01 2888176                    /lib/x86_64-linux-gnu/libnss_nis-2.19.so
7fbb8887f000-7fbb88a7e000 ---p 0000b000 08:01 2888176                    /lib/x86_64-linux-gnu/libnss_nis-2.19.so
7fbb88a7e000-7fbb88a7f000 r--p 0000a000 08:01 2888176                    /lib/x86_64-linux-gnu/libnss_nis-2.19.so
7fbb88a7f000-7fbb88a80000 rw-p 0000b000 08:01 2888176                    /lib/x86_64-linux-gnu/libnss_nis-2.19.so
7fbb88a80000-7fbb88a97000 r-xp 00000000 08:01 2888160                    /lib/x86_64-linux-gnu/libnsl-2.19.so
7fbb88a97000-7fbb88c96000 ---p 00017000 08:01 2888160                    /lib/x86_64-linux-gnu/libnsl-2.19.so
7fbb88c96000-7fbb88c97000 r--p 00016000 08:01 2888160                    /lib/x86_64-linux-gnu/libnsl-2.19.so
7fbb88c97000-7fbb88c98000 rw-p 00017000 08:01 2888160                    /lib/x86_64-linux-gnu/libnsl-2.19.so
7fbb88c98000-7fbb88c9a000 rw-p 00000000 00:00 0 
7fbb88c9a000-7fbb88ca3000 r-xp 00000000 08:01 2888162                    /lib/x86_64-linux-gnu/libnss_compat-2.19.so
7fbb88ca3000-7fbb88ea2000 ---p 00009000 08:01 2888162                    /lib/x86_64-linux-gnu/libnss_compat-2.19.so
7fbb88ea2000-7fbb88ea3000 r--p 00008000 08:01 2888162                    /lib/x86_64-linux-gnu/libnss_compat-2.19.so
7fbb88ea3000-7fbb88ea4000 rw-p 00009000 08:01 2888162                    /lib/x86_64-linux-gnu/libnss_compat-2.19.so
7fbb88ea4000-7fbb88ecf000 r-xp 00000000 08:01 13380270                   /usr/lib/jvm/java-8-oracle/jre/lib/amd64/libjava.so
7fbb88ecf000-7fbb890ce000 ---p 0002b000 08:01 13380270                   /usr/lib/jvm/java-8-oracle/jre/lib/amd64/libjava.so
7fbb890ce000-7fbb890d0000 rw-p 0002a000 08:01 13380270                   /usr/lib/jvm/java-8-oracle/jre/lib/amd64/libjava.so
7fbb890d0000-7fbb890dd000 r-xp 00000000 08:01 13380289                   /usr/lib/jvm/java-8-oracle/jre/lib/amd64/libverify.so
7fbb890dd000-7fbb892dc000 ---p 0000d000 08:01 13380289                   /usr/lib/jvm/java-8-oracle/jre/lib/amd64/libverify.so
7fbb892dc000-7fbb892de000 rw-p 0000c000 08:01 13380289                   /usr/lib/jvm/java-8-oracle/jre/lib/amd64/libverify.so
7fbb892de000-7fbb892e5000 r-xp 00000000 08:01 2888219                    /lib/x86_64-linux-gnu/librt-2.19.so
7fbb892e5000-7fbb894e4000 ---p 00007000 08:01 2888219                    /lib/x86_64-linux-gnu/librt-2.19.so
7fbb894e4000-7fbb894e5000 r--p 00006000 08:01 2888219                    /lib/x86_64-linux-gnu/librt-2.19.so
7fbb894e5000-7fbb894e6000 rw-p 00007000 08:01 2888219                    /lib/x86_64-linux-gnu/librt-2.19.so
7fbb894e6000-7fbb895eb000 r-xp 00000000 08:01 2888141                    /lib/x86_64-linux-gnu/libm-2.19.so
7fbb895eb000-7fbb897ea000 ---p 00105000 08:01 2888141                    /lib/x86_64-linux-gnu/libm-2.19.so
7fbb897ea000-7fbb897eb000 r--p 00104000 08:01 2888141                    /lib/x86_64-linux-gnu/libm-2.19.so
7fbb897eb000-7fbb897ec000 rw-p 00105000 08:01 2888141                    /lib/x86_64-linux-gnu/libm-2.19.so
7fbb897ec000-7fbb8a4ba000 r-xp 00000000 08:01 13380286                   /usr/lib/jvm/java-8-oracle/jre/lib/amd64/server/libjvm.so
7fbb8a4ba000-7fbb8a6ba000 ---p 00cce000 08:01 13380286                   /usr/lib/jvm/java-8-oracle/jre/lib/amd64/server/libjvm.so
7fbb8a6ba000-7fbb8a793000 rw-p 00cce000 08:01 13380286                   /usr/lib/jvm/java-8-oracle/jre/lib/amd64/server/libjvm.so
7fbb8a793000-7fbb8a7de000 rw-p 00000000 00:00 0 
7fbb8a7de000-7fbb8a998000 r-xp 00000000 08:01 2888091                    /lib/x86_64-linux-gnu/libc-2.19.so
7fbb8a998000-7fbb8ab98000 ---p 001ba000 08:01 2888091                    /lib/x86_64-linux-gnu/libc-2.19.so
7fbb8ab98000-7fbb8ab9c000 r--p 001ba000 08:01 2888091                    /lib/x86_64-linux-gnu/libc-2.19.so
7fbb8ab9c000-7fbb8ab9e000 rw-p 001be000 08:01 2888091                    /lib/x86_64-linux-gnu/libc-2.19.so
7fbb8ab9e000-7fbb8aba3000 rw-p 00000000 00:00 0 
7fbb8aba3000-7fbb8aba6000 r-xp 00000000 08:01 2888108                    /lib/x86_64-linux-gnu/libdl-2.19.so
7fbb8aba6000-7fbb8ada5000 ---p 00003000 08:01 2888108                    /lib/x86_64-linux-gnu/libdl-2.19.so
7fbb8ada5000-7fbb8ada6000 r--p 00002000 08:01 2888108                    /lib/x86_64-linux-gnu/libdl-2.19.so
7fbb8ada6000-7fbb8ada7000 rw-p 00003000 08:01 2888108                    /lib/x86_64-linux-gnu/libdl-2.19.so
7fbb8ada7000-7fbb8adbc000 r-xp 00000000 08:01 13380253                   /usr/lib/jvm/java-8-oracle/jre/lib/amd64/jli/libjli.so
7fbb8adbc000-7fbb8afbc000 ---p 00015000 08:01 13380253                   /usr/lib/jvm/java-8-oracle/jre/lib/amd64/jli/libjli.so
7fbb8afbc000-7fbb8afbd000 rw-p 00015000 08:01 13380253                   /usr/lib/jvm/java-8-oracle/jre/lib/amd64/jli/libjli.so
7fbb8afbd000-7fbb8afd6000 r-xp 00000000 08:01 2888211                    /lib/x86_64-linux-gnu/libpthread-2.19.so
7fbb8afd6000-7fbb8b1d5000 ---p 00019000 08:01 2888211                    /lib/x86_64-linux-gnu/libpthread-2.19.so
7fbb8b1d5000-7fbb8b1d6000 r--p 00018000 08:01 2888211                    /lib/x86_64-linux-gnu/libpthread-2.19.so
7fbb8b1d6000-7fbb8b1d7000 rw-p 00019000 08:01 2888211                    /lib/x86_64-linux-gnu/libpthread-2.19.so
7fbb8b1d7000-7fbb8b1db000 rw-p 00000000 00:00 0 
7fbb8b1db000-7fbb8b1fe000 r-xp 00000000 08:01 2888067                    /lib/x86_64-linux-gnu/ld-2.19.so
7fbb8b234000-7fbb8b2dd000 rw-p 00000000 00:00 0 
7fbb8b2dd000-7fbb8b2e0000 ---p 00000000 00:00 0 
7fbb8b2e0000-7fbb8b3e2000 rw-p 00000000 00:00 0 
7fbb8b3ee000-7fbb8b3ef000 rw-p 00000000 00:00 0 
7fbb8b3ef000-7fbb8b3f1000 r--s 0001b000 08:01 11286680                   /home/nabegh/Bachelor/SubjectooSim/Run.jar
7fbb8b3f1000-7fbb8b3f9000 rw-s 00000000 08:01 12061591                   /tmp/hsperfdata_nabegh/8791
7fbb8b3f9000-7fbb8b3fa000 rw-p 00000000 00:00 0 
7fbb8b3fa000-7fbb8b3fb000 ---p 00000000 00:00 0 
7fbb8b3fb000-7fbb8b3fd000 rw-p 00000000 00:00 0 
7fbb8b3fd000-7fbb8b3fe000 r--p 00022000 08:01 2888067                    /lib/x86_64-linux-gnu/ld-2.19.so
7fbb8b3fe000-7fbb8b3ff000 rw-p 00023000 08:01 2888067                    /lib/x86_64-linux-gnu/ld-2.19.so
7fbb8b3ff000-7fbb8b400000 rw-p 00000000 00:00 0 
7ffff8bf6000-7ffff8c17000 rw-p 00000000 00:00 0                          [stack]
7ffff8cb6000-7ffff8cb8000 r--p 00000000 00:00 0                          [vvar]
7ffff8cb8000-7ffff8cba000 r-xp 00000000 00:00 0                          [vdso]
ffffffffff600000-ffffffffff601000 r-xp 00000000 00:00 0                  [vsyscall]

VM Arguments:
java_command: /home/nabegh/Bachelor/SubjectooSim/Run.jar true 0.975 -1 2017-07-23 4
java_class_path (initial): /home/nabegh/Bachelor/SubjectooSim/Run.jar
Launcher Type: SUN_STANDARD

Environment Variables:
JAVA_HOME=/usr/lib/jvm/java-8-oracle
PATH=/usr/local/sbin:/usr/local/bin:/usr/sbin:/usr/bin:/sbin:/bin:/usr/games:/usr/local/games:/usr/lib/jvm/java-8-oracle/bin:/usr/lib/jvm/java-8-oracle/db/bin:/usr/lib/jvm/java-8-oracle/jre/bin
SHELL=/bin/bash
DISPLAY=:0

Signal Handlers:
SIGSEGV: [libjvm.so+0xac78c0], sa_mask[0]=11111111011111111101111111111110, sa_flags=SA_RESTART|SA_SIGINFO
SIGBUS: [libjvm.so+0xac78c0], sa_mask[0]=11111111011111111101111111111110, sa_flags=SA_RESTART|SA_SIGINFO
SIGFPE: [libjvm.so+0x920ac0], sa_mask[0]=11111111011111111101111111111110, sa_flags=SA_RESTART|SA_SIGINFO
SIGPIPE: [libjvm.so+0x920ac0], sa_mask[0]=11111111011111111101111111111110, sa_flags=SA_RESTART|SA_SIGINFO
SIGXFSZ: [libjvm.so+0x920ac0], sa_mask[0]=11111111011111111101111111111110, sa_flags=SA_RESTART|SA_SIGINFO
SIGILL: [libjvm.so+0x920ac0], sa_mask[0]=11111111011111111101111111111110, sa_flags=SA_RESTART|SA_SIGINFO
SIGUSR1: SIG_DFL, sa_mask[0]=00000000000000000000000000000000, sa_flags=none
SIGUSR2: [libjvm.so+0x922300], sa_mask[0]=00000000000000000000000000000000, sa_flags=SA_RESTART|SA_SIGINFO
SIGHUP: [libjvm.so+0x923700], sa_mask[0]=11111111011111111101111111111110, sa_flags=SA_RESTART|SA_SIGINFO
SIGINT: [libjvm.so+0x923700], sa_mask[0]=11111111011111111101111111111110, sa_flags=SA_RESTART|SA_SIGINFO
SIGTERM: [libjvm.so+0x923700], sa_mask[0]=11111111011111111101111111111110, sa_flags=SA_RESTART|SA_SIGINFO
SIGQUIT: [libjvm.so+0x923700], sa_mask[0]=11111111011111111101111111111110, sa_flags=SA_RESTART|SA_SIGINFO


---------------  S Y S T E M  ---------------

OS:DISTRIB_ID=Ubuntu
DISTRIB_RELEASE=14.04
DISTRIB_CODENAME=trusty
DISTRIB_DESCRIPTION="Ubuntu 14.04.5 LTS"

uname:Linux 4.4.0-53-generic #74~14.04.1-Ubuntu SMP Fri Dec 2 03:43:31 UTC 2016 x86_64
libc:glibc 2.19 NPTL 2.19 
rlimit: STACK 8192k, CORE 0k, NPROC 63408, NOFILE 4096, AS infinity
load average:156,65 61,42 33,94

/proc/meminfo:
MemTotal:       16257156 kB
MemFree:          429836 kB
MemAvailable:     322352 kB
Buffers:            2128 kB
Cached:           435780 kB
SwapCached:        12080 kB
Active:         13392124 kB
Inactive:        1734680 kB
Active(anon):   13358112 kB
Inactive(anon):  1693284 kB
Active(file):      34012 kB
Inactive(file):    41396 kB
Unevictable:          64 kB
Mlocked:              64 kB
SwapTotal:      16601084 kB
SwapFree:          43360 kB
Dirty:               124 kB
Writeback:          2488 kB
AnonPages:      14682300 kB
Mapped:           158728 kB
Shmem:            362848 kB
Slab:             170180 kB
SReclaimable:      46132 kB
SUnreclaim:       124048 kB
KernelStack:      140640 kB
PageTables:       266216 kB
NFS_Unstable:          0 kB
Bounce:                0 kB
WritebackTmp:          0 kB
CommitLimit:    24729660 kB
Committed_AS:   143690372 kB
VmallocTotal:   34359738367 kB
VmallocUsed:           0 kB
VmallocChunk:          0 kB
HardwareCorrupted:     0 kB
AnonHugePages:   7202816 kB
CmaTotal:              0 kB
CmaFree:               0 kB
HugePages_Total:       0
HugePages_Free:        0
HugePages_Rsvd:        0
HugePages_Surp:        0
Hugepagesize:       2048 kB
DirectMap4k:      414604 kB
DirectMap2M:    16187392 kB
DirectMap1G:           0 kB


CPU:total 8 (4 cores per cpu, 2 threads per core) family 6 model 94 stepping 3, cmov, cx8, fxsr, mmx, sse, sse2, sse3, ssse3, sse4.1, sse4.2, popcnt, avx, avx2, aes, clmul, erms, rtm, 3dnowpref, lzcnt, ht, tsc, tscinvbit, bmi1, bmi2, adx

/proc/cpuinfo:
processor	: 0
vendor_id	: GenuineIntel
cpu family	: 6
model		: 94
model name	: Intel(R) Core(TM) i7-6700T CPU @ 2.80GHz
stepping	: 3
microcode	: 0xa6
cpu MHz		: 2699.921
cache size	: 8192 KB
physical id	: 0
siblings	: 8
core id		: 0
cpu cores	: 4
apicid		: 0
initial apicid	: 0
fpu		: yes
fpu_exception	: yes
cpuid level	: 22
wp		: yes
flags		: fpu vme de pse tsc msr pae mce cx8 apic sep mtrr pge mca cmov pat pse36 clflush dts acpi mmx fxsr sse sse2 ss ht tm pbe syscall nx pdpe1gb rdtscp lm constant_tsc art arch_perfmon pebs bts rep_good nopl xtopology nonstop_tsc aperfmperf eagerfpu pni pclmulqdq dtes64 monitor ds_cpl vmx smx est tm2 ssse3 sdbg fma cx16 xtpr pdcm pcid sse4_1 sse4_2 x2apic movbe popcnt tsc_deadline_timer aes xsave avx f16c rdrand lahf_lm abm 3dnowprefetch epb intel_pt tpr_shadow vnmi flexpriority ept vpid fsgsbase tsc_adjust bmi1 hle avx2 smep bmi2 erms invpcid rtm mpx rdseed adx smap clflushopt xsaveopt xsavec xgetbv1 dtherm ida arat pln pts hwp hwp_notify hwp_act_window hwp_epp
bugs		:
bogomips	: 5616.36
clflush size	: 64
cache_alignment	: 64
address sizes	: 39 bits physical, 48 bits virtual
power management:

processor	: 1
vendor_id	: GenuineIntel
cpu family	: 6
model		: 94
model name	: Intel(R) Core(TM) i7-6700T CPU @ 2.80GHz
stepping	: 3
microcode	: 0xa6
cpu MHz		: 2699.921
cache size	: 8192 KB
physical id	: 0
siblings	: 8
core id		: 1
cpu cores	: 4
apicid		: 2
initial apicid	: 2
fpu		: yes
fpu_exception	: yes
cpuid level	: 22
wp		: yes
flags		: fpu vme de pse tsc msr pae mce cx8 apic sep mtrr pge mca cmov pat pse36 clflush dts acpi mmx fxsr sse sse2 ss ht tm pbe syscall nx pdpe1gb rdtscp lm constant_tsc art arch_perfmon pebs bts rep_good nopl xtopology nonstop_tsc aperfmperf eagerfpu pni pclmulqdq dtes64 monitor ds_cpl vmx smx est tm2 ssse3 sdbg fma cx16 xtpr pdcm pcid sse4_1 sse4_2 x2apic movbe popcnt tsc_deadline_timer aes xsave avx f16c rdrand lahf_lm abm 3dnowprefetch epb intel_pt tpr_shadow vnmi flexpriority ept vpid fsgsbase tsc_adjust bmi1 hle avx2 smep bmi2 erms invpcid rtm mpx rdseed adx smap clflushopt xsaveopt xsavec xgetbv1 dtherm ida arat pln pts hwp hwp_notify hwp_act_window hwp_epp
bugs		:
bogomips	: 5616.36
clflush size	: 64
cache_alignment	: 64
address sizes	: 39 bits physical, 48 bits virtual
power management:

processor	: 2
vendor_id	: GenuineIntel
cpu family	: 6
model		: 94
model name	: Intel(R) Core(TM) i7-6700T CPU @ 2.80GHz
stepping	: 3
microcode	: 0xa6
cpu MHz		: 2699.921
cache size	: 8192 KB
physical id	: 0
siblings	: 8
core id		: 2
cpu cores	: 4
apicid		: 4
initial apicid	: 4
fpu		: yes
fpu_exception	: yes
cpuid level	: 22
wp		: yes
flags		: fpu vme de pse tsc msr pae mce cx8 apic sep mtrr pge mca cmov pat pse36 clflush dts acpi mmx fxsr sse sse2 ss ht tm pbe syscall nx pdpe1gb rdtscp lm constant_tsc art arch_perfmon pebs bts rep_good nopl xtopology nonstop_tsc aperfmperf eagerfpu pni pclmulqdq dtes64 monitor ds_cpl vmx smx est tm2 ssse3 sdbg fma cx16 xtpr pdcm pcid sse4_1 sse4_2 x2apic movbe popcnt tsc_deadline_timer aes xsave avx f16c rdrand lahf_lm abm 3dnowprefetch epb intel_pt tpr_shadow vnmi flexpriority ept vpid fsgsbase tsc_adjust bmi1 hle avx2 smep bmi2 erms invpcid rtm mpx rdseed adx smap clflushopt xsaveopt xsavec xgetbv1 dtherm ida arat pln pts hwp hwp_notify hwp_act_window hwp_epp
bugs		:
bogomips	: 5616.36
clflush size	: 64
cache_alignment	: 64
address sizes	: 39 bits physical, 48 bits virtual
power management:

processor	: 3
vendor_id	: GenuineIntel
cpu family	: 6
model		: 94
model name	: Intel(R) Core(TM) i7-6700T CPU @ 2.80GHz
stepping	: 3
microcode	: 0xa6
cpu MHz		: 2699.921
cache size	: 8192 KB
physical id	: 0
siblings	: 8
core id		: 3
cpu cores	: 4
apicid		: 6
initial apicid	: 6
fpu		: yes
fpu_exception	: yes
cpuid level	: 22
wp		: yes
flags		: fpu vme de pse tsc msr pae mce cx8 apic sep mtrr pge mca cmov pat pse36 clflush dts acpi mmx fxsr sse sse2 ss ht tm pbe syscall nx pdpe1gb rdtscp lm constant_tsc art arch_perfmon pebs bts rep_good nopl xtopology nonstop_tsc aperfmperf eagerfpu pni pclmulqdq dtes64 monitor ds_cpl vmx smx est tm2 ssse3 sdbg fma cx16 xtpr pdcm pcid sse4_1 sse4_2 x2apic movbe popcnt tsc_deadline_timer aes xsave avx f16c rdrand lahf_lm abm 3dnowprefetch epb intel_pt tpr_shadow vnmi flexpriority ept vpid fsgsbase tsc_adjust bmi1 hle avx2 smep bmi2 erms invpcid rtm mpx rdseed adx smap clflushopt xsaveopt xsavec xgetbv1 dtherm ida arat pln pts hwp hwp_notify hwp_act_window hwp_epp
bugs		:
bogomips	: 5616.36
clflush size	: 64
cache_alignment	: 64
address sizes	: 39 bits physical, 48 bits virtual
power management:

processor	: 4
vendor_id	: GenuineIntel
cpu family	: 6
model		: 94
model name	: Intel(R) Core(TM) i7-6700T CPU @ 2.80GHz
stepping	: 3
microcode	: 0xa6
cpu MHz		: 2699.921
cache size	: 8192 KB
physical id	: 0
siblings	: 8
core id		: 0
cpu cores	: 4
apicid		: 1
initial apicid	: 1
fpu		: yes
fpu_exception	: yes
cpuid level	: 22
wp		: yes
flags		: fpu vme de pse tsc msr pae mce cx8 apic sep mtrr pge mca cmov pat pse36 clflush dts acpi mmx fxsr sse sse2 ss ht tm pbe syscall nx pdpe1gb rdtscp lm constant_tsc art arch_perfmon pebs bts rep_good nopl xtopology nonstop_tsc aperfmperf eagerfpu pni pclmulqdq dtes64 monitor ds_cpl vmx smx est tm2 ssse3 sdbg fma cx16 xtpr pdcm pcid sse4_1 sse4_2 x2apic movbe popcnt tsc_deadline_timer aes xsave avx f16c rdrand lahf_lm abm 3dnowprefetch epb intel_pt tpr_shadow vnmi flexpriority ept vpid fsgsbase tsc_adjust bmi1 hle avx2 smep bmi2 erms invpcid rtm mpx rdseed adx smap clflushopt xsaveopt xsavec xgetbv1 dtherm ida arat pln pts hwp hwp_notify hwp_act_window hwp_epp
bugs		:
bogomips	: 5616.36
clflush size	: 64
cache_alignment	: 64
address sizes	: 39 bits physical, 48 bits virtual
power management:

processor	: 5
vendor_id	: GenuineIntel
cpu family	: 6
model		: 94
model name	: Intel(R) Core(TM) i7-6700T CPU @ 2.80GHz
stepping	: 3
microcode	: 0xa6
cpu MHz		: 2699.921
cache size	: 8192 KB
physical id	: 0
siblings	: 8
core id		: 1
cpu cores	: 4
apicid		: 3
initial apicid	: 3
fpu		: yes
fpu_exception	: yes
cpuid level	: 22
wp		: yes
flags		: fpu vme de pse tsc msr pae mce cx8 apic sep mtrr pge mca cmov pat pse36 clflush dts acpi mmx fxsr sse sse2 ss ht tm pbe syscall nx pdpe1gb rdtscp lm constant_tsc art arch_perfmon pebs bts rep_good nopl xtopology nonstop_tsc aperfmperf eagerfpu pni pclmulqdq dtes64 monitor ds_cpl vmx smx est tm2 ssse3 sdbg fma cx16 xtpr pdcm pcid sse4_1 sse4_2 x2apic movbe popcnt tsc_deadline_timer aes xsave avx f16c rdrand lahf_lm abm 3dnowprefetch epb intel_pt tpr_shadow vnmi flexpriority ept vpid fsgsbase tsc_adjust bmi1 hle avx2 smep bmi2 erms invpcid rtm mpx rdseed adx smap clflushopt xsaveopt xsavec xgetbv1 dtherm ida arat pln pts hwp hwp_notify hwp_act_window hwp_epp
bugs		:
bogomips	: 5616.36
clflush size	: 64
cache_alignment	: 64
address sizes	: 39 bits physical, 48 bits virtual
power management:

processor	: 6
vendor_id	: GenuineIntel
cpu family	: 6
model		: 94
model name	: Intel(R) Core(TM) i7-6700T CPU @ 2.80GHz
stepping	: 3
microcode	: 0xa6
cpu MHz		: 2699.921
cache size	: 8192 KB
physical id	: 0
siblings	: 8
core id		: 2
cpu cores	: 4
apicid		: 5
initial apicid	: 5
fpu		: yes
fpu_exception	: yes
cpuid level	: 22
wp		: yes
flags		: fpu vme de pse tsc msr pae mce cx8 apic sep mtrr pge mca cmov pat pse36 clflush dts acpi mmx fxsr sse sse2 ss ht tm pbe syscall nx pdpe1gb rdtscp lm constant_tsc art arch_perfmon pebs bts rep_good nopl xtopology nonstop_tsc aperfmperf eagerfpu pni pclmulqdq dtes64 monitor ds_cpl vmx smx est tm2 ssse3 sdbg fma cx16 xtpr pdcm pcid sse4_1 sse4_2 x2apic movbe popcnt tsc_deadline_timer aes xsave avx f16c rdrand lahf_lm abm 3dnowprefetch epb intel_pt tpr_shadow vnmi flexpriority ept vpid fsgsbase tsc_adjust bmi1 hle avx2 smep bmi2 erms invpcid rtm mpx rdseed adx smap clflushopt xsaveopt xsavec xgetbv1 dtherm ida arat pln pts hwp hwp_notify hwp_act_window hwp_epp
bugs		:
bogomips	: 5616.36
clflush size	: 64
cache_alignment	: 64
address sizes	: 39 bits physical, 48 bits virtual
power management:

processor	: 7
vendor_id	: GenuineIntel
cpu family	: 6
model		: 94
model name	: Intel(R) Core(TM) i7-6700T CPU @ 2.80GHz
stepping	: 3
microcode	: 0xa6
cpu MHz		: 2699.921
cache size	: 8192 KB
physical id	: 0
siblings	: 8
core id		: 3
cpu cores	: 4
apicid		: 7
initial apicid	: 7
fpu		: yes
fpu_exception	: yes
cpuid level	: 22
wp		: yes
flags		: fpu vme de pse tsc msr pae mce cx8 apic sep mtrr pge mca cmov pat pse36 clflush dts acpi mmx fxsr sse sse2 ss ht tm pbe syscall nx pdpe1gb rdtscp lm constant_tsc art arch_perfmon pebs bts rep_good nopl xtopology nonstop_tsc aperfmperf eagerfpu pni pclmulqdq dtes64 monitor ds_cpl vmx smx est tm2 ssse3 sdbg fma cx16 xtpr pdcm pcid sse4_1 sse4_2 x2apic movbe popcnt tsc_deadline_timer aes xsave avx f16c rdrand lahf_lm abm 3dnowprefetch epb intel_pt tpr_shadow vnmi flexpriority ept vpid fsgsbase tsc_adjust bmi1 hle avx2 smep bmi2 erms invpcid rtm mpx rdseed adx smap clflushopt xsaveopt xsavec xgetbv1 dtherm ida arat pln pts hwp hwp_notify hwp_act_window hwp_epp
bugs		:
bogomips	: 5616.36
clflush size	: 64
cache_alignment	: 64
address sizes	: 39 bits physical, 48 bits virtual
power management:



Memory: 4k page, physical 16257156k(488444k free), swap 16601084k(30176k free)

vm_info: Java HotSpot(TM) 64-Bit Server VM (25.121-b13) for linux-amd64 JRE (1.8.0_121-b13), built on Dec 12 2016 16:36:53 by "java_re" with gcc 4.3.0 20080428 (Red Hat 4.3.0-8)

time: Fri Jul  7 16:36:04 2017
elapsed time: 27 seconds (0d 0h 0m 27s)

