#
# There is insufficient memory for the Java Runtime Environment to continue.
# Native memory allocation (mmap) failed to map 132120576 bytes for committing reserved memory.
# Possible reasons:
#   The system is out of physical RAM or swap space
#   In 32 bit mode, the process size limit was hit
# Possible solutions:
#   Reduce memory load on the system
#   Increase physical memory or swap space
#   Check if swap backing store is full
#   Use 64 bit Java on a 64 bit OS
#   Decrease Java heap size (-Xmx/-Xms)
#   Decrease number of Java threads
#   Decrease Java thread stack sizes (-Xss)
#   Set larger code cache with -XX:ReservedCodeCacheSize=
# This output file may be truncated or incomplete.
#
#  Out of Memory Error (os_linux.cpp:2627), pid=8845, tid=0x00007f9106134700
#
# JRE version: Java(TM) SE Runtime Environment (8.0_121-b13) (build 1.8.0_121-b13)
# Java VM: Java HotSpot(TM) 64-Bit Server VM (25.121-b13 mixed mode linux-amd64 compressed oops)
# Failed to write core dump. Core dumps have been disabled. To enable core dumping, try "ulimit -c unlimited" before starting Java again
#

---------------  T H R E A D  ---------------

Current thread (0x00007f91201c7000):  VMThread [stack: 0x00007f9106034000,0x00007f9106135000] [id=9091]

Stack: [0x00007f9106034000,0x00007f9106135000],  sp=0x00007f9106133060,  free space=1020k
Native frames: (J=compiled Java code, j=interpreted, Vv=VM code, C=native code)
V  [libjvm.so+0xac703a]  VMError::report_and_die()+0x2ba
V  [libjvm.so+0x4fc7eb]  report_vm_out_of_memory(char const*, int, unsigned long, VMErrorType, char const*)+0x8b
V  [libjvm.so+0x923c43]  os::Linux::commit_memory_impl(char*, unsigned long, bool)+0x103
V  [libjvm.so+0x924199]  os::pd_commit_memory(char*, unsigned long, unsigned long, bool)+0x29
V  [libjvm.so+0x91e4aa]  os::commit_memory(char*, unsigned long, unsigned long, bool)+0x2a
V  [libjvm.so+0x992f03]  PSVirtualSpace::expand_by(unsigned long)+0x53
V  [libjvm.so+0x994308]  PSYoungGen::resize_generation(unsigned long, unsigned long)+0xf8
V  [libjvm.so+0x993462]  PSYoungGen::resize(unsigned long, unsigned long)+0x22
V  [libjvm.so+0x99073b]  PSScavenge::invoke_no_policy()+0xf3b
V  [libjvm.so+0x990ec1]  PSScavenge::invoke()+0x41
V  [libjvm.so+0x947c10]  ParallelScavengeHeap::failed_mem_allocate(unsigned long)+0x70
V  [libjvm.so+0xac8a57]  VM_ParallelGCFailedAllocation::doit()+0x97
V  [libjvm.so+0xad0535]  VM_Operation::evaluate()+0x55
V  [libjvm.so+0xace90a]  VMThread::evaluate_operation(VM_Operation*)+0xba
V  [libjvm.so+0xacec8e]  VMThread::loop()+0x1ce
V  [libjvm.so+0xacf100]  VMThread::run()+0x70
V  [libjvm.so+0x926268]  java_start(Thread*)+0x108

VM_Operation (0x00007f91042c72c0): ParallelGCFailedAllocation, mode: safepoint, requested by thread 0x00007f912025d000


---------------  P R O C E S S  ---------------

Java Threads: ( => current thread )
  0x00007f912025b000 JavaThread "pool-14-thread-9" [_thread_blocked, id=14171, stack(0x00007f91046cd000,0x00007f91047ce000)]
  0x00007f9120244000 JavaThread "pool-14-thread-8" [_thread_blocked, id=14144, stack(0x00007f9104dd4000,0x00007f9104ed5000)]
  0x00007f9120259000 JavaThread "pool-14-thread-7" [_thread_blocked, id=14090, stack(0x00007f9104ad1000,0x00007f9104bd2000)]
  0x00007f9120242000 JavaThread "pool-14-thread-6" [_thread_blocked, id=14089, stack(0x00007f91044cb000,0x00007f91045cc000)]
  0x00007f9120262000 JavaThread "pool-14-thread-5" [_thread_blocked, id=14085, stack(0x00007f9104bd2000,0x00007f9104cd3000)]
  0x00007f9120253800 JavaThread "pool-14-thread-3" [_thread_blocked, id=14083, stack(0x00007f91043ca000,0x00007f91044cb000)]
  0x00007f912024f000 JavaThread "pool-14-thread-2" [_thread_blocked, id=14033, stack(0x00007f9087eff000,0x00007f9088000000)]
  0x00007f912025d000 JavaThread "pool-14-thread-1" [_thread_blocked, id=14015, stack(0x00007f91041c8000,0x00007f91042c9000)]
  0x00007f9120211800 JavaThread "Service Thread" daemon [_thread_blocked, id=9254, stack(0x00007f9104fd6000,0x00007f91050d7000)]
  0x00007f912020e800 JavaThread "C1 CompilerThread3" daemon [_thread_blocked, id=9230, stack(0x00007f91050d7000,0x00007f91051d8000)]
  0x00007f912020c800 JavaThread "C2 CompilerThread2" daemon [_thread_blocked, id=9225, stack(0x00007f91051d8000,0x00007f91052d9000)]
  0x00007f912020a800 JavaThread "C2 CompilerThread1" daemon [_thread_blocked, id=9217, stack(0x00007f91052d9000,0x00007f91053da000)]
  0x00007f9120208000 JavaThread "C2 CompilerThread0" daemon [_thread_blocked, id=9214, stack(0x00007f91053da000,0x00007f91054db000)]
  0x00007f9120206800 JavaThread "Signal Dispatcher" daemon [_thread_blocked, id=9205, stack(0x00007f91054db000,0x00007f91055dc000)]
  0x00007f91201d3000 JavaThread "Finalizer" daemon [_thread_blocked, id=9153, stack(0x00007f9105e32000,0x00007f9105f33000)]
  0x00007f91201ce800 JavaThread "Reference Handler" daemon [_thread_blocked, id=9110, stack(0x00007f9105f33000,0x00007f9106034000)]
  0x00007f9120009800 JavaThread "main" [_thread_blocked, id=8930, stack(0x00007f9128238000,0x00007f9128339000)]

Other Threads:
=>0x00007f91201c7000 VMThread [stack: 0x00007f9106034000,0x00007f9106135000] [id=9091]
  0x00007f9120214000 WatcherThread [stack: 0x00007f9104ed5000,0x00007f9104fd6000] [id=9257]

VM state:at safepoint (normal execution)

VM Mutex/Monitor currently owned by a thread:  ([mutex/lock_event])
[0x00007f9120005e40] Threads_lock - owner thread: 0x00007f91201c7000
[0x00007f9120006340] Heap_lock - owner thread: 0x00007f912025d000

Heap:
 PSYoungGen      total 139264K, used 768K [0x000000076d500000, 0x0000000776700000, 0x00000007c0000000)
  eden space 129024K, 0% used [0x000000076d500000,0x000000076d500000,0x0000000775300000)
  from space 10240K, 7% used [0x0000000775300000,0x00000007753c0040,0x0000000775d00000)
  to   space 10240K, 0% used [0x0000000775d00000,0x0000000775d00000,0x0000000776700000)
 ParOldGen       total 171008K, used 8K [0x00000006c7e00000, 0x00000006d2500000, 0x000000076d500000)
  object space 171008K, 0% used [0x00000006c7e00000,0x00000006c7e02000,0x00000006d2500000)
 Metaspace       used 3289K, capacity 4664K, committed 4864K, reserved 1056768K
  class space    used 340K, capacity 424K, committed 512K, reserved 1048576K

Card table byte_map: [0x00007f9124827000,0x00007f9124fe9000] byte_map_base: 0x00007f91211e8000

Marking Bits: (ParMarkBitMap*) 0x00007f912770bc80
 Begin Bits: [0x00007f9108dea000, 0x00007f910cbf2000)
 End Bits:   [0x00007f910cbf2000, 0x00007f91109fa000)

Polling page: 0x00007f9128355000

CodeCache: size=245760Kb used=1916Kb max_used=1916Kb free=243843Kb
 bounds [0x00007f9111000000, 0x00007f9111270000, 0x00007f9120000000]
 total_blobs=580 nmethods=319 adapters=175
 compilation: enabled

Compilation events (10 events):
Event: 18,699 Thread 0x00007f912020e800  331       3       java.util.HashMap::putVal (300 bytes)
Event: 18,708 Thread 0x00007f912020e800 nmethod 331 0x00007f91111de2d0 code [0x00007f91111de540, 0x00007f91111df7f8]
Event: 18,708 Thread 0x00007f912020e800  330       3       java.util.HashMap::put (13 bytes)
Event: 18,709 Thread 0x00007f912020e800 nmethod 330 0x00007f91111dfed0 code [0x00007f91111e0060, 0x00007f91111e0418]
Event: 18,917 Thread 0x00007f912020e800  332       3       java.lang.ref.SoftReference::<init> (13 bytes)
Event: 18,925 Thread 0x00007f912020e800 nmethod 332 0x00007f91111d82d0 code [0x00007f91111d8440, 0x00007f91111d8730]
Event: 19,073 Thread 0x00007f912020e800  333       1       java.lang.ThreadLocal::initialValue (2 bytes)
Event: 19,073 Thread 0x00007f912020e800 nmethod 333 0x00007f91111e0550 code [0x00007f91111e06a0, 0x00007f91111e07b0]
Event: 19,079 Thread 0x00007f912020e800  334       3       java.util.concurrent.locks.LockSupport::setBlocker (12 bytes)
Event: 19,080 Thread 0x00007f912020e800 nmethod 334 0x00007f91111e0810 code [0x00007f91111e0960, 0x00007f91111e0ab0]

GC Heap History (5 events):
Event: 4,442 GC heap before
{Heap before GC invocations=1 (full 0):
 PSYoungGen      total 74752K, used 64512K [0x000000076d500000, 0x0000000772800000, 0x00000007c0000000)
  eden space 64512K, 100% used [0x000000076d500000,0x0000000771400000,0x0000000771400000)
  from space 10240K, 0% used [0x0000000771e00000,0x0000000771e00000,0x0000000772800000)
  to   space 10240K, 0% used [0x0000000771400000,0x0000000771400000,0x0000000771e00000)
 ParOldGen       total 171008K, used 0K [0x00000006c7e00000, 0x00000006d2500000, 0x000000076d500000)
  object space 171008K, 0% used [0x00000006c7e00000,0x00000006c7e00000,0x00000006d2500000)
 Metaspace       used 3222K, capacity 4664K, committed 4864K, reserved 1056768K
  class space    used 340K, capacity 424K, committed 512K, reserved 1048576K
Event: 4,787 GC heap after
Heap after GC invocations=1 (full 0):
 PSYoungGen      total 74752K, used 850K [0x000000076d500000, 0x0000000776700000, 0x00000007c0000000)
  eden space 64512K, 0% used [0x000000076d500000,0x000000076d500000,0x0000000771400000)
  from space 10240K, 8% used [0x0000000771400000,0x00000007714d48f8,0x0000000771e00000)
  to   space 10240K, 0% used [0x0000000775d00000,0x0000000775d00000,0x0000000776700000)
 ParOldGen       total 171008K, used 0K [0x00000006c7e00000, 0x00000006d2500000, 0x000000076d500000)
  object space 171008K, 0% used [0x00000006c7e00000,0x00000006c7e00000,0x00000006d2500000)
 Metaspace       used 3222K, capacity 4664K, committed 4864K, reserved 1056768K
  class space    used 340K, capacity 424K, committed 512K, reserved 1048576K
}
Event: 6,245 GC heap before
{Heap before GC invocations=2 (full 0):
 PSYoungGen      total 74752K, used 65362K [0x000000076d500000, 0x0000000776700000, 0x00000007c0000000)
  eden space 64512K, 100% used [0x000000076d500000,0x0000000771400000,0x0000000771400000)
  from space 10240K, 8% used [0x0000000771400000,0x00000007714d48f8,0x0000000771e00000)
  to   space 10240K, 0% used [0x0000000775d00000,0x0000000775d00000,0x0000000776700000)
 ParOldGen       total 171008K, used 0K [0x00000006c7e00000, 0x00000006d2500000, 0x000000076d500000)
  object space 171008K, 0% used [0x00000006c7e00000,0x00000006c7e00000,0x00000006d2500000)
 Metaspace       used 3238K, capacity 4664K, committed 4864K, reserved 1056768K
  class space    used 340K, capacity 424K, committed 512K, reserved 1048576K
Event: 6,784 GC heap after
Heap after GC invocations=2 (full 0):
 PSYoungGen      total 139264K, used 768K [0x000000076d500000, 0x0000000776700000, 0x00000007c0000000)
  eden space 129024K, 0% used [0x000000076d500000,0x000000076d500000,0x0000000775300000)
  from space 10240K, 7% used [0x0000000775d00000,0x0000000775dc0000,0x0000000776700000)
  to   space 10240K, 0% used [0x0000000775300000,0x0000000775300000,0x0000000775d00000)
 ParOldGen       total 171008K, used 0K [0x00000006c7e00000, 0x00000006d2500000, 0x000000076d500000)
  object space 171008K, 0% used [0x00000006c7e00000,0x00000006c7e00000,0x00000006d2500000)
 Metaspace       used 3238K, capacity 4664K, committed 4864K, reserved 1056768K
  class space    used 340K, capacity 424K, committed 512K, reserved 1048576K
}
Event: 19,114 GC heap before
{Heap before GC invocations=3 (full 0):
 PSYoungGen      total 139264K, used 129792K [0x000000076d500000, 0x0000000776700000, 0x00000007c0000000)
  eden space 129024K, 100% used [0x000000076d500000,0x0000000775300000,0x0000000775300000)
  from space 10240K, 7% used [0x0000000775d00000,0x0000000775dc0000,0x0000000776700000)
  to   space 10240K, 0% used [0x0000000775300000,0x0000000775300000,0x0000000775d00000)
 ParOldGen       total 171008K, used 0K [0x00000006c7e00000, 0x00000006d2500000, 0x000000076d500000)
  object space 171008K, 0% used [0x00000006c7e00000,0x00000006c7e00000,0x00000006d2500000)
 Metaspace       used 3289K, capacity 4664K, committed 4864K, reserved 1056768K
  class space    used 340K, capacity 424K, committed 512K, reserved 1048576K

Deoptimization events (7 events):
Event: 0,374 Thread 0x00007f9120009800 Uncommon trap: reason=unstable_if action=reinterpret pc=0x00007f91111299d4 method=java.lang.String.lastIndexOf(II)I @ 23
Event: 0,413 Thread 0x00007f912024e000 Uncommon trap: reason=unstable_if action=reinterpret pc=0x00007f911112c32c method=java.lang.String.lastIndexOf(II)I @ 23
Event: 1,049 Thread 0x00007f9120257800 Uncommon trap: reason=unstable_if action=reinterpret pc=0x00007f9111163124 method=java.io.BufferedReader.readLine(Z)Ljava/lang/String; @ 55
Event: 1,164 Thread 0x00007f912024f000 Uncommon trap: reason=unstable_if action=reinterpret pc=0x00007f911114f828 method=sun.misc.FloatingDecimal$ASCIIToBinaryBuffer.doubleValue()D @ 149
Event: 2,255 Thread 0x00007f9120250800 Uncommon trap: reason=predicate action=maybe_recompile pc=0x00007f9111182d3c method=java.util.AbstractCollection.toArray([Ljava/lang/Object;)[Ljava/lang/Object; @ 49
Event: 2,256 Thread 0x00007f9120250800 Uncommon trap: reason=array_check action=maybe_recompile pc=0x00007f9111180538 method=java.util.AbstractCollection.toArray([Ljava/lang/Object;)[Ljava/lang/Object; @ 119
Event: 2,257 Thread 0x00007f9120250800 Uncommon trap: reason=array_check action=maybe_recompile pc=0x00007f9111180538 method=java.util.AbstractCollection.toArray([Ljava/lang/Object;)[Ljava/lang/Object; @ 119

Internal exceptions (2 events):
Event: 0,071 Thread 0x00007f9120009800 Exception <a 'java/lang/NoSuchMethodError': Method sun.misc.Unsafe.defineClass(Ljava/lang/String;[BII)Ljava/lang/Class; name or signature does not match> (0x000000076d507ca8) thrown at [/HUDSON3/workspace/8-2-build-linux-amd64/jdk8u121/8372/hotspot/src/sh
Event: 0,071 Thread 0x00007f9120009800 Exception <a 'java/lang/NoSuchMethodError': Method sun.misc.Unsafe.prefetchRead(Ljava/lang/Object;J)V name or signature does not match> (0x000000076d507f90) thrown at [/HUDSON3/workspace/8-2-build-linux-amd64/jdk8u121/8372/hotspot/src/share/vm/prims/jni.c

Events (10 events):
Event: 18,769 Thread 0x00007f9120255800 Thread added: 0x00007f9120255800
Event: 18,770 Thread 0x00007f9120262000 Thread added: 0x00007f9120262000
Event: 18,770 Thread 0x00007f9120242000 Thread added: 0x00007f9120242000
Event: 18,875 Thread 0x00007f9120259000 Thread added: 0x00007f9120259000
Event: 18,911 Thread 0x00007f9120244000 Thread added: 0x00007f9120244000
Event: 19,029 Thread 0x00007f912025b000 Thread added: 0x00007f912025b000
Event: 19,030 Executing VM operation: RevokeBias
Event: 19,073 Executing VM operation: RevokeBias done
Event: 19,078 Thread 0x00007f9120255800 Thread exited: 0x00007f9120255800
Event: 19,080 Executing VM operation: ParallelGCFailedAllocation


Dynamic libraries:
00400000-00401000 r-xp 00000000 08:01 13378836                           /usr/lib/jvm/java-8-oracle/jre/bin/java
00600000-00601000 rw-p 00000000 08:01 13378836                           /usr/lib/jvm/java-8-oracle/jre/bin/java
01dce000-01def000 rw-p 00000000 00:00 0                                  [heap]
6c7e00000-6d2500000 rw-p 00000000 00:00 0 
6d2500000-76d500000 ---p 00000000 00:00 0 
76d500000-776700000 rw-p 00000000 00:00 0 
77e500000-7c0000000 ---p 00000000 00:00 0 
7c0000000-7c0080000 rw-p 00000000 00:00 0 
7c0080000-800000000 ---p 00000000 00:00 0 
7f9074000000-7f9074021000 rw-p 00000000 00:00 0 
7f9074021000-7f9078000000 ---p 00000000 00:00 0 
7f907c000000-7f907c021000 rw-p 00000000 00:00 0 
7f907c021000-7f9080000000 ---p 00000000 00:00 0 
7f9080000000-7f9080021000 rw-p 00000000 00:00 0 
7f9080021000-7f9084000000 ---p 00000000 00:00 0 
7f9087a76000-7f9087cfd000 rw-p 00000000 00:00 0 
7f9087cfd000-7f9087d00000 ---p 00000000 00:00 0 
7f9087d00000-7f9087dfe000 rw-p 00000000 00:00 0 
7f9087dfe000-7f9087e01000 ---p 00000000 00:00 0 
7f9087e01000-7f9087eff000 rw-p 00000000 00:00 0 
7f9087eff000-7f9087f02000 ---p 00000000 00:00 0 
7f9087f02000-7f9088000000 rw-p 00000000 00:00 0 
7f9088000000-7f9088021000 rw-p 00000000 00:00 0 
7f9088021000-7f908c000000 ---p 00000000 00:00 0 
7f908c000000-7f908c021000 rw-p 00000000 00:00 0 
7f908c021000-7f9090000000 ---p 00000000 00:00 0 
7f9090000000-7f9090021000 rw-p 00000000 00:00 0 
7f9090021000-7f9094000000 ---p 00000000 00:00 0 
7f9094000000-7f9094021000 rw-p 00000000 00:00 0 
7f9094021000-7f9098000000 ---p 00000000 00:00 0 
7f9098000000-7f9098021000 rw-p 00000000 00:00 0 
7f9098021000-7f909c000000 ---p 00000000 00:00 0 
7f909c000000-7f909c021000 rw-p 00000000 00:00 0 
7f909c021000-7f90a0000000 ---p 00000000 00:00 0 
7f90a0000000-7f90a0021000 rw-p 00000000 00:00 0 
7f90a0021000-7f90a4000000 ---p 00000000 00:00 0 
7f90a4000000-7f90a4021000 rw-p 00000000 00:00 0 
7f90a4021000-7f90a8000000 ---p 00000000 00:00 0 
7f90a8000000-7f90a8021000 rw-p 00000000 00:00 0 
7f90a8021000-7f90ac000000 ---p 00000000 00:00 0 
7f90ac000000-7f90ac021000 rw-p 00000000 00:00 0 
7f90ac021000-7f90b0000000 ---p 00000000 00:00 0 
7f90b0000000-7f90b0021000 rw-p 00000000 00:00 0 
7f90b0021000-7f90b4000000 ---p 00000000 00:00 0 
7f90b4000000-7f90b4021000 rw-p 00000000 00:00 0 
7f90b4021000-7f90b8000000 ---p 00000000 00:00 0 
7f90b8000000-7f90b8021000 rw-p 00000000 00:00 0 
7f90b8021000-7f90bc000000 ---p 00000000 00:00 0 
7f90bc000000-7f90bc021000 rw-p 00000000 00:00 0 
7f90bc021000-7f90c0000000 ---p 00000000 00:00 0 
7f90c0000000-7f90c01d8000 rw-p 00000000 00:00 0 
7f90c01d8000-7f90c4000000 ---p 00000000 00:00 0 
7f90c4000000-7f90c4021000 rw-p 00000000 00:00 0 
7f90c4021000-7f90c8000000 ---p 00000000 00:00 0 
7f90c8000000-7f90c8341000 rw-p 00000000 00:00 0 
7f90c8341000-7f90cc000000 ---p 00000000 00:00 0 
7f90cc000000-7f90cc419000 rw-p 00000000 00:00 0 
7f90cc419000-7f90d0000000 ---p 00000000 00:00 0 
7f90d0000000-7f90d0021000 rw-p 00000000 00:00 0 
7f90d0021000-7f90d4000000 ---p 00000000 00:00 0 
7f90d4000000-7f90d43ae000 rw-p 00000000 00:00 0 
7f90d43ae000-7f90d8000000 ---p 00000000 00:00 0 
7f90d8000000-7f90d8021000 rw-p 00000000 00:00 0 
7f90d8021000-7f90dc000000 ---p 00000000 00:00 0 
7f90dc000000-7f90dc021000 rw-p 00000000 00:00 0 
7f90dc021000-7f90e0000000 ---p 00000000 00:00 0 
7f90e0000000-7f90e0021000 rw-p 00000000 00:00 0 
7f90e0021000-7f90e4000000 ---p 00000000 00:00 0 
7f90e4000000-7f90e4021000 rw-p 00000000 00:00 0 
7f90e4021000-7f90e8000000 ---p 00000000 00:00 0 
7f90e8000000-7f90e8021000 rw-p 00000000 00:00 0 
7f90e8021000-7f90ec000000 ---p 00000000 00:00 0 
7f90ec000000-7f90ec021000 rw-p 00000000 00:00 0 
7f90ec021000-7f90f0000000 ---p 00000000 00:00 0 
7f90f0000000-7f90f0021000 rw-p 00000000 00:00 0 
7f90f0021000-7f90f4000000 ---p 00000000 00:00 0 
7f90f4000000-7f90f4021000 rw-p 00000000 00:00 0 
7f90f4021000-7f90f8000000 ---p 00000000 00:00 0 
7f90f8000000-7f90f8021000 rw-p 00000000 00:00 0 
7f90f8021000-7f90fc000000 ---p 00000000 00:00 0 
7f90fc000000-7f90fc021000 rw-p 00000000 00:00 0 
7f90fc021000-7f9100000000 ---p 00000000 00:00 0 
7f9100000000-7f9100021000 rw-p 00000000 00:00 0 
7f9100021000-7f9104000000 ---p 00000000 00:00 0 
7f91040c7000-7f91040ca000 ---p 00000000 00:00 0 
7f91040ca000-7f91041c8000 rw-p 00000000 00:00 0 
7f91041c8000-7f91041cb000 ---p 00000000 00:00 0 
7f91041cb000-7f91042c9000 rw-p 00000000 00:00 0 
7f91042c9000-7f91042cc000 ---p 00000000 00:00 0 
7f91042cc000-7f91043ca000 rw-p 00000000 00:00 0 
7f91043ca000-7f91043cd000 ---p 00000000 00:00 0 
7f91043cd000-7f91044cb000 rw-p 00000000 00:00 0 
7f91044cb000-7f91044ce000 ---p 00000000 00:00 0 
7f91044ce000-7f91045cc000 rw-p 00000000 00:00 0 
7f91045cc000-7f91045cf000 ---p 00000000 00:00 0 
7f91045cf000-7f91046cd000 rw-p 00000000 00:00 0 
7f91046cd000-7f91046d0000 ---p 00000000 00:00 0 
7f91046d0000-7f91047ce000 rw-p 00000000 00:00 0 
7f91047ce000-7f91047d1000 ---p 00000000 00:00 0 
7f91047d1000-7f91048cf000 rw-p 00000000 00:00 0 
7f91048cf000-7f91048d2000 ---p 00000000 00:00 0 
7f91048d2000-7f91049d0000 rw-p 00000000 00:00 0 
7f91049d0000-7f91049d3000 ---p 00000000 00:00 0 
7f91049d3000-7f9104ad1000 rw-p 00000000 00:00 0 
7f9104ad1000-7f9104ad4000 ---p 00000000 00:00 0 
7f9104ad4000-7f9104bd2000 rw-p 00000000 00:00 0 
7f9104bd2000-7f9104bd5000 ---p 00000000 00:00 0 
7f9104bd5000-7f9104cd3000 rw-p 00000000 00:00 0 
7f9104cd3000-7f9104cd6000 ---p 00000000 00:00 0 
7f9104cd6000-7f9104dd4000 rw-p 00000000 00:00 0 
7f9104dd4000-7f9104dd7000 ---p 00000000 00:00 0 
7f9104dd7000-7f9104ed5000 rw-p 00000000 00:00 0 
7f9104ed5000-7f9104ed6000 ---p 00000000 00:00 0 
7f9104ed6000-7f9104fd6000 rw-p 00000000 00:00 0 
7f9104fd6000-7f9104fd9000 ---p 00000000 00:00 0 
7f9104fd9000-7f91050d7000 rw-p 00000000 00:00 0 
7f91050d7000-7f91050da000 ---p 00000000 00:00 0 
7f91050da000-7f91051d8000 rw-p 00000000 00:00 0 
7f91051d8000-7f91051db000 ---p 00000000 00:00 0 
7f91051db000-7f91052d9000 rw-p 00000000 00:00 0 
7f91052d9000-7f91052dc000 ---p 00000000 00:00 0 
7f91052dc000-7f91053da000 rw-p 00000000 00:00 0 
7f91053da000-7f91053dd000 ---p 00000000 00:00 0 
7f91053dd000-7f91054db000 rw-p 00000000 00:00 0 
7f91054db000-7f91054de000 ---p 00000000 00:00 0 
7f91054de000-7f91055dc000 rw-p 00000000 00:00 0 
7f91055dc000-7f9105e32000 r--p 00000000 08:01 13376312                   /usr/lib/locale/locale-archive
7f9105e32000-7f9105e35000 ---p 00000000 00:00 0 
7f9105e35000-7f9105f33000 rw-p 00000000 00:00 0 
7f9105f33000-7f9105f36000 ---p 00000000 00:00 0 
7f9105f36000-7f9106034000 rw-p 00000000 00:00 0 
7f9106034000-7f9106035000 ---p 00000000 00:00 0 
7f9106035000-7f9107c50000 rw-p 00000000 00:00 0 
7f9107c50000-7f9107e29000 r--s 03d3e000 08:01 13378846                   /usr/lib/jvm/java-8-oracle/jre/lib/rt.jar
7f9107e29000-7f9108269000 rw-p 00000000 00:00 0 
7f9108269000-7f9108629000 ---p 00000000 00:00 0 
7f9108629000-7f91109fa000 rw-p 00000000 00:00 0 
7f91109fa000-7f91109fb000 ---p 00000000 00:00 0 
7f91109fb000-7f9110afb000 rw-p 00000000 00:00 0 
7f9110afb000-7f9110afc000 ---p 00000000 00:00 0 
7f9110afc000-7f9110bfc000 rw-p 00000000 00:00 0 
7f9110bfc000-7f9110bfd000 ---p 00000000 00:00 0 
7f9110bfd000-7f9110cfd000 rw-p 00000000 00:00 0 
7f9110cfd000-7f9110cfe000 ---p 00000000 00:00 0 
7f9110cfe000-7f9110dfe000 rw-p 00000000 00:00 0 
7f9110dfe000-7f9110dff000 ---p 00000000 00:00 0 
7f9110dff000-7f9110eff000 rw-p 00000000 00:00 0 
7f9110eff000-7f9110f00000 ---p 00000000 00:00 0 
7f9110f00000-7f9111000000 rw-p 00000000 00:00 0 
7f9111000000-7f9111270000 rwxp 00000000 00:00 0 
7f9111270000-7f9120000000 ---p 00000000 00:00 0 
7f9120000000-7f9120266000 rw-p 00000000 00:00 0 
7f9120266000-7f9124000000 ---p 00000000 00:00 0 
7f9124034000-7f91240f9000 rw-p 00000000 00:00 0 
7f91240f9000-7f91240fa000 ---p 00000000 00:00 0 
7f91240fa000-7f91241fa000 rw-p 00000000 00:00 0 
7f91241fa000-7f91241fb000 ---p 00000000 00:00 0 
7f91241fb000-7f912434f000 rw-p 00000000 00:00 0 
7f912434f000-7f9124827000 ---p 00000000 00:00 0 
7f9124827000-7f912487b000 rw-p 00000000 00:00 0 
7f912487b000-7f9124d52000 ---p 00000000 00:00 0 
7f9124d52000-7f9124d9c000 rw-p 00000000 00:00 0 
7f9124d9c000-7f9124fe8000 ---p 00000000 00:00 0 
7f9124fe8000-7f9124ff3000 rw-p 00000000 00:00 0 
7f9124ff3000-7f91253a9000 ---p 00000000 00:00 0 
7f91253a9000-7f91253c3000 r-xp 00000000 08:01 13380245                   /usr/lib/jvm/java-8-oracle/jre/lib/amd64/libzip.so
7f91253c3000-7f91255c3000 ---p 0001a000 08:01 13380245                   /usr/lib/jvm/java-8-oracle/jre/lib/amd64/libzip.so
7f91255c3000-7f91255c4000 rw-p 0001a000 08:01 13380245                   /usr/lib/jvm/java-8-oracle/jre/lib/amd64/libzip.so
7f91255c4000-7f91255ce000 r-xp 00000000 08:01 2888166                    /lib/x86_64-linux-gnu/libnss_files-2.19.so
7f91255ce000-7f91257cd000 ---p 0000a000 08:01 2888166                    /lib/x86_64-linux-gnu/libnss_files-2.19.so
7f91257cd000-7f91257ce000 r--p 00009000 08:01 2888166                    /lib/x86_64-linux-gnu/libnss_files-2.19.so
7f91257ce000-7f91257cf000 rw-p 0000a000 08:01 2888166                    /lib/x86_64-linux-gnu/libnss_files-2.19.so
7f91257cf000-7f91257da000 r-xp 00000000 08:01 2888176                    /lib/x86_64-linux-gnu/libnss_nis-2.19.so
7f91257da000-7f91259d9000 ---p 0000b000 08:01 2888176                    /lib/x86_64-linux-gnu/libnss_nis-2.19.so
7f91259d9000-7f91259da000 r--p 0000a000 08:01 2888176                    /lib/x86_64-linux-gnu/libnss_nis-2.19.so
7f91259da000-7f91259db000 rw-p 0000b000 08:01 2888176                    /lib/x86_64-linux-gnu/libnss_nis-2.19.so
7f91259db000-7f91259f2000 r-xp 00000000 08:01 2888160                    /lib/x86_64-linux-gnu/libnsl-2.19.so
7f91259f2000-7f9125bf1000 ---p 00017000 08:01 2888160                    /lib/x86_64-linux-gnu/libnsl-2.19.so
7f9125bf1000-7f9125bf2000 r--p 00016000 08:01 2888160                    /lib/x86_64-linux-gnu/libnsl-2.19.so
7f9125bf2000-7f9125bf3000 rw-p 00017000 08:01 2888160                    /lib/x86_64-linux-gnu/libnsl-2.19.so
7f9125bf3000-7f9125bf5000 rw-p 00000000 00:00 0 
7f9125bf5000-7f9125bfe000 r-xp 00000000 08:01 2888162                    /lib/x86_64-linux-gnu/libnss_compat-2.19.so
7f9125bfe000-7f9125dfd000 ---p 00009000 08:01 2888162                    /lib/x86_64-linux-gnu/libnss_compat-2.19.so
7f9125dfd000-7f9125dfe000 r--p 00008000 08:01 2888162                    /lib/x86_64-linux-gnu/libnss_compat-2.19.so
7f9125dfe000-7f9125dff000 rw-p 00009000 08:01 2888162                    /lib/x86_64-linux-gnu/libnss_compat-2.19.so
7f9125dff000-7f9125e2a000 r-xp 00000000 08:01 13380270                   /usr/lib/jvm/java-8-oracle/jre/lib/amd64/libjava.so
7f9125e2a000-7f9126029000 ---p 0002b000 08:01 13380270                   /usr/lib/jvm/java-8-oracle/jre/lib/amd64/libjava.so
7f9126029000-7f912602b000 rw-p 0002a000 08:01 13380270                   /usr/lib/jvm/java-8-oracle/jre/lib/amd64/libjava.so
7f912602b000-7f9126038000 r-xp 00000000 08:01 13380289                   /usr/lib/jvm/java-8-oracle/jre/lib/amd64/libverify.so
7f9126038000-7f9126237000 ---p 0000d000 08:01 13380289                   /usr/lib/jvm/java-8-oracle/jre/lib/amd64/libverify.so
7f9126237000-7f9126239000 rw-p 0000c000 08:01 13380289                   /usr/lib/jvm/java-8-oracle/jre/lib/amd64/libverify.so
7f9126239000-7f9126240000 r-xp 00000000 08:01 2888219                    /lib/x86_64-linux-gnu/librt-2.19.so
7f9126240000-7f912643f000 ---p 00007000 08:01 2888219                    /lib/x86_64-linux-gnu/librt-2.19.so
7f912643f000-7f9126440000 r--p 00006000 08:01 2888219                    /lib/x86_64-linux-gnu/librt-2.19.so
7f9126440000-7f9126441000 rw-p 00007000 08:01 2888219                    /lib/x86_64-linux-gnu/librt-2.19.so
7f9126441000-7f9126546000 r-xp 00000000 08:01 2888141                    /lib/x86_64-linux-gnu/libm-2.19.so
7f9126546000-7f9126745000 ---p 00105000 08:01 2888141                    /lib/x86_64-linux-gnu/libm-2.19.so
7f9126745000-7f9126746000 r--p 00104000 08:01 2888141                    /lib/x86_64-linux-gnu/libm-2.19.so
7f9126746000-7f9126747000 rw-p 00105000 08:01 2888141                    /lib/x86_64-linux-gnu/libm-2.19.so
7f9126747000-7f9127415000 r-xp 00000000 08:01 13380286                   /usr/lib/jvm/java-8-oracle/jre/lib/amd64/server/libjvm.so
7f9127415000-7f9127615000 ---p 00cce000 08:01 13380286                   /usr/lib/jvm/java-8-oracle/jre/lib/amd64/server/libjvm.so
7f9127615000-7f91276ee000 rw-p 00cce000 08:01 13380286                   /usr/lib/jvm/java-8-oracle/jre/lib/amd64/server/libjvm.so
7f91276ee000-7f9127739000 rw-p 00000000 00:00 0 
7f9127739000-7f91278f3000 r-xp 00000000 08:01 2888091                    /lib/x86_64-linux-gnu/libc-2.19.so
7f91278f3000-7f9127af3000 ---p 001ba000 08:01 2888091                    /lib/x86_64-linux-gnu/libc-2.19.so
7f9127af3000-7f9127af7000 r--p 001ba000 08:01 2888091                    /lib/x86_64-linux-gnu/libc-2.19.so
7f9127af7000-7f9127af9000 rw-p 001be000 08:01 2888091                    /lib/x86_64-linux-gnu/libc-2.19.so
7f9127af9000-7f9127afe000 rw-p 00000000 00:00 0 
7f9127afe000-7f9127b01000 r-xp 00000000 08:01 2888108                    /lib/x86_64-linux-gnu/libdl-2.19.so
7f9127b01000-7f9127d00000 ---p 00003000 08:01 2888108                    /lib/x86_64-linux-gnu/libdl-2.19.so
7f9127d00000-7f9127d01000 r--p 00002000 08:01 2888108                    /lib/x86_64-linux-gnu/libdl-2.19.so
7f9127d01000-7f9127d02000 rw-p 00003000 08:01 2888108                    /lib/x86_64-linux-gnu/libdl-2.19.so
7f9127d02000-7f9127d17000 r-xp 00000000 08:01 13380253                   /usr/lib/jvm/java-8-oracle/jre/lib/amd64/jli/libjli.so
7f9127d17000-7f9127f17000 ---p 00015000 08:01 13380253                   /usr/lib/jvm/java-8-oracle/jre/lib/amd64/jli/libjli.so
7f9127f17000-7f9127f18000 rw-p 00015000 08:01 13380253                   /usr/lib/jvm/java-8-oracle/jre/lib/amd64/jli/libjli.so
7f9127f18000-7f9127f31000 r-xp 00000000 08:01 2888211                    /lib/x86_64-linux-gnu/libpthread-2.19.so
7f9127f31000-7f9128130000 ---p 00019000 08:01 2888211                    /lib/x86_64-linux-gnu/libpthread-2.19.so
7f9128130000-7f9128131000 r--p 00018000 08:01 2888211                    /lib/x86_64-linux-gnu/libpthread-2.19.so
7f9128131000-7f9128132000 rw-p 00019000 08:01 2888211                    /lib/x86_64-linux-gnu/libpthread-2.19.so
7f9128132000-7f9128136000 rw-p 00000000 00:00 0 
7f9128136000-7f9128159000 r-xp 00000000 08:01 2888067                    /lib/x86_64-linux-gnu/ld-2.19.so
7f912818f000-7f9128238000 rw-p 00000000 00:00 0 
7f9128238000-7f912823b000 ---p 00000000 00:00 0 
7f912823b000-7f912833d000 rw-p 00000000 00:00 0 
7f9128349000-7f912834a000 rw-p 00000000 00:00 0 
7f912834a000-7f912834c000 r--s 0001b000 08:01 11286680                   /home/nabegh/Bachelor/SubjectooSim/Run.jar
7f912834c000-7f9128354000 rw-s 00000000 08:01 12061606                   /tmp/hsperfdata_nabegh/8845
7f9128354000-7f9128355000 rw-p 00000000 00:00 0 
7f9128355000-7f9128356000 ---p 00000000 00:00 0 
7f9128356000-7f9128358000 rw-p 00000000 00:00 0 
7f9128358000-7f9128359000 r--p 00022000 08:01 2888067                    /lib/x86_64-linux-gnu/ld-2.19.so
7f9128359000-7f912835a000 rw-p 00023000 08:01 2888067                    /lib/x86_64-linux-gnu/ld-2.19.so
7f912835a000-7f912835b000 rw-p 00000000 00:00 0 
7ffc5e566000-7ffc5e587000 rw-p 00000000 00:00 0                          [stack]
7ffc5e5d7000-7ffc5e5d9000 r--p 00000000 00:00 0                          [vvar]
7ffc5e5d9000-7ffc5e5db000 r-xp 00000000 00:00 0                          [vdso]
ffffffffff600000-ffffffffff601000 r-xp 00000000 00:00 0                  [vsyscall]

VM Arguments:
java_command: /home/nabegh/Bachelor/SubjectooSim/Run.jar true 0.975 50 2017-07-23 4
java_class_path (initial): /home/nabegh/Bachelor/SubjectooSim/Run.jar
Launcher Type: SUN_STANDARD

Environment Variables:
JAVA_HOME=/usr/lib/jvm/java-8-oracle
PATH=/usr/local/sbin:/usr/local/bin:/usr/sbin:/usr/bin:/sbin:/bin:/usr/games:/usr/local/games:/usr/lib/jvm/java-8-oracle/bin:/usr/lib/jvm/java-8-oracle/db/bin:/usr/lib/jvm/java-8-oracle/jre/bin
SHELL=/bin/bash
DISPLAY=:0

Signal Handlers:
SIGSEGV: [libjvm.so+0xac78c0], sa_mask[0]=11111111011111111101111111111110, sa_flags=SA_RESTART|SA_SIGINFO
SIGBUS: [libjvm.so+0xac78c0], sa_mask[0]=11111111011111111101111111111110, sa_flags=SA_RESTART|SA_SIGINFO
SIGFPE: [libjvm.so+0x920ac0], sa_mask[0]=11111111011111111101111111111110, sa_flags=SA_RESTART|SA_SIGINFO
SIGPIPE: [libjvm.so+0x920ac0], sa_mask[0]=11111111011111111101111111111110, sa_flags=SA_RESTART|SA_SIGINFO
SIGXFSZ: [libjvm.so+0x920ac0], sa_mask[0]=11111111011111111101111111111110, sa_flags=SA_RESTART|SA_SIGINFO
SIGILL: [libjvm.so+0x920ac0], sa_mask[0]=11111111011111111101111111111110, sa_flags=SA_RESTART|SA_SIGINFO
SIGUSR1: SIG_DFL, sa_mask[0]=00000000000000000000000000000000, sa_flags=none
SIGUSR2: [libjvm.so+0x922300], sa_mask[0]=00000000000000000000000000000000, sa_flags=SA_RESTART|SA_SIGINFO
SIGHUP: [libjvm.so+0x923700], sa_mask[0]=11111111011111111101111111111110, sa_flags=SA_RESTART|SA_SIGINFO
SIGINT: [libjvm.so+0x923700], sa_mask[0]=11111111011111111101111111111110, sa_flags=SA_RESTART|SA_SIGINFO
SIGTERM: [libjvm.so+0x923700], sa_mask[0]=11111111011111111101111111111110, sa_flags=SA_RESTART|SA_SIGINFO
SIGQUIT: [libjvm.so+0x923700], sa_mask[0]=11111111011111111101111111111110, sa_flags=SA_RESTART|SA_SIGINFO


---------------  S Y S T E M  ---------------

OS:DISTRIB_ID=Ubuntu
DISTRIB_RELEASE=14.04
DISTRIB_CODENAME=trusty
DISTRIB_DESCRIPTION="Ubuntu 14.04.5 LTS"

uname:Linux 4.4.0-53-generic #74~14.04.1-Ubuntu SMP Fri Dec 2 03:43:31 UTC 2016 x86_64
libc:glibc 2.19 NPTL 2.19 
rlimit: STACK 8192k, CORE 0k, NPROC 63408, NOFILE 4096, AS infinity
load average:156,65 61,42 33,94

/proc/meminfo:
MemTotal:       16257156 kB
MemFree:          444948 kB
MemAvailable:     335344 kB
Buffers:            1996 kB
Cached:           434400 kB
SwapCached:        14732 kB
Active:         13363892 kB
Inactive:        1748204 kB
Active(anon):   13337356 kB
Inactive(anon):  1703656 kB
Active(file):      26536 kB
Inactive(file):    44548 kB
Unevictable:          64 kB
Mlocked:              64 kB
SwapTotal:      16601084 kB
SwapFree:          73120 kB
Dirty:                 0 kB
Writeback:          3212 kB
AnonPages:      14665736 kB
Mapped:           158000 kB
Shmem:            366112 kB
Slab:             169988 kB
SReclaimable:      46216 kB
SUnreclaim:       123772 kB
KernelStack:      143008 kB
PageTables:       266660 kB
NFS_Unstable:          0 kB
Bounce:                0 kB
WritebackTmp:          0 kB
CommitLimit:    24729660 kB
Committed_AS:   143699984 kB
VmallocTotal:   34359738367 kB
VmallocUsed:           0 kB
VmallocChunk:          0 kB
HardwareCorrupted:     0 kB
AnonHugePages:   7047168 kB
CmaTotal:              0 kB
CmaFree:               0 kB
HugePages_Total:       0
HugePages_Free:        0
HugePages_Rsvd:        0
HugePages_Surp:        0
Hugepagesize:       2048 kB
DirectMap4k:      414604 kB
DirectMap2M:    16187392 kB
DirectMap1G:           0 kB


CPU:total 8 (4 cores per cpu, 2 threads per core) family 6 model 94 stepping 3, cmov, cx8, fxsr, mmx, sse, sse2, sse3, ssse3, sse4.1, sse4.2, popcnt, avx, avx2, aes, clmul, erms, rtm, 3dnowpref, lzcnt, ht, tsc, tscinvbit, bmi1, bmi2, adx

/proc/cpuinfo:
processor	: 0
vendor_id	: GenuineIntel
cpu family	: 6
model		: 94
model name	: Intel(R) Core(TM) i7-6700T CPU @ 2.80GHz
stepping	: 3
microcode	: 0xa6
cpu MHz		: 2689.968
cache size	: 8192 KB
physical id	: 0
siblings	: 8
core id		: 0
cpu cores	: 4
apicid		: 0
initial apicid	: 0
fpu		: yes
fpu_exception	: yes
cpuid level	: 22
wp		: yes
flags		: fpu vme de pse tsc msr pae mce cx8 apic sep mtrr pge mca cmov pat pse36 clflush dts acpi mmx fxsr sse sse2 ss ht tm pbe syscall nx pdpe1gb rdtscp lm constant_tsc art arch_perfmon pebs bts rep_good nopl xtopology nonstop_tsc aperfmperf eagerfpu pni pclmulqdq dtes64 monitor ds_cpl vmx smx est tm2 ssse3 sdbg fma cx16 xtpr pdcm pcid sse4_1 sse4_2 x2apic movbe popcnt tsc_deadline_timer aes xsave avx f16c rdrand lahf_lm abm 3dnowprefetch epb intel_pt tpr_shadow vnmi flexpriority ept vpid fsgsbase tsc_adjust bmi1 hle avx2 smep bmi2 erms invpcid rtm mpx rdseed adx smap clflushopt xsaveopt xsavec xgetbv1 dtherm ida arat pln pts hwp hwp_notify hwp_act_window hwp_epp
bugs		:
bogomips	: 5616.36
clflush size	: 64
cache_alignment	: 64
address sizes	: 39 bits physical, 48 bits virtual
power management:

processor	: 1
vendor_id	: GenuineIntel
cpu family	: 6
model		: 94
model name	: Intel(R) Core(TM) i7-6700T CPU @ 2.80GHz
stepping	: 3
microcode	: 0xa6
cpu MHz		: 2682.531
cache size	: 8192 KB
physical id	: 0
siblings	: 8
core id		: 1
cpu cores	: 4
apicid		: 2
initial apicid	: 2
fpu		: yes
fpu_exception	: yes
cpuid level	: 22
wp		: yes
flags		: fpu vme de pse tsc msr pae mce cx8 apic sep mtrr pge mca cmov pat pse36 clflush dts acpi mmx fxsr sse sse2 ss ht tm pbe syscall nx pdpe1gb rdtscp lm constant_tsc art arch_perfmon pebs bts rep_good nopl xtopology nonstop_tsc aperfmperf eagerfpu pni pclmulqdq dtes64 monitor ds_cpl vmx smx est tm2 ssse3 sdbg fma cx16 xtpr pdcm pcid sse4_1 sse4_2 x2apic movbe popcnt tsc_deadline_timer aes xsave avx f16c rdrand lahf_lm abm 3dnowprefetch epb intel_pt tpr_shadow vnmi flexpriority ept vpid fsgsbase tsc_adjust bmi1 hle avx2 smep bmi2 erms invpcid rtm mpx rdseed adx smap clflushopt xsaveopt xsavec xgetbv1 dtherm ida arat pln pts hwp hwp_notify hwp_act_window hwp_epp
bugs		:
bogomips	: 5616.36
clflush size	: 64
cache_alignment	: 64
address sizes	: 39 bits physical, 48 bits virtual
power management:

processor	: 2
vendor_id	: GenuineIntel
cpu family	: 6
model		: 94
model name	: Intel(R) Core(TM) i7-6700T CPU @ 2.80GHz
stepping	: 3
microcode	: 0xa6
cpu MHz		: 2682.531
cache size	: 8192 KB
physical id	: 0
siblings	: 8
core id		: 2
cpu cores	: 4
apicid		: 4
initial apicid	: 4
fpu		: yes
fpu_exception	: yes
cpuid level	: 22
wp		: yes
flags		: fpu vme de pse tsc msr pae mce cx8 apic sep mtrr pge mca cmov pat pse36 clflush dts acpi mmx fxsr sse sse2 ss ht tm pbe syscall nx pdpe1gb rdtscp lm constant_tsc art arch_perfmon pebs bts rep_good nopl xtopology nonstop_tsc aperfmperf eagerfpu pni pclmulqdq dtes64 monitor ds_cpl vmx smx est tm2 ssse3 sdbg fma cx16 xtpr pdcm pcid sse4_1 sse4_2 x2apic movbe popcnt tsc_deadline_timer aes xsave avx f16c rdrand lahf_lm abm 3dnowprefetch epb intel_pt tpr_shadow vnmi flexpriority ept vpid fsgsbase tsc_adjust bmi1 hle avx2 smep bmi2 erms invpcid rtm mpx rdseed adx smap clflushopt xsaveopt xsavec xgetbv1 dtherm ida arat pln pts hwp hwp_notify hwp_act_window hwp_epp
bugs		:
bogomips	: 5616.36
clflush size	: 64
cache_alignment	: 64
address sizes	: 39 bits physical, 48 bits virtual
power management:

processor	: 3
vendor_id	: GenuineIntel
cpu family	: 6
model		: 94
model name	: Intel(R) Core(TM) i7-6700T CPU @ 2.80GHz
stepping	: 3
microcode	: 0xa6
cpu MHz		: 2699.921
cache size	: 8192 KB
physical id	: 0
siblings	: 8
core id		: 3
cpu cores	: 4
apicid		: 6
initial apicid	: 6
fpu		: yes
fpu_exception	: yes
cpuid level	: 22
wp		: yes
flags		: fpu vme de pse tsc msr pae mce cx8 apic sep mtrr pge mca cmov pat pse36 clflush dts acpi mmx fxsr sse sse2 ss ht tm pbe syscall nx pdpe1gb rdtscp lm constant_tsc art arch_perfmon pebs bts rep_good nopl xtopology nonstop_tsc aperfmperf eagerfpu pni pclmulqdq dtes64 monitor ds_cpl vmx smx est tm2 ssse3 sdbg fma cx16 xtpr pdcm pcid sse4_1 sse4_2 x2apic movbe popcnt tsc_deadline_timer aes xsave avx f16c rdrand lahf_lm abm 3dnowprefetch epb intel_pt tpr_shadow vnmi flexpriority ept vpid fsgsbase tsc_adjust bmi1 hle avx2 smep bmi2 erms invpcid rtm mpx rdseed adx smap clflushopt xsaveopt xsavec xgetbv1 dtherm ida arat pln pts hwp hwp_notify hwp_act_window hwp_epp
bugs		:
bogomips	: 5616.36
clflush size	: 64
cache_alignment	: 64
address sizes	: 39 bits physical, 48 bits virtual
power management:

processor	: 4
vendor_id	: GenuineIntel
cpu family	: 6
model		: 94
model name	: Intel(R) Core(TM) i7-6700T CPU @ 2.80GHz
stepping	: 3
microcode	: 0xa6
cpu MHz		: 2682.531
cache size	: 8192 KB
physical id	: 0
siblings	: 8
core id		: 0
cpu cores	: 4
apicid		: 1
initial apicid	: 1
fpu		: yes
fpu_exception	: yes
cpuid level	: 22
wp		: yes
flags		: fpu vme de pse tsc msr pae mce cx8 apic sep mtrr pge mca cmov pat pse36 clflush dts acpi mmx fxsr sse sse2 ss ht tm pbe syscall nx pdpe1gb rdtscp lm constant_tsc art arch_perfmon pebs bts rep_good nopl xtopology nonstop_tsc aperfmperf eagerfpu pni pclmulqdq dtes64 monitor ds_cpl vmx smx est tm2 ssse3 sdbg fma cx16 xtpr pdcm pcid sse4_1 sse4_2 x2apic movbe popcnt tsc_deadline_timer aes xsave avx f16c rdrand lahf_lm abm 3dnowprefetch epb intel_pt tpr_shadow vnmi flexpriority ept vpid fsgsbase tsc_adjust bmi1 hle avx2 smep bmi2 erms invpcid rtm mpx rdseed adx smap clflushopt xsaveopt xsavec xgetbv1 dtherm ida arat pln pts hwp hwp_notify hwp_act_window hwp_epp
bugs		:
bogomips	: 5616.36
clflush size	: 64
cache_alignment	: 64
address sizes	: 39 bits physical, 48 bits virtual
power management:

processor	: 5
vendor_id	: GenuineIntel
cpu family	: 6
model		: 94
model name	: Intel(R) Core(TM) i7-6700T CPU @ 2.80GHz
stepping	: 3
microcode	: 0xa6
cpu MHz		: 2682.093
cache size	: 8192 KB
physical id	: 0
siblings	: 8
core id		: 1
cpu cores	: 4
apicid		: 3
initial apicid	: 3
fpu		: yes
fpu_exception	: yes
cpuid level	: 22
wp		: yes
flags		: fpu vme de pse tsc msr pae mce cx8 apic sep mtrr pge mca cmov pat pse36 clflush dts acpi mmx fxsr sse sse2 ss ht tm pbe syscall nx pdpe1gb rdtscp lm constant_tsc art arch_perfmon pebs bts rep_good nopl xtopology nonstop_tsc aperfmperf eagerfpu pni pclmulqdq dtes64 monitor ds_cpl vmx smx est tm2 ssse3 sdbg fma cx16 xtpr pdcm pcid sse4_1 sse4_2 x2apic movbe popcnt tsc_deadline_timer aes xsave avx f16c rdrand lahf_lm abm 3dnowprefetch epb intel_pt tpr_shadow vnmi flexpriority ept vpid fsgsbase tsc_adjust bmi1 hle avx2 smep bmi2 erms invpcid rtm mpx rdseed adx smap clflushopt xsaveopt xsavec xgetbv1 dtherm ida arat pln pts hwp hwp_notify hwp_act_window hwp_epp
bugs		:
bogomips	: 5616.36
clflush size	: 64
cache_alignment	: 64
address sizes	: 39 bits physical, 48 bits virtual
power management:

processor	: 6
vendor_id	: GenuineIntel
cpu family	: 6
model		: 94
model name	: Intel(R) Core(TM) i7-6700T CPU @ 2.80GHz
stepping	: 3
microcode	: 0xa6
cpu MHz		: 2682.531
cache size	: 8192 KB
physical id	: 0
siblings	: 8
core id		: 2
cpu cores	: 4
apicid		: 5
initial apicid	: 5
fpu		: yes
fpu_exception	: yes
cpuid level	: 22
wp		: yes
flags		: fpu vme de pse tsc msr pae mce cx8 apic sep mtrr pge mca cmov pat pse36 clflush dts acpi mmx fxsr sse sse2 ss ht tm pbe syscall nx pdpe1gb rdtscp lm constant_tsc art arch_perfmon pebs bts rep_good nopl xtopology nonstop_tsc aperfmperf eagerfpu pni pclmulqdq dtes64 monitor ds_cpl vmx smx est tm2 ssse3 sdbg fma cx16 xtpr pdcm pcid sse4_1 sse4_2 x2apic movbe popcnt tsc_deadline_timer aes xsave avx f16c rdrand lahf_lm abm 3dnowprefetch epb intel_pt tpr_shadow vnmi flexpriority ept vpid fsgsbase tsc_adjust bmi1 hle avx2 smep bmi2 erms invpcid rtm mpx rdseed adx smap clflushopt xsaveopt xsavec xgetbv1 dtherm ida arat pln pts hwp hwp_notify hwp_act_window hwp_epp
bugs		:
bogomips	: 5616.36
clflush size	: 64
cache_alignment	: 64
address sizes	: 39 bits physical, 48 bits virtual
power management:

processor	: 7
vendor_id	: GenuineIntel
cpu family	: 6
model		: 94
model name	: Intel(R) Core(TM) i7-6700T CPU @ 2.80GHz
stepping	: 3
microcode	: 0xa6
cpu MHz		: 2689.968
cache size	: 8192 KB
physical id	: 0
siblings	: 8
core id		: 3
cpu cores	: 4
apicid		: 7
initial apicid	: 7
fpu		: yes
fpu_exception	: yes
cpuid level	: 22
wp		: yes
flags		: fpu vme de pse tsc msr pae mce cx8 apic sep mtrr pge mca cmov pat pse36 clflush dts acpi mmx fxsr sse sse2 ss ht tm pbe syscall nx pdpe1gb rdtscp lm constant_tsc art arch_perfmon pebs bts rep_good nopl xtopology nonstop_tsc aperfmperf eagerfpu pni pclmulqdq dtes64 monitor ds_cpl vmx smx est tm2 ssse3 sdbg fma cx16 xtpr pdcm pcid sse4_1 sse4_2 x2apic movbe popcnt tsc_deadline_timer aes xsave avx f16c rdrand lahf_lm abm 3dnowprefetch epb intel_pt tpr_shadow vnmi flexpriority ept vpid fsgsbase tsc_adjust bmi1 hle avx2 smep bmi2 erms invpcid rtm mpx rdseed adx smap clflushopt xsaveopt xsavec xgetbv1 dtherm ida arat pln pts hwp hwp_notify hwp_act_window hwp_epp
bugs		:
bogomips	: 5616.36
clflush size	: 64
cache_alignment	: 64
address sizes	: 39 bits physical, 48 bits virtual
power management:



Memory: 4k page, physical 16257156k(434848k free), swap 16601084k(72692k free)

vm_info: Java HotSpot(TM) 64-Bit Server VM (25.121-b13) for linux-amd64 JRE (1.8.0_121-b13), built on Dec 12 2016 16:36:53 by "java_re" with gcc 4.3.0 20080428 (Red Hat 4.3.0-8)

time: Fri Jul  7 16:36:04 2017
elapsed time: 27 seconds (0d 0h 0m 27s)

